The system is: Windows - 10.0.17134 - AMD64
Compiling the C compiler identification source file "CMakeCCompilerId.c" succeeded.
Compiler: C:/Qt/Tools/mingw530_32/bin/gcc.exe 
Build flags: 
Id flags: 

The output was:
0


Compilation of the C compiler identification source "CMakeCCompilerId.c" produced "a.exe"

The C compiler identification is GNU, found in "C:/Users/THP/Desktop/Unibern/2018_02/Subjects/C_plus_plus_II/designpattern-master/designpattern-master/build-producerConsumerPattern-Desktop_Qt_5_10_0_MinGW_32bit-Default/CMakeFiles/3.7.2/CompilerIdC/a.exe"

Compiling the CXX compiler identification source file "CMakeCXXCompilerId.cpp" succeeded.
Compiler: C:/Qt/Tools/mingw530_32/bin/g++.exe 
Build flags: 
Id flags: 

The output was:
0


Compilation of the CXX compiler identification source "CMakeCXXCompilerId.cpp" produced "a.exe"

The CXX compiler identification is GNU, found in "C:/Users/THP/Desktop/Unibern/2018_02/Subjects/C_plus_plus_II/designpattern-master/designpattern-master/build-producerConsumerPattern-Desktop_Qt_5_10_0_MinGW_32bit-Default/CMakeFiles/3.7.2/CompilerIdCXX/a.exe"

Determining if the C compiler works passed with the following output:
Change Dir: C:/Users/THP/Desktop/Unibern/2018_02/Subjects/C_plus_plus_II/designpattern-master/designpattern-master/build-producerConsumerPattern-Desktop_Qt_5_10_0_MinGW_32bit-Default/CMakeFiles/CMakeTmp

Run Build Command:"C:/Qt/Tools/mingw530_32/bin/mingw32-make.exe" "cmTC_41130/fast"
C:/Qt/Tools/mingw530_32/bin/mingw32-make.exe -f CMakeFiles\cmTC_41130.dir\build.make CMakeFiles/cmTC_41130.dir/build
mingw32-make.exe[1]: Entering directory 'C:/Users/THP/Desktop/Unibern/2018_02/Subjects/C_plus_plus_II/designpattern-master/designpattern-master/build-producerConsumerPattern-Desktop_Qt_5_10_0_MinGW_32bit-Default/CMakeFiles/CMakeTmp'
Building C object CMakeFiles/cmTC_41130.dir/testCCompiler.c.obj
C:\Qt\Tools\mingw530_32\bin\gcc.exe     -o CMakeFiles\cmTC_41130.dir\testCCompiler.c.obj   -c C:\Users\THP\Desktop\Unibern\2018_02\Subjects\C_plus_plus_II\designpattern-master\designpattern-master\build-producerConsumerPattern-Desktop_Qt_5_10_0_MinGW_32bit-Default\CMakeFiles\CMakeTmp\testCCompiler.c
Linking C executable cmTC_41130.exe
"C:\Program Files\CMake\bin\cmake.exe" -E cmake_link_script CMakeFiles\cmTC_41130.dir\link.txt --verbose=1
"C:\Program Files\CMake\bin\cmake.exe" -E remove -f CMakeFiles\cmTC_41130.dir/objects.a
C:\Qt\Tools\mingw530_32\bin\ar.exe cr CMakeFiles\cmTC_41130.dir/objects.a @CMakeFiles\cmTC_41130.dir\objects1.rsp
C:\Qt\Tools\mingw530_32\bin\gcc.exe       -Wl,--whole-archive CMakeFiles\cmTC_41130.dir/objects.a -Wl,--no-whole-archive  -o cmTC_41130.exe -Wl,--out-implib,libcmTC_41130.dll.a -Wl,--major-image-version,0,--minor-image-version,0 @CMakeFiles\cmTC_41130.dir\linklibs.rsp
mingw32-make.exe[1]: Leaving directory 'C:/Users/THP/Desktop/Unibern/2018_02/Subjects/C_plus_plus_II/designpattern-master/designpattern-master/build-producerConsumerPattern-Desktop_Qt_5_10_0_MinGW_32bit-Default/CMakeFiles/CMakeTmp'


Detecting C compiler ABI info compiled with the following output:
Change Dir: C:/Users/THP/Desktop/Unibern/2018_02/Subjects/C_plus_plus_II/designpattern-master/designpattern-master/build-producerConsumerPattern-Desktop_Qt_5_10_0_MinGW_32bit-Default/CMakeFiles/CMakeTmp

Run Build Command:"C:/Qt/Tools/mingw530_32/bin/mingw32-make.exe" "cmTC_ba4ac/fast"
C:/Qt/Tools/mingw530_32/bin/mingw32-make.exe -f CMakeFiles\cmTC_ba4ac.dir\build.make CMakeFiles/cmTC_ba4ac.dir/build
mingw32-make.exe[1]: Entering directory 'C:/Users/THP/Desktop/Unibern/2018_02/Subjects/C_plus_plus_II/designpattern-master/designpattern-master/build-producerConsumerPattern-Desktop_Qt_5_10_0_MinGW_32bit-Default/CMakeFiles/CMakeTmp'
Building C object CMakeFiles/cmTC_ba4ac.dir/CMakeCCompilerABI.c.obj
C:\Qt\Tools\mingw530_32\bin\gcc.exe     -o CMakeFiles\cmTC_ba4ac.dir\CMakeCCompilerABI.c.obj   -c "C:\Program Files\CMake\share\cmake-3.7\Modules\CMakeCCompilerABI.c"
Linking C executable cmTC_ba4ac.exe
"C:\Program Files\CMake\bin\cmake.exe" -E cmake_link_script CMakeFiles\cmTC_ba4ac.dir\link.txt --verbose=1
"C:\Program Files\CMake\bin\cmake.exe" -E remove -f CMakeFiles\cmTC_ba4ac.dir/objects.a
C:\Qt\Tools\mingw530_32\bin\ar.exe cr CMakeFiles\cmTC_ba4ac.dir/objects.a @CMakeFiles\cmTC_ba4ac.dir\objects1.rsp
C:\Qt\Tools\mingw530_32\bin\gcc.exe      -v -Wl,--whole-archive CMakeFiles\cmTC_ba4ac.dir/objects.a -Wl,--no-whole-archive  -o cmTC_ba4ac.exe -Wl,--out-implib,libcmTC_ba4ac.dll.a -Wl,--major-image-version,0,--minor-image-version,0   
Using built-in specs.
COLLECT_GCC=C:\Qt\Tools\mingw530_32\bin\gcc.exe
COLLECT_LTO_WRAPPER=C:/Qt/Tools/mingw530_32/bin/../libexec/gcc/i686-w64-mingw32/5.3.0/lto-wrapper.exe
Target: i686-w64-mingw32
Configured with: ../../../src/gcc-5.3.0/configure --host=i686-w64-mingw32 --build=i686-w64-mingw32 --target=i686-w64-mingw32 --prefix=/mingw32 --with-sysroot=/c/mingw530/i686-530-posix-dwarf-rt_v4-rev0/mingw32 --with-gxx-include-dir=/mingw32/i686-w64-mingw32/include/c++ --enable-shared --enable-static --disable-multilib --enable-languages=c,c++,fortran,lto --enable-libstdcxx-time=yes --enable-threads=posix --enable-libgomp --enable-libatomic --enable-lto --enable-graphite --enable-checking=release --enable-fully-dynamic-string --enable-version-specific-runtime-libs --disable-sjlj-exceptions --with-dwarf2 --disable-isl-version-check --disable-libstdcxx-pch --disable-libstdcxx-debug --enable-bootstrap --disable-rpath --disable-win32-registry --disable-nls --disable-werror --disable-symvers --with-gnu-as --with-gnu-ld --with-arch=i686 --with-tune=generic --with-libiconv --with-system-zlib --with-gmp=/c/mingw530/prerequisites/i686-w64-mingw32-static --with-mpfr=/c/mingw530/prerequisites/i686-w64-mingw32-static --with-mpc=/c/mingw530/prerequisites/i686-w64-mingw32-static --with-isl=/c/mingw530/prerequisites/i686-w64-mingw32-static --with-pkgversion='i686-posix-dwarf-rev0, Built by MinGW-W64 project' --with-bugurl=http://sourceforge.net/projects/mingw-w64 CFLAGS='-O2 -pipe -I/c/mingw530/i686-530-posix-dwarf-rt_v4-rev0/mingw32/opt/include -I/c/mingw530/prerequisites/i686-zlib-static/include -I/c/mingw530/prerequisites/i686-w64-mingw32-static/include' CXXFLAGS='-O2 -pipe -I/c/mingw530/i686-530-posix-dwarf-rt_v4-rev0/mingw32/opt/include -I/c/mingw530/prerequisites/i686-zlib-static/include -I/c/mingw530/prerequisites/i686-w64-mingw32-static/include' CPPFLAGS= LDFLAGS='-pipe -L/c/mingw530/i686-530-posix-dwarf-rt_v4-rev0/mingw32/opt/lib -L/c/mingw530/prerequisites/i686-zlib-static/lib -L/c/mingw530/prerequisites/i686-w64-mingw32-static/lib -Wl,--large-address-aware'
Thread model: posix
gcc version 5.3.0 (i686-posix-dwarf-rev0, Built by MinGW-W64 project) 
COMPILER_PATH=C:/Qt/Tools/mingw530_32/bin/../libexec/gcc/i686-w64-mingw32/5.3.0/;C:/Qt/Tools/mingw530_32/bin/../libexec/gcc/;C:/Qt/Tools/mingw530_32/bin/../lib/gcc/i686-w64-mingw32/5.3.0/../../../../i686-w64-mingw32/bin/
LIBRARY_PATH=C:/Qt/Tools/mingw530_32/bin/../lib/gcc/i686-w64-mingw32/5.3.0/;C:/Qt/Tools/mingw530_32/bin/../lib/gcc/;C:/Qt/Tools/mingw530_32/bin/../lib/gcc/i686-w64-mingw32/5.3.0/../../../../i686-w64-mingw32/lib/../lib/;C:/Qt/Tools/mingw530_32/bin/../lib/gcc/i686-w64-mingw32/5.3.0/../../../../lib/;C:/Qt/Tools/mingw530_32/bin/../lib/gcc/i686-w64-mingw32/5.3.0/../../../../i686-w64-mingw32/lib/;C:/Qt/Tools/mingw530_32/bin/../lib/gcc/i686-w64-mingw32/5.3.0/../../../
COLLECT_GCC_OPTIONS='-v' '-o' 'cmTC_ba4ac.exe' '-mtune=generic' '-march=i686'
 C:/Qt/Tools/mingw530_32/bin/../libexec/gcc/i686-w64-mingw32/5.3.0/collect2.exe -plugin C:/Qt/Tools/mingw530_32/bin/../libexec/gcc/i686-w64-mingw32/5.3.0/liblto_plugin-0.dll -plugin-opt=C:/Qt/Tools/mingw530_32/bin/../libexec/gcc/i686-w64-mingw32/5.3.0/lto-wrapper.exe -plugin-opt=-fresolution=C:\Users\THP\AppData\Local\Temp\ccKg8rBK.res -plugin-opt=-pass-through=-lmingw32 -plugin-opt=-pass-through=-lgcc -plugin-opt=-pass-through=-lgcc_eh -plugin-opt=-pass-through=-lmoldname -plugin-opt=-pass-through=-lmingwex -plugin-opt=-pass-through=-lmsvcrt -plugin-opt=-pass-through=-lpthread -plugin-opt=-pass-through=-ladvapi32 -plugin-opt=-pass-through=-lshell32 -plugin-opt=-pass-through=-luser32 -plugin-opt=-pass-through=-lkernel32 -plugin-opt=-pass-through=-liconv -plugin-opt=-pass-through=-lmingw32 -plugin-opt=-pass-through=-lgcc -plugin-opt=-pass-through=-lgcc_eh -plugin-opt=-pass-through=-lmoldname -plugin-opt=-pass-through=-lmingwex -plugin-opt=-pass-through=-lmsvcrt --sysroot=C:/mingw530/i686-530-posix-dwarf-rt_v4-rev0/mingw32 -m i386pe -Bdynamic -o cmTC_ba4ac.exe C:/Qt/Tools/mingw530_32/bin/../lib/gcc/i686-w64-mingw32/5.3.0/../../../../i686-w64-mingw32/lib/../lib/crt2.o C:/Qt/Tools/mingw530_32/bin/../lib/gcc/i686-w64-mingw32/5.3.0/crtbegin.o -LC:/Qt/Tools/mingw530_32/bin/../lib/gcc/i686-w64-mingw32/5.3.0 -LC:/Qt/Tools/mingw530_32/bin/../lib/gcc -LC:/Qt/Tools/mingw530_32/bin/../lib/gcc/i686-w64-mingw32/5.3.0/../../../../i686-w64-mingw32/lib/../lib -LC:/Qt/Tools/mingw530_32/bin/../lib/gcc/i686-w64-mingw32/5.3.0/../../../../lib -LC:/Qt/Tools/mingw530_32/bin/../lib/gcc/i686-w64-mingw32/5.3.0/../../../../i686-w64-mingw32/lib -LC:/Qt/Tools/mingw530_32/bin/../lib/gcc/i686-w64-mingw32/5.3.0/../../.. --whole-archive CMakeFiles\cmTC_ba4ac.dir/objects.a --no-whole-archive --out-implib libcmTC_ba4ac.dll.a --major-image-version 0 --minor-image-version 0 -lmingw32 -lgcc -lgcc_eh -lmoldname -lmingwex -lmsvcrt -lpthread -ladvapi32 -lshell32 -luser32 -lkernel32 -liconv -lmingw32 -lgcc -lgcc_eh -lmoldname -lmingwex -lmsvcrt C:/Qt/Tools/mingw530_32/bin/../lib/gcc/i686-w64-mingw32/5.3.0/crtend.o
mingw32-make.exe[1]: Leaving directory 'C:/Users/THP/Desktop/Unibern/2018_02/Subjects/C_plus_plus_II/designpattern-master/designpattern-master/build-producerConsumerPattern-Desktop_Qt_5_10_0_MinGW_32bit-Default/CMakeFiles/CMakeTmp'


Parsed C implicit link information from above output:
  link line regex: [^( *|.*[/\])(ld\.exe|([^/\]+-)?ld|collect2)[^/\]*( |$)]
  ignore line: [Change Dir: C:/Users/THP/Desktop/Unibern/2018_02/Subjects/C_plus_plus_II/designpattern-master/designpattern-master/build-producerConsumerPattern-Desktop_Qt_5_10_0_MinGW_32bit-Default/CMakeFiles/CMakeTmp]
  ignore line: []
  ignore line: [Run Build Command:"C:/Qt/Tools/mingw530_32/bin/mingw32-make.exe" "cmTC_ba4ac/fast"]
  ignore line: [C:/Qt/Tools/mingw530_32/bin/mingw32-make.exe -f CMakeFiles\cmTC_ba4ac.dir\build.make CMakeFiles/cmTC_ba4ac.dir/build]
  ignore line: [mingw32-make.exe[1]: Entering directory 'C:/Users/THP/Desktop/Unibern/2018_02/Subjects/C_plus_plus_II/designpattern-master/designpattern-master/build-producerConsumerPattern-Desktop_Qt_5_10_0_MinGW_32bit-Default/CMakeFiles/CMakeTmp']
  ignore line: [Building C object CMakeFiles/cmTC_ba4ac.dir/CMakeCCompilerABI.c.obj]
  ignore line: [C:\Qt\Tools\mingw530_32\bin\gcc.exe     -o CMakeFiles\cmTC_ba4ac.dir\CMakeCCompilerABI.c.obj   -c "C:\Program Files\CMake\share\cmake-3.7\Modules\CMakeCCompilerABI.c"]
  ignore line: [Linking C executable cmTC_ba4ac.exe]
  ignore line: ["C:\Program Files\CMake\bin\cmake.exe" -E cmake_link_script CMakeFiles\cmTC_ba4ac.dir\link.txt --verbose=1]
  ignore line: ["C:\Program Files\CMake\bin\cmake.exe" -E remove -f CMakeFiles\cmTC_ba4ac.dir/objects.a]
  ignore line: [C:\Qt\Tools\mingw530_32\bin\ar.exe cr CMakeFiles\cmTC_ba4ac.dir/objects.a @CMakeFiles\cmTC_ba4ac.dir\objects1.rsp]
  ignore line: [C:\Qt\Tools\mingw530_32\bin\gcc.exe      -v -Wl,--whole-archive CMakeFiles\cmTC_ba4ac.dir/objects.a -Wl,--no-whole-archive  -o cmTC_ba4ac.exe -Wl,--out-implib,libcmTC_ba4ac.dll.a -Wl,--major-image-version,0,--minor-image-version,0   ]
  ignore line: [Using built-in specs.]
  ignore line: [COLLECT_GCC=C:\Qt\Tools\mingw530_32\bin\gcc.exe]
  ignore line: [COLLECT_LTO_WRAPPER=C:/Qt/Tools/mingw530_32/bin/../libexec/gcc/i686-w64-mingw32/5.3.0/lto-wrapper.exe]
  ignore line: [Target: i686-w64-mingw32]
  ignore line: [Configured with: ../../../src/gcc-5.3.0/configure --host=i686-w64-mingw32 --build=i686-w64-mingw32 --target=i686-w64-mingw32 --prefix=/mingw32 --with-sysroot=/c/mingw530/i686-530-posix-dwarf-rt_v4-rev0/mingw32 --with-gxx-include-dir=/mingw32/i686-w64-mingw32/include/c++ --enable-shared --enable-static --disable-multilib --enable-languages=c,c++,fortran,lto --enable-libstdcxx-time=yes --enable-threads=posix --enable-libgomp --enable-libatomic --enable-lto --enable-graphite --enable-checking=release --enable-fully-dynamic-string --enable-version-specific-runtime-libs --disable-sjlj-exceptions --with-dwarf2 --disable-isl-version-check --disable-libstdcxx-pch --disable-libstdcxx-debug --enable-bootstrap --disable-rpath --disable-win32-registry --disable-nls --disable-werror --disable-symvers --with-gnu-as --with-gnu-ld --with-arch=i686 --with-tune=generic --with-libiconv --with-system-zlib --with-gmp=/c/mingw530/prerequisites/i686-w64-mingw32-static --with-mpfr=/c/mingw530/prerequisites/i686-w64-mingw32-static --with-mpc=/c/mingw530/prerequisites/i686-w64-mingw32-static --with-isl=/c/mingw530/prerequisites/i686-w64-mingw32-static --with-pkgversion='i686-posix-dwarf-rev0, Built by MinGW-W64 project' --with-bugurl=http://sourceforge.net/projects/mingw-w64 CFLAGS='-O2 -pipe -I/c/mingw530/i686-530-posix-dwarf-rt_v4-rev0/mingw32/opt/include -I/c/mingw530/prerequisites/i686-zlib-static/include -I/c/mingw530/prerequisites/i686-w64-mingw32-static/include' CXXFLAGS='-O2 -pipe -I/c/mingw530/i686-530-posix-dwarf-rt_v4-rev0/mingw32/opt/include -I/c/mingw530/prerequisites/i686-zlib-static/include -I/c/mingw530/prerequisites/i686-w64-mingw32-static/include' CPPFLAGS= LDFLAGS='-pipe -L/c/mingw530/i686-530-posix-dwarf-rt_v4-rev0/mingw32/opt/lib -L/c/mingw530/prerequisites/i686-zlib-static/lib -L/c/mingw530/prerequisites/i686-w64-mingw32-static/lib -Wl,--large-address-aware']
  ignore line: [Thread model: posix]
  ignore line: [gcc version 5.3.0 (i686-posix-dwarf-rev0, Built by MinGW-W64 project) ]
  ignore line: [COMPILER_PATH=C:/Qt/Tools/mingw530_32/bin/../libexec/gcc/i686-w64-mingw32/5.3.0/]
  ignore line: [C:/Qt/Tools/mingw530_32/bin/../libexec/gcc/]
  ignore line: [C:/Qt/Tools/mingw530_32/bin/../lib/gcc/i686-w64-mingw32/5.3.0/../../../../i686-w64-mingw32/bin/]
  ignore line: [LIBRARY_PATH=C:/Qt/Tools/mingw530_32/bin/../lib/gcc/i686-w64-mingw32/5.3.0/]
  ignore line: [C:/Qt/Tools/mingw530_32/bin/../lib/gcc/]
  ignore line: [C:/Qt/Tools/mingw530_32/bin/../lib/gcc/i686-w64-mingw32/5.3.0/../../../../i686-w64-mingw32/lib/../lib/]
  ignore line: [C:/Qt/Tools/mingw530_32/bin/../lib/gcc/i686-w64-mingw32/5.3.0/../../../../lib/]
  ignore line: [C:/Qt/Tools/mingw530_32/bin/../lib/gcc/i686-w64-mingw32/5.3.0/../../../../i686-w64-mingw32/lib/]
  ignore line: [C:/Qt/Tools/mingw530_32/bin/../lib/gcc/i686-w64-mingw32/5.3.0/../../../]
  ignore line: [COLLECT_GCC_OPTIONS='-v' '-o' 'cmTC_ba4ac.exe' '-mtune=generic' '-march=i686']
  link line: [ C:/Qt/Tools/mingw530_32/bin/../libexec/gcc/i686-w64-mingw32/5.3.0/collect2.exe -plugin C:/Qt/Tools/mingw530_32/bin/../libexec/gcc/i686-w64-mingw32/5.3.0/liblto_plugin-0.dll -plugin-opt=C:/Qt/Tools/mingw530_32/bin/../libexec/gcc/i686-w64-mingw32/5.3.0/lto-wrapper.exe -plugin-opt=-fresolution=C:\Users\THP\AppData\Local\Temp\ccKg8rBK.res -plugin-opt=-pass-through=-lmingw32 -plugin-opt=-pass-through=-lgcc -plugin-opt=-pass-through=-lgcc_eh -plugin-opt=-pass-through=-lmoldname -plugin-opt=-pass-through=-lmingwex -plugin-opt=-pass-through=-lmsvcrt -plugin-opt=-pass-through=-lpthread -plugin-opt=-pass-through=-ladvapi32 -plugin-opt=-pass-through=-lshell32 -plugin-opt=-pass-through=-luser32 -plugin-opt=-pass-through=-lkernel32 -plugin-opt=-pass-through=-liconv -plugin-opt=-pass-through=-lmingw32 -plugin-opt=-pass-through=-lgcc -plugin-opt=-pass-through=-lgcc_eh -plugin-opt=-pass-through=-lmoldname -plugin-opt=-pass-through=-lmingwex -plugin-opt=-pass-through=-lmsvcrt --sysroot=C:/mingw530/i686-530-posix-dwarf-rt_v4-rev0/mingw32 -m i386pe -Bdynamic -o cmTC_ba4ac.exe C:/Qt/Tools/mingw530_32/bin/../lib/gcc/i686-w64-mingw32/5.3.0/../../../../i686-w64-mingw32/lib/../lib/crt2.o C:/Qt/Tools/mingw530_32/bin/../lib/gcc/i686-w64-mingw32/5.3.0/crtbegin.o -LC:/Qt/Tools/mingw530_32/bin/../lib/gcc/i686-w64-mingw32/5.3.0 -LC:/Qt/Tools/mingw530_32/bin/../lib/gcc -LC:/Qt/Tools/mingw530_32/bin/../lib/gcc/i686-w64-mingw32/5.3.0/../../../../i686-w64-mingw32/lib/../lib -LC:/Qt/Tools/mingw530_32/bin/../lib/gcc/i686-w64-mingw32/5.3.0/../../../../lib -LC:/Qt/Tools/mingw530_32/bin/../lib/gcc/i686-w64-mingw32/5.3.0/../../../../i686-w64-mingw32/lib -LC:/Qt/Tools/mingw530_32/bin/../lib/gcc/i686-w64-mingw32/5.3.0/../../.. --whole-archive CMakeFiles\cmTC_ba4ac.dir/objects.a --no-whole-archive --out-implib libcmTC_ba4ac.dll.a --major-image-version 0 --minor-image-version 0 -lmingw32 -lgcc -lgcc_eh -lmoldname -lmingwex -lmsvcrt -lpthread -ladvapi32 -lshell32 -luser32 -lkernel32 -liconv -lmingw32 -lgcc -lgcc_eh -lmoldname -lmingwex -lmsvcrt C:/Qt/Tools/mingw530_32/bin/../lib/gcc/i686-w64-mingw32/5.3.0/crtend.o]
    arg [C:/Qt/Tools/mingw530_32/bin/../libexec/gcc/i686-w64-mingw32/5.3.0/collect2.exe] ==> ignore
    arg [-plugin] ==> ignore
    arg [C:/Qt/Tools/mingw530_32/bin/../libexec/gcc/i686-w64-mingw32/5.3.0/liblto_plugin-0.dll] ==> ignore
    arg [-plugin-opt=C:/Qt/Tools/mingw530_32/bin/../libexec/gcc/i686-w64-mingw32/5.3.0/lto-wrapper.exe] ==> ignore
    arg [-plugin-opt=-fresolution=C:\Users\THP\AppData\Local\Temp\ccKg8rBK.res] ==> ignore
    arg [-plugin-opt=-pass-through=-lmingw32] ==> ignore
    arg [-plugin-opt=-pass-through=-lgcc] ==> ignore
    arg [-plugin-opt=-pass-through=-lgcc_eh] ==> ignore
    arg [-plugin-opt=-pass-through=-lmoldname] ==> ignore
    arg [-plugin-opt=-pass-through=-lmingwex] ==> ignore
    arg [-plugin-opt=-pass-through=-lmsvcrt] ==> ignore
    arg [-plugin-opt=-pass-through=-lpthread] ==> ignore
    arg [-plugin-opt=-pass-through=-ladvapi32] ==> ignore
    arg [-plugin-opt=-pass-through=-lshell32] ==> ignore
    arg [-plugin-opt=-pass-through=-luser32] ==> ignore
    arg [-plugin-opt=-pass-through=-lkernel32] ==> ignore
    arg [-plugin-opt=-pass-through=-liconv] ==> ignore
    arg [-plugin-opt=-pass-through=-lmingw32] ==> ignore
    arg [-plugin-opt=-pass-through=-lgcc] ==> ignore
    arg [-plugin-opt=-pass-through=-lgcc_eh] ==> ignore
    arg [-plugin-opt=-pass-through=-lmoldname] ==> ignore
    arg [-plugin-opt=-pass-through=-lmingwex] ==> ignore
    arg [-plugin-opt=-pass-through=-lmsvcrt] ==> ignore
    arg [--sysroot=C:/mingw530/i686-530-posix-dwarf-rt_v4-rev0/mingw32] ==> ignore
    arg [-m] ==> ignore
    arg [i386pe] ==> ignore
    arg [-Bdynamic] ==> ignore
    arg [-o] ==> ignore
    arg [cmTC_ba4ac.exe] ==> ignore
    arg [C:/Qt/Tools/mingw530_32/bin/../lib/gcc/i686-w64-mingw32/5.3.0/../../../../i686-w64-mingw32/lib/../lib/crt2.o] ==> ignore
    arg [C:/Qt/Tools/mingw530_32/bin/../lib/gcc/i686-w64-mingw32/5.3.0/crtbegin.o] ==> ignore
    arg [-LC:/Qt/Tools/mingw530_32/bin/../lib/gcc/i686-w64-mingw32/5.3.0] ==> dir [C:/Qt/Tools/mingw530_32/bin/../lib/gcc/i686-w64-mingw32/5.3.0]
    arg [-LC:/Qt/Tools/mingw530_32/bin/../lib/gcc] ==> dir [C:/Qt/Tools/mingw530_32/bin/../lib/gcc]
    arg [-LC:/Qt/Tools/mingw530_32/bin/../lib/gcc/i686-w64-mingw32/5.3.0/../../../../i686-w64-mingw32/lib/../lib] ==> dir [C:/Qt/Tools/mingw530_32/bin/../lib/gcc/i686-w64-mingw32/5.3.0/../../../../i686-w64-mingw32/lib/../lib]
    arg [-LC:/Qt/Tools/mingw530_32/bin/../lib/gcc/i686-w64-mingw32/5.3.0/../../../../lib] ==> dir [C:/Qt/Tools/mingw530_32/bin/../lib/gcc/i686-w64-mingw32/5.3.0/../../../../lib]
    arg [-LC:/Qt/Tools/mingw530_32/bin/../lib/gcc/i686-w64-mingw32/5.3.0/../../../../i686-w64-mingw32/lib] ==> dir [C:/Qt/Tools/mingw530_32/bin/../lib/gcc/i686-w64-mingw32/5.3.0/../../../../i686-w64-mingw32/lib]
    arg [-LC:/Qt/Tools/mingw530_32/bin/../lib/gcc/i686-w64-mingw32/5.3.0/../../..] ==> dir [C:/Qt/Tools/mingw530_32/bin/../lib/gcc/i686-w64-mingw32/5.3.0/../../..]
    arg [--whole-archive] ==> ignore
    arg [CMakeFiles\cmTC_ba4ac.dir/objects.a] ==> ignore
    arg [--no-whole-archive] ==> ignore
    arg [--out-implib] ==> ignore
    arg [libcmTC_ba4ac.dll.a] ==> ignore
    arg [--major-image-version] ==> ignore
    arg [0] ==> ignore
    arg [--minor-image-version] ==> ignore
    arg [0] ==> ignore
    arg [-lmingw32] ==> lib [mingw32]
    arg [-lgcc] ==> lib [gcc]
    arg [-lgcc_eh] ==> lib [gcc_eh]
    arg [-lmoldname] ==> lib [moldname]
    arg [-lmingwex] ==> lib [mingwex]
    arg [-lmsvcrt] ==> lib [msvcrt]
    arg [-lpthread] ==> lib [pthread]
    arg [-ladvapi32] ==> lib [advapi32]
    arg [-lshell32] ==> lib [shell32]
    arg [-luser32] ==> lib [user32]
    arg [-lkernel32] ==> lib [kernel32]
    arg [-liconv] ==> lib [iconv]
    arg [-lmingw32] ==> lib [mingw32]
    arg [-lgcc] ==> lib [gcc]
    arg [-lgcc_eh] ==> lib [gcc_eh]
    arg [-lmoldname] ==> lib [moldname]
    arg [-lmingwex] ==> lib [mingwex]
    arg [-lmsvcrt] ==> lib [msvcrt]
    arg [C:/Qt/Tools/mingw530_32/bin/../lib/gcc/i686-w64-mingw32/5.3.0/crtend.o] ==> ignore
  remove lib [gcc]
  remove lib [gcc_eh]
  remove lib [gcc]
  remove lib [gcc_eh]
  collapse library dir [C:/Qt/Tools/mingw530_32/bin/../lib/gcc/i686-w64-mingw32/5.3.0] ==> [C:/Qt/Tools/mingw530_32/lib/gcc/i686-w64-mingw32/5.3.0]
  collapse library dir [C:/Qt/Tools/mingw530_32/bin/../lib/gcc] ==> [C:/Qt/Tools/mingw530_32/lib/gcc]
  collapse library dir [C:/Qt/Tools/mingw530_32/bin/../lib/gcc/i686-w64-mingw32/5.3.0/../../../../i686-w64-mingw32/lib/../lib] ==> [C:/Qt/Tools/mingw530_32/i686-w64-mingw32/lib]
  collapse library dir [C:/Qt/Tools/mingw530_32/bin/../lib/gcc/i686-w64-mingw32/5.3.0/../../../../lib] ==> [C:/Qt/Tools/mingw530_32/lib]
  collapse library dir [C:/Qt/Tools/mingw530_32/bin/../lib/gcc/i686-w64-mingw32/5.3.0/../../../../i686-w64-mingw32/lib] ==> [C:/Qt/Tools/mingw530_32/i686-w64-mingw32/lib]
  collapse library dir [C:/Qt/Tools/mingw530_32/bin/../lib/gcc/i686-w64-mingw32/5.3.0/../../..] ==> [C:/Qt/Tools/mingw530_32/lib]
  implicit libs: [mingw32;moldname;mingwex;msvcrt;pthread;advapi32;shell32;user32;kernel32;iconv;mingw32;moldname;mingwex;msvcrt]
  implicit dirs: [C:/Qt/Tools/mingw530_32/lib/gcc/i686-w64-mingw32/5.3.0;C:/Qt/Tools/mingw530_32/lib/gcc;C:/Qt/Tools/mingw530_32/i686-w64-mingw32/lib;C:/Qt/Tools/mingw530_32/lib]
  implicit fwks: []




Detecting C [-std=c11] compiler features compiled with the following output:
Change Dir: C:/Users/THP/Desktop/Unibern/2018_02/Subjects/C_plus_plus_II/designpattern-master/designpattern-master/build-producerConsumerPattern-Desktop_Qt_5_10_0_MinGW_32bit-Default/CMakeFiles/CMakeTmp

Run Build Command:"C:/Qt/Tools/mingw530_32/bin/mingw32-make.exe" "cmTC_08bbc/fast"
C:/Qt/Tools/mingw530_32/bin/mingw32-make.exe -f CMakeFiles\cmTC_08bbc.dir\build.make CMakeFiles/cmTC_08bbc.dir/build
mingw32-make.exe[1]: Entering directory 'C:/Users/THP/Desktop/Unibern/2018_02/Subjects/C_plus_plus_II/designpattern-master/designpattern-master/build-producerConsumerPattern-Desktop_Qt_5_10_0_MinGW_32bit-Default/CMakeFiles/CMakeTmp'
Building C object CMakeFiles/cmTC_08bbc.dir/feature_tests.c.obj
C:\Qt\Tools\mingw530_32\bin\gcc.exe    -std=c11 -o CMakeFiles\cmTC_08bbc.dir\feature_tests.c.obj   -c C:\Users\THP\Desktop\Unibern\2018_02\Subjects\C_plus_plus_II\designpattern-master\designpattern-master\build-producerConsumerPattern-Desktop_Qt_5_10_0_MinGW_32bit-Default\CMakeFiles\feature_tests.c
Linking C executable cmTC_08bbc.exe
"C:\Program Files\CMake\bin\cmake.exe" -E cmake_link_script CMakeFiles\cmTC_08bbc.dir\link.txt --verbose=1
"C:\Program Files\CMake\bin\cmake.exe" -E remove -f CMakeFiles\cmTC_08bbc.dir/objects.a
C:\Qt\Tools\mingw530_32\bin\ar.exe cr CMakeFiles\cmTC_08bbc.dir/objects.a @CMakeFiles\cmTC_08bbc.dir\objects1.rsp
C:\Qt\Tools\mingw530_32\bin\gcc.exe       -Wl,--whole-archive CMakeFiles\cmTC_08bbc.dir/objects.a -Wl,--no-whole-archive  -o cmTC_08bbc.exe -Wl,--out-implib,libcmTC_08bbc.dll.a -Wl,--major-image-version,0,--minor-image-version,0 @CMakeFiles\cmTC_08bbc.dir\linklibs.rsp
mingw32-make.exe[1]: Leaving directory 'C:/Users/THP/Desktop/Unibern/2018_02/Subjects/C_plus_plus_II/designpattern-master/designpattern-master/build-producerConsumerPattern-Desktop_Qt_5_10_0_MinGW_32bit-Default/CMakeFiles/CMakeTmp'


    Feature record: C_FEATURE:1c_function_prototypes
    Feature record: C_FEATURE:1c_restrict
    Feature record: C_FEATURE:1c_static_assert
    Feature record: C_FEATURE:1c_variadic_macros


Detecting C [-std=c99] compiler features compiled with the following output:
Change Dir: C:/Users/THP/Desktop/Unibern/2018_02/Subjects/C_plus_plus_II/designpattern-master/designpattern-master/build-producerConsumerPattern-Desktop_Qt_5_10_0_MinGW_32bit-Default/CMakeFiles/CMakeTmp

Run Build Command:"C:/Qt/Tools/mingw530_32/bin/mingw32-make.exe" "cmTC_2ea3b/fast"
C:/Qt/Tools/mingw530_32/bin/mingw32-make.exe -f CMakeFiles\cmTC_2ea3b.dir\build.make CMakeFiles/cmTC_2ea3b.dir/build
mingw32-make.exe[1]: Entering directory 'C:/Users/THP/Desktop/Unibern/2018_02/Subjects/C_plus_plus_II/designpattern-master/designpattern-master/build-producerConsumerPattern-Desktop_Qt_5_10_0_MinGW_32bit-Default/CMakeFiles/CMakeTmp'
Building C object CMakeFiles/cmTC_2ea3b.dir/feature_tests.c.obj
C:\Qt\Tools\mingw530_32\bin\gcc.exe    -std=c99 -o CMakeFiles\cmTC_2ea3b.dir\feature_tests.c.obj   -c C:\Users\THP\Desktop\Unibern\2018_02\Subjects\C_plus_plus_II\designpattern-master\designpattern-master\build-producerConsumerPattern-Desktop_Qt_5_10_0_MinGW_32bit-Default\CMakeFiles\feature_tests.c
Linking C executable cmTC_2ea3b.exe
"C:\Program Files\CMake\bin\cmake.exe" -E cmake_link_script CMakeFiles\cmTC_2ea3b.dir\link.txt --verbose=1
"C:\Program Files\CMake\bin\cmake.exe" -E remove -f CMakeFiles\cmTC_2ea3b.dir/objects.a
C:\Qt\Tools\mingw530_32\bin\ar.exe cr CMakeFiles\cmTC_2ea3b.dir/objects.a @CMakeFiles\cmTC_2ea3b.dir\objects1.rsp
C:\Qt\Tools\mingw530_32\bin\gcc.exe       -Wl,--whole-archive CMakeFiles\cmTC_2ea3b.dir/objects.a -Wl,--no-whole-archive  -o cmTC_2ea3b.exe -Wl,--out-implib,libcmTC_2ea3b.dll.a -Wl,--major-image-version,0,--minor-image-version,0 @CMakeFiles\cmTC_2ea3b.dir\linklibs.rsp
mingw32-make.exe[1]: Leaving directory 'C:/Users/THP/Desktop/Unibern/2018_02/Subjects/C_plus_plus_II/designpattern-master/designpattern-master/build-producerConsumerPattern-Desktop_Qt_5_10_0_MinGW_32bit-Default/CMakeFiles/CMakeTmp'


    Feature record: C_FEATURE:1c_function_prototypes
    Feature record: C_FEATURE:1c_restrict
    Feature record: C_FEATURE:0c_static_assert
    Feature record: C_FEATURE:1c_variadic_macros


Detecting C [-std=c90] compiler features compiled with the following output:
Change Dir: C:/Users/THP/Desktop/Unibern/2018_02/Subjects/C_plus_plus_II/designpattern-master/designpattern-master/build-producerConsumerPattern-Desktop_Qt_5_10_0_MinGW_32bit-Default/CMakeFiles/CMakeTmp

Run Build Command:"C:/Qt/Tools/mingw530_32/bin/mingw32-make.exe" "cmTC_52fa4/fast"
C:/Qt/Tools/mingw530_32/bin/mingw32-make.exe -f CMakeFiles\cmTC_52fa4.dir\build.make CMakeFiles/cmTC_52fa4.dir/build
mingw32-make.exe[1]: Entering directory 'C:/Users/THP/Desktop/Unibern/2018_02/Subjects/C_plus_plus_II/designpattern-master/designpattern-master/build-producerConsumerPattern-Desktop_Qt_5_10_0_MinGW_32bit-Default/CMakeFiles/CMakeTmp'
Building C object CMakeFiles/cmTC_52fa4.dir/feature_tests.c.obj
C:\Qt\Tools\mingw530_32\bin\gcc.exe    -std=c90 -o CMakeFiles\cmTC_52fa4.dir\feature_tests.c.obj   -c C:\Users\THP\Desktop\Unibern\2018_02\Subjects\C_plus_plus_II\designpattern-master\designpattern-master\build-producerConsumerPattern-Desktop_Qt_5_10_0_MinGW_32bit-Default\CMakeFiles\feature_tests.c
Linking C executable cmTC_52fa4.exe
"C:\Program Files\CMake\bin\cmake.exe" -E cmake_link_script CMakeFiles\cmTC_52fa4.dir\link.txt --verbose=1
"C:\Program Files\CMake\bin\cmake.exe" -E remove -f CMakeFiles\cmTC_52fa4.dir/objects.a
C:\Qt\Tools\mingw530_32\bin\ar.exe cr CMakeFiles\cmTC_52fa4.dir/objects.a @CMakeFiles\cmTC_52fa4.dir\objects1.rsp
C:\Qt\Tools\mingw530_32\bin\gcc.exe       -Wl,--whole-archive CMakeFiles\cmTC_52fa4.dir/objects.a -Wl,--no-whole-archive  -o cmTC_52fa4.exe -Wl,--out-implib,libcmTC_52fa4.dll.a -Wl,--major-image-version,0,--minor-image-version,0 @CMakeFiles\cmTC_52fa4.dir\linklibs.rsp
mingw32-make.exe[1]: Leaving directory 'C:/Users/THP/Desktop/Unibern/2018_02/Subjects/C_plus_plus_II/designpattern-master/designpattern-master/build-producerConsumerPattern-Desktop_Qt_5_10_0_MinGW_32bit-Default/CMakeFiles/CMakeTmp'


    Feature record: C_FEATURE:1c_function_prototypes
    Feature record: C_FEATURE:0c_restrict
    Feature record: C_FEATURE:0c_static_assert
    Feature record: C_FEATURE:0c_variadic_macros
Determining if the CXX compiler works passed with the following output:
Change Dir: C:/Users/THP/Desktop/Unibern/2018_02/Subjects/C_plus_plus_II/designpattern-master/designpattern-master/build-producerConsumerPattern-Desktop_Qt_5_10_0_MinGW_32bit-Default/CMakeFiles/CMakeTmp

Run Build Command:"C:/Qt/Tools/mingw530_32/bin/mingw32-make.exe" "cmTC_2a7eb/fast"
C:/Qt/Tools/mingw530_32/bin/mingw32-make.exe -f CMakeFiles\cmTC_2a7eb.dir\build.make CMakeFiles/cmTC_2a7eb.dir/build
mingw32-make.exe[1]: Entering directory 'C:/Users/THP/Desktop/Unibern/2018_02/Subjects/C_plus_plus_II/designpattern-master/designpattern-master/build-producerConsumerPattern-Desktop_Qt_5_10_0_MinGW_32bit-Default/CMakeFiles/CMakeTmp'
Building CXX object CMakeFiles/cmTC_2a7eb.dir/testCXXCompiler.cxx.obj
C:\Qt\Tools\mingw530_32\bin\g++.exe      -o CMakeFiles\cmTC_2a7eb.dir\testCXXCompiler.cxx.obj -c C:\Users\THP\Desktop\Unibern\2018_02\Subjects\C_plus_plus_II\designpattern-master\designpattern-master\build-producerConsumerPattern-Desktop_Qt_5_10_0_MinGW_32bit-Default\CMakeFiles\CMakeTmp\testCXXCompiler.cxx
Linking CXX executable cmTC_2a7eb.exe
"C:\Program Files\CMake\bin\cmake.exe" -E cmake_link_script CMakeFiles\cmTC_2a7eb.dir\link.txt --verbose=1
"C:\Program Files\CMake\bin\cmake.exe" -E remove -f CMakeFiles\cmTC_2a7eb.dir/objects.a
C:\Qt\Tools\mingw530_32\bin\ar.exe cr CMakeFiles\cmTC_2a7eb.dir/objects.a @CMakeFiles\cmTC_2a7eb.dir\objects1.rsp
C:\Qt\Tools\mingw530_32\bin\g++.exe       -Wl,--whole-archive CMakeFiles\cmTC_2a7eb.dir/objects.a -Wl,--no-whole-archive  -o cmTC_2a7eb.exe -Wl,--out-implib,libcmTC_2a7eb.dll.a -Wl,--major-image-version,0,--minor-image-version,0 @CMakeFiles\cmTC_2a7eb.dir\linklibs.rsp
mingw32-make.exe[1]: Leaving directory 'C:/Users/THP/Desktop/Unibern/2018_02/Subjects/C_plus_plus_II/designpattern-master/designpattern-master/build-producerConsumerPattern-Desktop_Qt_5_10_0_MinGW_32bit-Default/CMakeFiles/CMakeTmp'


Detecting CXX compiler ABI info compiled with the following output:
Change Dir: C:/Users/THP/Desktop/Unibern/2018_02/Subjects/C_plus_plus_II/designpattern-master/designpattern-master/build-producerConsumerPattern-Desktop_Qt_5_10_0_MinGW_32bit-Default/CMakeFiles/CMakeTmp

Run Build Command:"C:/Qt/Tools/mingw530_32/bin/mingw32-make.exe" "cmTC_c37db/fast"
C:/Qt/Tools/mingw530_32/bin/mingw32-make.exe -f CMakeFiles\cmTC_c37db.dir\build.make CMakeFiles/cmTC_c37db.dir/build
mingw32-make.exe[1]: Entering directory 'C:/Users/THP/Desktop/Unibern/2018_02/Subjects/C_plus_plus_II/designpattern-master/designpattern-master/build-producerConsumerPattern-Desktop_Qt_5_10_0_MinGW_32bit-Default/CMakeFiles/CMakeTmp'
Building CXX object CMakeFiles/cmTC_c37db.dir/CMakeCXXCompilerABI.cpp.obj
C:\Qt\Tools\mingw530_32\bin\g++.exe      -o CMakeFiles\cmTC_c37db.dir\CMakeCXXCompilerABI.cpp.obj -c "C:\Program Files\CMake\share\cmake-3.7\Modules\CMakeCXXCompilerABI.cpp"
Linking CXX executable cmTC_c37db.exe
"C:\Program Files\CMake\bin\cmake.exe" -E cmake_link_script CMakeFiles\cmTC_c37db.dir\link.txt --verbose=1
"C:\Program Files\CMake\bin\cmake.exe" -E remove -f CMakeFiles\cmTC_c37db.dir/objects.a
C:\Qt\Tools\mingw530_32\bin\ar.exe cr CMakeFiles\cmTC_c37db.dir/objects.a @CMakeFiles\cmTC_c37db.dir\objects1.rsp
C:\Qt\Tools\mingw530_32\bin\g++.exe      -v -Wl,--whole-archive CMakeFiles\cmTC_c37db.dir/objects.a -Wl,--no-whole-archive  -o cmTC_c37db.exe -Wl,--out-implib,libcmTC_c37db.dll.a -Wl,--major-image-version,0,--minor-image-version,0   
Using built-in specs.
COLLECT_GCC=C:\Qt\Tools\mingw530_32\bin\g++.exe
COLLECT_LTO_WRAPPER=C:/Qt/Tools/mingw530_32/bin/../libexec/gcc/i686-w64-mingw32/5.3.0/lto-wrapper.exe
Target: i686-w64-mingw32
Configured with: ../../../src/gcc-5.3.0/configure --host=i686-w64-mingw32 --build=i686-w64-mingw32 --target=i686-w64-mingw32 --prefix=/mingw32 --with-sysroot=/c/mingw530/i686-530-posix-dwarf-rt_v4-rev0/mingw32 --with-gxx-include-dir=/mingw32/i686-w64-mingw32/include/c++ --enable-shared --enable-static --disable-multilib --enable-languages=c,c++,fortran,lto --enable-libstdcxx-time=yes --enable-threads=posix --enable-libgomp --enable-libatomic --enable-lto --enable-graphite --enable-checking=release --enable-fully-dynamic-string --enable-version-specific-runtime-libs --disable-sjlj-exceptions --with-dwarf2 --disable-isl-version-check --disable-libstdcxx-pch --disable-libstdcxx-debug --enable-bootstrap --disable-rpath --disable-win32-registry --disable-nls --disable-werror --disable-symvers --with-gnu-as --with-gnu-ld --with-arch=i686 --with-tune=generic --with-libiconv --with-system-zlib --with-gmp=/c/mingw530/prerequisites/i686-w64-mingw32-static --with-mpfr=/c/mingw530/prerequisites/i686-w64-mingw32-static --with-mpc=/c/mingw530/prerequisites/i686-w64-mingw32-static --with-isl=/c/mingw530/prerequisites/i686-w64-mingw32-static --with-pkgversion='i686-posix-dwarf-rev0, Built by MinGW-W64 project' --with-bugurl=http://sourceforge.net/projects/mingw-w64 CFLAGS='-O2 -pipe -I/c/mingw530/i686-530-posix-dwarf-rt_v4-rev0/mingw32/opt/include -I/c/mingw530/prerequisites/i686-zlib-static/include -I/c/mingw530/prerequisites/i686-w64-mingw32-static/include' CXXFLAGS='-O2 -pipe -I/c/mingw530/i686-530-posix-dwarf-rt_v4-rev0/mingw32/opt/include -I/c/mingw530/prerequisites/i686-zlib-static/include -I/c/mingw530/prerequisites/i686-w64-mingw32-static/include' CPPFLAGS= LDFLAGS='-pipe -L/c/mingw530/i686-530-posix-dwarf-rt_v4-rev0/mingw32/opt/lib -L/c/mingw530/prerequisites/i686-zlib-static/lib -L/c/mingw530/prerequisites/i686-w64-mingw32-static/lib -Wl,--large-address-aware'
Thread model: posix
gcc version 5.3.0 (i686-posix-dwarf-rev0, Built by MinGW-W64 project) 
COMPILER_PATH=C:/Qt/Tools/mingw530_32/bin/../libexec/gcc/i686-w64-mingw32/5.3.0/;C:/Qt/Tools/mingw530_32/bin/../libexec/gcc/;C:/Qt/Tools/mingw530_32/bin/../lib/gcc/i686-w64-mingw32/5.3.0/../../../../i686-w64-mingw32/bin/
LIBRARY_PATH=C:/Qt/Tools/mingw530_32/bin/../lib/gcc/i686-w64-mingw32/5.3.0/;C:/Qt/Tools/mingw530_32/bin/../lib/gcc/;C:/Qt/Tools/mingw530_32/bin/../lib/gcc/i686-w64-mingw32/5.3.0/../../../../i686-w64-mingw32/lib/../lib/;C:/Qt/Tools/mingw530_32/bin/../lib/gcc/i686-w64-mingw32/5.3.0/../../../../lib/;C:/Qt/Tools/mingw530_32/bin/../lib/gcc/i686-w64-mingw32/5.3.0/../../../../i686-w64-mingw32/lib/;C:/Qt/Tools/mingw530_32/bin/../lib/gcc/i686-w64-mingw32/5.3.0/../../../
COLLECT_GCC_OPTIONS='-v' '-o' 'cmTC_c37db.exe' '-shared-libgcc' '-mtune=generic' '-march=i686'
 C:/Qt/Tools/mingw530_32/bin/../libexec/gcc/i686-w64-mingw32/5.3.0/collect2.exe -plugin C:/Qt/Tools/mingw530_32/bin/../libexec/gcc/i686-w64-mingw32/5.3.0/liblto_plugin-0.dll -plugin-opt=C:/Qt/Tools/mingw530_32/bin/../libexec/gcc/i686-w64-mingw32/5.3.0/lto-wrapper.exe -plugin-opt=-fresolution=C:\Users\THP\AppData\Local\Temp\ccJAzy5E.res -plugin-opt=-pass-through=-lmingw32 -plugin-opt=-pass-through=-lgcc_s -plugin-opt=-pass-through=-lgcc -plugin-opt=-pass-through=-lmoldname -plugin-opt=-pass-through=-lmingwex -plugin-opt=-pass-through=-lmsvcrt -plugin-opt=-pass-through=-lpthread -plugin-opt=-pass-through=-ladvapi32 -plugin-opt=-pass-through=-lshell32 -plugin-opt=-pass-through=-luser32 -plugin-opt=-pass-through=-lkernel32 -plugin-opt=-pass-through=-liconv -plugin-opt=-pass-through=-lmingw32 -plugin-opt=-pass-through=-lgcc_s -plugin-opt=-pass-through=-lgcc -plugin-opt=-pass-through=-lmoldname -plugin-opt=-pass-through=-lmingwex -plugin-opt=-pass-through=-lmsvcrt --sysroot=C:/mingw530/i686-530-posix-dwarf-rt_v4-rev0/mingw32 -m i386pe -Bdynamic -u ___register_frame_info -u ___deregister_frame_info -o cmTC_c37db.exe C:/Qt/Tools/mingw530_32/bin/../lib/gcc/i686-w64-mingw32/5.3.0/../../../../i686-w64-mingw32/lib/../lib/crt2.o C:/Qt/Tools/mingw530_32/bin/../lib/gcc/i686-w64-mingw32/5.3.0/crtbegin.o -LC:/Qt/Tools/mingw530_32/bin/../lib/gcc/i686-w64-mingw32/5.3.0 -LC:/Qt/Tools/mingw530_32/bin/../lib/gcc -LC:/Qt/Tools/mingw530_32/bin/../lib/gcc/i686-w64-mingw32/5.3.0/../../../../i686-w64-mingw32/lib/../lib -LC:/Qt/Tools/mingw530_32/bin/../lib/gcc/i686-w64-mingw32/5.3.0/../../../../lib -LC:/Qt/Tools/mingw530_32/bin/../lib/gcc/i686-w64-mingw32/5.3.0/../../../../i686-w64-mingw32/lib -LC:/Qt/Tools/mingw530_32/bin/../lib/gcc/i686-w64-mingw32/5.3.0/../../.. --whole-archive CMakeFiles\cmTC_c37db.dir/objects.a --no-whole-archive --out-implib libcmTC_c37db.dll.a --major-image-version 0 --minor-image-version 0 -lstdc++ -lmingw32 -lgcc_s -lgcc -lmoldname -lmingwex -lmsvcrt -lpthread -ladvapi32 -lshell32 -luser32 -lkernel32 -liconv -lmingw32 -lgcc_s -lgcc -lmoldname -lmingwex -lmsvcrt C:/Qt/Tools/mingw530_32/bin/../lib/gcc/i686-w64-mingw32/5.3.0/crtend.o
mingw32-make.exe[1]: Leaving directory 'C:/Users/THP/Desktop/Unibern/2018_02/Subjects/C_plus_plus_II/designpattern-master/designpattern-master/build-producerConsumerPattern-Desktop_Qt_5_10_0_MinGW_32bit-Default/CMakeFiles/CMakeTmp'


Parsed CXX implicit link information from above output:
  link line regex: [^( *|.*[/\])(ld\.exe|([^/\]+-)?ld|collect2)[^/\]*( |$)]
  ignore line: [Change Dir: C:/Users/THP/Desktop/Unibern/2018_02/Subjects/C_plus_plus_II/designpattern-master/designpattern-master/build-producerConsumerPattern-Desktop_Qt_5_10_0_MinGW_32bit-Default/CMakeFiles/CMakeTmp]
  ignore line: []
  ignore line: [Run Build Command:"C:/Qt/Tools/mingw530_32/bin/mingw32-make.exe" "cmTC_c37db/fast"]
  ignore line: [C:/Qt/Tools/mingw530_32/bin/mingw32-make.exe -f CMakeFiles\cmTC_c37db.dir\build.make CMakeFiles/cmTC_c37db.dir/build]
  ignore line: [mingw32-make.exe[1]: Entering directory 'C:/Users/THP/Desktop/Unibern/2018_02/Subjects/C_plus_plus_II/designpattern-master/designpattern-master/build-producerConsumerPattern-Desktop_Qt_5_10_0_MinGW_32bit-Default/CMakeFiles/CMakeTmp']
  ignore line: [Building CXX object CMakeFiles/cmTC_c37db.dir/CMakeCXXCompilerABI.cpp.obj]
  ignore line: [C:\Qt\Tools\mingw530_32\bin\g++.exe      -o CMakeFiles\cmTC_c37db.dir\CMakeCXXCompilerABI.cpp.obj -c "C:\Program Files\CMake\share\cmake-3.7\Modules\CMakeCXXCompilerABI.cpp"]
  ignore line: [Linking CXX executable cmTC_c37db.exe]
  ignore line: ["C:\Program Files\CMake\bin\cmake.exe" -E cmake_link_script CMakeFiles\cmTC_c37db.dir\link.txt --verbose=1]
  ignore line: ["C:\Program Files\CMake\bin\cmake.exe" -E remove -f CMakeFiles\cmTC_c37db.dir/objects.a]
  ignore line: [C:\Qt\Tools\mingw530_32\bin\ar.exe cr CMakeFiles\cmTC_c37db.dir/objects.a @CMakeFiles\cmTC_c37db.dir\objects1.rsp]
  ignore line: [C:\Qt\Tools\mingw530_32\bin\g++.exe      -v -Wl,--whole-archive CMakeFiles\cmTC_c37db.dir/objects.a -Wl,--no-whole-archive  -o cmTC_c37db.exe -Wl,--out-implib,libcmTC_c37db.dll.a -Wl,--major-image-version,0,--minor-image-version,0   ]
  ignore line: [Using built-in specs.]
  ignore line: [COLLECT_GCC=C:\Qt\Tools\mingw530_32\bin\g++.exe]
  ignore line: [COLLECT_LTO_WRAPPER=C:/Qt/Tools/mingw530_32/bin/../libexec/gcc/i686-w64-mingw32/5.3.0/lto-wrapper.exe]
  ignore line: [Target: i686-w64-mingw32]
  ignore line: [Configured with: ../../../src/gcc-5.3.0/configure --host=i686-w64-mingw32 --build=i686-w64-mingw32 --target=i686-w64-mingw32 --prefix=/mingw32 --with-sysroot=/c/mingw530/i686-530-posix-dwarf-rt_v4-rev0/mingw32 --with-gxx-include-dir=/mingw32/i686-w64-mingw32/include/c++ --enable-shared --enable-static --disable-multilib --enable-languages=c,c++,fortran,lto --enable-libstdcxx-time=yes --enable-threads=posix --enable-libgomp --enable-libatomic --enable-lto --enable-graphite --enable-checking=release --enable-fully-dynamic-string --enable-version-specific-runtime-libs --disable-sjlj-exceptions --with-dwarf2 --disable-isl-version-check --disable-libstdcxx-pch --disable-libstdcxx-debug --enable-bootstrap --disable-rpath --disable-win32-registry --disable-nls --disable-werror --disable-symvers --with-gnu-as --with-gnu-ld --with-arch=i686 --with-tune=generic --with-libiconv --with-system-zlib --with-gmp=/c/mingw530/prerequisites/i686-w64-mingw32-static --with-mpfr=/c/mingw530/prerequisites/i686-w64-mingw32-static --with-mpc=/c/mingw530/prerequisites/i686-w64-mingw32-static --with-isl=/c/mingw530/prerequisites/i686-w64-mingw32-static --with-pkgversion='i686-posix-dwarf-rev0, Built by MinGW-W64 project' --with-bugurl=http://sourceforge.net/projects/mingw-w64 CFLAGS='-O2 -pipe -I/c/mingw530/i686-530-posix-dwarf-rt_v4-rev0/mingw32/opt/include -I/c/mingw530/prerequisites/i686-zlib-static/include -I/c/mingw530/prerequisites/i686-w64-mingw32-static/include' CXXFLAGS='-O2 -pipe -I/c/mingw530/i686-530-posix-dwarf-rt_v4-rev0/mingw32/opt/include -I/c/mingw530/prerequisites/i686-zlib-static/include -I/c/mingw530/prerequisites/i686-w64-mingw32-static/include' CPPFLAGS= LDFLAGS='-pipe -L/c/mingw530/i686-530-posix-dwarf-rt_v4-rev0/mingw32/opt/lib -L/c/mingw530/prerequisites/i686-zlib-static/lib -L/c/mingw530/prerequisites/i686-w64-mingw32-static/lib -Wl,--large-address-aware']
  ignore line: [Thread model: posix]
  ignore line: [gcc version 5.3.0 (i686-posix-dwarf-rev0, Built by MinGW-W64 project) ]
  ignore line: [COMPILER_PATH=C:/Qt/Tools/mingw530_32/bin/../libexec/gcc/i686-w64-mingw32/5.3.0/]
  ignore line: [C:/Qt/Tools/mingw530_32/bin/../libexec/gcc/]
  ignore line: [C:/Qt/Tools/mingw530_32/bin/../lib/gcc/i686-w64-mingw32/5.3.0/../../../../i686-w64-mingw32/bin/]
  ignore line: [LIBRARY_PATH=C:/Qt/Tools/mingw530_32/bin/../lib/gcc/i686-w64-mingw32/5.3.0/]
  ignore line: [C:/Qt/Tools/mingw530_32/bin/../lib/gcc/]
  ignore line: [C:/Qt/Tools/mingw530_32/bin/../lib/gcc/i686-w64-mingw32/5.3.0/../../../../i686-w64-mingw32/lib/../lib/]
  ignore line: [C:/Qt/Tools/mingw530_32/bin/../lib/gcc/i686-w64-mingw32/5.3.0/../../../../lib/]
  ignore line: [C:/Qt/Tools/mingw530_32/bin/../lib/gcc/i686-w64-mingw32/5.3.0/../../../../i686-w64-mingw32/lib/]
  ignore line: [C:/Qt/Tools/mingw530_32/bin/../lib/gcc/i686-w64-mingw32/5.3.0/../../../]
  ignore line: [COLLECT_GCC_OPTIONS='-v' '-o' 'cmTC_c37db.exe' '-shared-libgcc' '-mtune=generic' '-march=i686']
  link line: [ C:/Qt/Tools/mingw530_32/bin/../libexec/gcc/i686-w64-mingw32/5.3.0/collect2.exe -plugin C:/Qt/Tools/mingw530_32/bin/../libexec/gcc/i686-w64-mingw32/5.3.0/liblto_plugin-0.dll -plugin-opt=C:/Qt/Tools/mingw530_32/bin/../libexec/gcc/i686-w64-mingw32/5.3.0/lto-wrapper.exe -plugin-opt=-fresolution=C:\Users\THP\AppData\Local\Temp\ccJAzy5E.res -plugin-opt=-pass-through=-lmingw32 -plugin-opt=-pass-through=-lgcc_s -plugin-opt=-pass-through=-lgcc -plugin-opt=-pass-through=-lmoldname -plugin-opt=-pass-through=-lmingwex -plugin-opt=-pass-through=-lmsvcrt -plugin-opt=-pass-through=-lpthread -plugin-opt=-pass-through=-ladvapi32 -plugin-opt=-pass-through=-lshell32 -plugin-opt=-pass-through=-luser32 -plugin-opt=-pass-through=-lkernel32 -plugin-opt=-pass-through=-liconv -plugin-opt=-pass-through=-lmingw32 -plugin-opt=-pass-through=-lgcc_s -plugin-opt=-pass-through=-lgcc -plugin-opt=-pass-through=-lmoldname -plugin-opt=-pass-through=-lmingwex -plugin-opt=-pass-through=-lmsvcrt --sysroot=C:/mingw530/i686-530-posix-dwarf-rt_v4-rev0/mingw32 -m i386pe -Bdynamic -u ___register_frame_info -u ___deregister_frame_info -o cmTC_c37db.exe C:/Qt/Tools/mingw530_32/bin/../lib/gcc/i686-w64-mingw32/5.3.0/../../../../i686-w64-mingw32/lib/../lib/crt2.o C:/Qt/Tools/mingw530_32/bin/../lib/gcc/i686-w64-mingw32/5.3.0/crtbegin.o -LC:/Qt/Tools/mingw530_32/bin/../lib/gcc/i686-w64-mingw32/5.3.0 -LC:/Qt/Tools/mingw530_32/bin/../lib/gcc -LC:/Qt/Tools/mingw530_32/bin/../lib/gcc/i686-w64-mingw32/5.3.0/../../../../i686-w64-mingw32/lib/../lib -LC:/Qt/Tools/mingw530_32/bin/../lib/gcc/i686-w64-mingw32/5.3.0/../../../../lib -LC:/Qt/Tools/mingw530_32/bin/../lib/gcc/i686-w64-mingw32/5.3.0/../../../../i686-w64-mingw32/lib -LC:/Qt/Tools/mingw530_32/bin/../lib/gcc/i686-w64-mingw32/5.3.0/../../.. --whole-archive CMakeFiles\cmTC_c37db.dir/objects.a --no-whole-archive --out-implib libcmTC_c37db.dll.a --major-image-version 0 --minor-image-version 0 -lstdc++ -lmingw32 -lgcc_s -lgcc -lmoldname -lmingwex -lmsvcrt -lpthread -ladvapi32 -lshell32 -luser32 -lkernel32 -liconv -lmingw32 -lgcc_s -lgcc -lmoldname -lmingwex -lmsvcrt C:/Qt/Tools/mingw530_32/bin/../lib/gcc/i686-w64-mingw32/5.3.0/crtend.o]
    arg [C:/Qt/Tools/mingw530_32/bin/../libexec/gcc/i686-w64-mingw32/5.3.0/collect2.exe] ==> ignore
    arg [-plugin] ==> ignore
    arg [C:/Qt/Tools/mingw530_32/bin/../libexec/gcc/i686-w64-mingw32/5.3.0/liblto_plugin-0.dll] ==> ignore
    arg [-plugin-opt=C:/Qt/Tools/mingw530_32/bin/../libexec/gcc/i686-w64-mingw32/5.3.0/lto-wrapper.exe] ==> ignore
    arg [-plugin-opt=-fresolution=C:\Users\THP\AppData\Local\Temp\ccJAzy5E.res] ==> ignore
    arg [-plugin-opt=-pass-through=-lmingw32] ==> ignore
    arg [-plugin-opt=-pass-through=-lgcc_s] ==> ignore
    arg [-plugin-opt=-pass-through=-lgcc] ==> ignore
    arg [-plugin-opt=-pass-through=-lmoldname] ==> ignore
    arg [-plugin-opt=-pass-through=-lmingwex] ==> ignore
    arg [-plugin-opt=-pass-through=-lmsvcrt] ==> ignore
    arg [-plugin-opt=-pass-through=-lpthread] ==> ignore
    arg [-plugin-opt=-pass-through=-ladvapi32] ==> ignore
    arg [-plugin-opt=-pass-through=-lshell32] ==> ignore
    arg [-plugin-opt=-pass-through=-luser32] ==> ignore
    arg [-plugin-opt=-pass-through=-lkernel32] ==> ignore
    arg [-plugin-opt=-pass-through=-liconv] ==> ignore
    arg [-plugin-opt=-pass-through=-lmingw32] ==> ignore
    arg [-plugin-opt=-pass-through=-lgcc_s] ==> ignore
    arg [-plugin-opt=-pass-through=-lgcc] ==> ignore
    arg [-plugin-opt=-pass-through=-lmoldname] ==> ignore
    arg [-plugin-opt=-pass-through=-lmingwex] ==> ignore
    arg [-plugin-opt=-pass-through=-lmsvcrt] ==> ignore
    arg [--sysroot=C:/mingw530/i686-530-posix-dwarf-rt_v4-rev0/mingw32] ==> ignore
    arg [-m] ==> ignore
    arg [i386pe] ==> ignore
    arg [-Bdynamic] ==> ignore
    arg [-u] ==> ignore
    arg [___register_frame_info] ==> ignore
    arg [-u] ==> ignore
    arg [___deregister_frame_info] ==> ignore
    arg [-o] ==> ignore
    arg [cmTC_c37db.exe] ==> ignore
    arg [C:/Qt/Tools/mingw530_32/bin/../lib/gcc/i686-w64-mingw32/5.3.0/../../../../i686-w64-mingw32/lib/../lib/crt2.o] ==> ignore
    arg [C:/Qt/Tools/mingw530_32/bin/../lib/gcc/i686-w64-mingw32/5.3.0/crtbegin.o] ==> ignore
    arg [-LC:/Qt/Tools/mingw530_32/bin/../lib/gcc/i686-w64-mingw32/5.3.0] ==> dir [C:/Qt/Tools/mingw530_32/bin/../lib/gcc/i686-w64-mingw32/5.3.0]
    arg [-LC:/Qt/Tools/mingw530_32/bin/../lib/gcc] ==> dir [C:/Qt/Tools/mingw530_32/bin/../lib/gcc]
    arg [-LC:/Qt/Tools/mingw530_32/bin/../lib/gcc/i686-w64-mingw32/5.3.0/../../../../i686-w64-mingw32/lib/../lib] ==> dir [C:/Qt/Tools/mingw530_32/bin/../lib/gcc/i686-w64-mingw32/5.3.0/../../../../i686-w64-mingw32/lib/../lib]
    arg [-LC:/Qt/Tools/mingw530_32/bin/../lib/gcc/i686-w64-mingw32/5.3.0/../../../../lib] ==> dir [C:/Qt/Tools/mingw530_32/bin/../lib/gcc/i686-w64-mingw32/5.3.0/../../../../lib]
    arg [-LC:/Qt/Tools/mingw530_32/bin/../lib/gcc/i686-w64-mingw32/5.3.0/../../../../i686-w64-mingw32/lib] ==> dir [C:/Qt/Tools/mingw530_32/bin/../lib/gcc/i686-w64-mingw32/5.3.0/../../../../i686-w64-mingw32/lib]
    arg [-LC:/Qt/Tools/mingw530_32/bin/../lib/gcc/i686-w64-mingw32/5.3.0/../../..] ==> dir [C:/Qt/Tools/mingw530_32/bin/../lib/gcc/i686-w64-mingw32/5.3.0/../../..]
    arg [--whole-archive] ==> ignore
    arg [CMakeFiles\cmTC_c37db.dir/objects.a] ==> ignore
    arg [--no-whole-archive] ==> ignore
    arg [--out-implib] ==> ignore
    arg [libcmTC_c37db.dll.a] ==> ignore
    arg [--major-image-version] ==> ignore
    arg [0] ==> ignore
    arg [--minor-image-version] ==> ignore
    arg [0] ==> ignore
    arg [-lstdc++] ==> lib [stdc++]
    arg [-lmingw32] ==> lib [mingw32]
    arg [-lgcc_s] ==> lib [gcc_s]
    arg [-lgcc] ==> lib [gcc]
    arg [-lmoldname] ==> lib [moldname]
    arg [-lmingwex] ==> lib [mingwex]
    arg [-lmsvcrt] ==> lib [msvcrt]
    arg [-lpthread] ==> lib [pthread]
    arg [-ladvapi32] ==> lib [advapi32]
    arg [-lshell32] ==> lib [shell32]
    arg [-luser32] ==> lib [user32]
    arg [-lkernel32] ==> lib [kernel32]
    arg [-liconv] ==> lib [iconv]
    arg [-lmingw32] ==> lib [mingw32]
    arg [-lgcc_s] ==> lib [gcc_s]
    arg [-lgcc] ==> lib [gcc]
    arg [-lmoldname] ==> lib [moldname]
    arg [-lmingwex] ==> lib [mingwex]
    arg [-lmsvcrt] ==> lib [msvcrt]
    arg [C:/Qt/Tools/mingw530_32/bin/../lib/gcc/i686-w64-mingw32/5.3.0/crtend.o] ==> ignore
  remove lib [gcc_s]
  remove lib [gcc]
  remove lib [gcc_s]
  remove lib [gcc]
  collapse library dir [C:/Qt/Tools/mingw530_32/bin/../lib/gcc/i686-w64-mingw32/5.3.0] ==> [C:/Qt/Tools/mingw530_32/lib/gcc/i686-w64-mingw32/5.3.0]
  collapse library dir [C:/Qt/Tools/mingw530_32/bin/../lib/gcc] ==> [C:/Qt/Tools/mingw530_32/lib/gcc]
  collapse library dir [C:/Qt/Tools/mingw530_32/bin/../lib/gcc/i686-w64-mingw32/5.3.0/../../../../i686-w64-mingw32/lib/../lib] ==> [C:/Qt/Tools/mingw530_32/i686-w64-mingw32/lib]
  collapse library dir [C:/Qt/Tools/mingw530_32/bin/../lib/gcc/i686-w64-mingw32/5.3.0/../../../../lib] ==> [C:/Qt/Tools/mingw530_32/lib]
  collapse library dir [C:/Qt/Tools/mingw530_32/bin/../lib/gcc/i686-w64-mingw32/5.3.0/../../../../i686-w64-mingw32/lib] ==> [C:/Qt/Tools/mingw530_32/i686-w64-mingw32/lib]
  collapse library dir [C:/Qt/Tools/mingw530_32/bin/../lib/gcc/i686-w64-mingw32/5.3.0/../../..] ==> [C:/Qt/Tools/mingw530_32/lib]
  implicit libs: [stdc++;mingw32;moldname;mingwex;msvcrt;pthread;advapi32;shell32;user32;kernel32;iconv;mingw32;moldname;mingwex;msvcrt]
  implicit dirs: [C:/Qt/Tools/mingw530_32/lib/gcc/i686-w64-mingw32/5.3.0;C:/Qt/Tools/mingw530_32/lib/gcc;C:/Qt/Tools/mingw530_32/i686-w64-mingw32/lib;C:/Qt/Tools/mingw530_32/lib]
  implicit fwks: []




Detecting CXX [-std=c++14] compiler features compiled with the following output:
Change Dir: C:/Users/THP/Desktop/Unibern/2018_02/Subjects/C_plus_plus_II/designpattern-master/designpattern-master/build-producerConsumerPattern-Desktop_Qt_5_10_0_MinGW_32bit-Default/CMakeFiles/CMakeTmp

Run Build Command:"C:/Qt/Tools/mingw530_32/bin/mingw32-make.exe" "cmTC_2270e/fast"
C:/Qt/Tools/mingw530_32/bin/mingw32-make.exe -f CMakeFiles\cmTC_2270e.dir\build.make CMakeFiles/cmTC_2270e.dir/build
mingw32-make.exe[1]: Entering directory 'C:/Users/THP/Desktop/Unibern/2018_02/Subjects/C_plus_plus_II/designpattern-master/designpattern-master/build-producerConsumerPattern-Desktop_Qt_5_10_0_MinGW_32bit-Default/CMakeFiles/CMakeTmp'
Building CXX object CMakeFiles/cmTC_2270e.dir/feature_tests.cxx.obj
C:\Qt\Tools\mingw530_32\bin\g++.exe     -std=c++14 -o CMakeFiles\cmTC_2270e.dir\feature_tests.cxx.obj -c C:\Users\THP\Desktop\Unibern\2018_02\Subjects\C_plus_plus_II\designpattern-master\designpattern-master\build-producerConsumerPattern-Desktop_Qt_5_10_0_MinGW_32bit-Default\CMakeFiles\feature_tests.cxx
Linking CXX executable cmTC_2270e.exe
"C:\Program Files\CMake\bin\cmake.exe" -E cmake_link_script CMakeFiles\cmTC_2270e.dir\link.txt --verbose=1
"C:\Program Files\CMake\bin\cmake.exe" -E remove -f CMakeFiles\cmTC_2270e.dir/objects.a
C:\Qt\Tools\mingw530_32\bin\ar.exe cr CMakeFiles\cmTC_2270e.dir/objects.a @CMakeFiles\cmTC_2270e.dir\objects1.rsp
C:\Qt\Tools\mingw530_32\bin\g++.exe       -Wl,--whole-archive CMakeFiles\cmTC_2270e.dir/objects.a -Wl,--no-whole-archive  -o cmTC_2270e.exe -Wl,--out-implib,libcmTC_2270e.dll.a -Wl,--major-image-version,0,--minor-image-version,0 @CMakeFiles\cmTC_2270e.dir\linklibs.rsp
mingw32-make.exe[1]: Leaving directory 'C:/Users/THP/Desktop/Unibern/2018_02/Subjects/C_plus_plus_II/designpattern-master/designpattern-master/build-producerConsumerPattern-Desktop_Qt_5_10_0_MinGW_32bit-Default/CMakeFiles/CMakeTmp'


    Feature record: CXX_FEATURE:1cxx_aggregate_default_initializers
    Feature record: CXX_FEATURE:1cxx_alias_templates
    Feature record: CXX_FEATURE:1cxx_alignas
    Feature record: CXX_FEATURE:1cxx_alignof
    Feature record: CXX_FEATURE:1cxx_attributes
    Feature record: CXX_FEATURE:1cxx_attribute_deprecated
    Feature record: CXX_FEATURE:1cxx_auto_type
    Feature record: CXX_FEATURE:1cxx_binary_literals
    Feature record: CXX_FEATURE:1cxx_constexpr
    Feature record: CXX_FEATURE:1cxx_contextual_conversions
    Feature record: CXX_FEATURE:1cxx_decltype
    Feature record: CXX_FEATURE:1cxx_decltype_auto
    Feature record: CXX_FEATURE:1cxx_decltype_incomplete_return_types
    Feature record: CXX_FEATURE:1cxx_default_function_template_args
    Feature record: CXX_FEATURE:1cxx_defaulted_functions
    Feature record: CXX_FEATURE:1cxx_defaulted_move_initializers
    Feature record: CXX_FEATURE:1cxx_delegating_constructors
    Feature record: CXX_FEATURE:1cxx_deleted_functions
    Feature record: CXX_FEATURE:1cxx_digit_separators
    Feature record: CXX_FEATURE:1cxx_enum_forward_declarations
    Feature record: CXX_FEATURE:1cxx_explicit_conversions
    Feature record: CXX_FEATURE:1cxx_extended_friend_declarations
    Feature record: CXX_FEATURE:1cxx_extern_templates
    Feature record: CXX_FEATURE:1cxx_final
    Feature record: CXX_FEATURE:1cxx_func_identifier
    Feature record: CXX_FEATURE:1cxx_generalized_initializers
    Feature record: CXX_FEATURE:1cxx_generic_lambdas
    Feature record: CXX_FEATURE:1cxx_inheriting_constructors
    Feature record: CXX_FEATURE:1cxx_inline_namespaces
    Feature record: CXX_FEATURE:1cxx_lambdas
    Feature record: CXX_FEATURE:1cxx_lambda_init_captures
    Feature record: CXX_FEATURE:1cxx_local_type_template_args
    Feature record: CXX_FEATURE:1cxx_long_long_type
    Feature record: CXX_FEATURE:1cxx_noexcept
    Feature record: CXX_FEATURE:1cxx_nonstatic_member_init
    Feature record: CXX_FEATURE:1cxx_nullptr
    Feature record: CXX_FEATURE:1cxx_override
    Feature record: CXX_FEATURE:1cxx_range_for
    Feature record: CXX_FEATURE:1cxx_raw_string_literals
    Feature record: CXX_FEATURE:1cxx_reference_qualified_functions
    Feature record: CXX_FEATURE:1cxx_relaxed_constexpr
    Feature record: CXX_FEATURE:1cxx_return_type_deduction
    Feature record: CXX_FEATURE:1cxx_right_angle_brackets
    Feature record: CXX_FEATURE:1cxx_rvalue_references
    Feature record: CXX_FEATURE:1cxx_sizeof_member
    Feature record: CXX_FEATURE:1cxx_static_assert
    Feature record: CXX_FEATURE:1cxx_strong_enums
    Feature record: CXX_FEATURE:1cxx_template_template_parameters
    Feature record: CXX_FEATURE:1cxx_thread_local
    Feature record: CXX_FEATURE:1cxx_trailing_return_types
    Feature record: CXX_FEATURE:1cxx_unicode_literals
    Feature record: CXX_FEATURE:1cxx_uniform_initialization
    Feature record: CXX_FEATURE:1cxx_unrestricted_unions
    Feature record: CXX_FEATURE:1cxx_user_literals
    Feature record: CXX_FEATURE:1cxx_variable_templates
    Feature record: CXX_FEATURE:1cxx_variadic_macros
    Feature record: CXX_FEATURE:1cxx_variadic_templates


Detecting CXX [-std=c++11] compiler features compiled with the following output:
Change Dir: C:/Users/THP/Desktop/Unibern/2018_02/Subjects/C_plus_plus_II/designpattern-master/designpattern-master/build-producerConsumerPattern-Desktop_Qt_5_10_0_MinGW_32bit-Default/CMakeFiles/CMakeTmp

Run Build Command:"C:/Qt/Tools/mingw530_32/bin/mingw32-make.exe" "cmTC_096aa/fast"
C:/Qt/Tools/mingw530_32/bin/mingw32-make.exe -f CMakeFiles\cmTC_096aa.dir\build.make CMakeFiles/cmTC_096aa.dir/build
mingw32-make.exe[1]: Entering directory 'C:/Users/THP/Desktop/Unibern/2018_02/Subjects/C_plus_plus_II/designpattern-master/designpattern-master/build-producerConsumerPattern-Desktop_Qt_5_10_0_MinGW_32bit-Default/CMakeFiles/CMakeTmp'
Building CXX object CMakeFiles/cmTC_096aa.dir/feature_tests.cxx.obj
C:\Qt\Tools\mingw530_32\bin\g++.exe     -std=c++11 -o CMakeFiles\cmTC_096aa.dir\feature_tests.cxx.obj -c C:\Users\THP\Desktop\Unibern\2018_02\Subjects\C_plus_plus_II\designpattern-master\designpattern-master\build-producerConsumerPattern-Desktop_Qt_5_10_0_MinGW_32bit-Default\CMakeFiles\feature_tests.cxx
Linking CXX executable cmTC_096aa.exe
"C:\Program Files\CMake\bin\cmake.exe" -E cmake_link_script CMakeFiles\cmTC_096aa.dir\link.txt --verbose=1
"C:\Program Files\CMake\bin\cmake.exe" -E remove -f CMakeFiles\cmTC_096aa.dir/objects.a
C:\Qt\Tools\mingw530_32\bin\ar.exe cr CMakeFiles\cmTC_096aa.dir/objects.a @CMakeFiles\cmTC_096aa.dir\objects1.rsp
C:\Qt\Tools\mingw530_32\bin\g++.exe       -Wl,--whole-archive CMakeFiles\cmTC_096aa.dir/objects.a -Wl,--no-whole-archive  -o cmTC_096aa.exe -Wl,--out-implib,libcmTC_096aa.dll.a -Wl,--major-image-version,0,--minor-image-version,0 @CMakeFiles\cmTC_096aa.dir\linklibs.rsp
mingw32-make.exe[1]: Leaving directory 'C:/Users/THP/Desktop/Unibern/2018_02/Subjects/C_plus_plus_II/designpattern-master/designpattern-master/build-producerConsumerPattern-Desktop_Qt_5_10_0_MinGW_32bit-Default/CMakeFiles/CMakeTmp'


    Feature record: CXX_FEATURE:0cxx_aggregate_default_initializers
    Feature record: CXX_FEATURE:1cxx_alias_templates
    Feature record: CXX_FEATURE:1cxx_alignas
    Feature record: CXX_FEATURE:1cxx_alignof
    Feature record: CXX_FEATURE:1cxx_attributes
    Feature record: CXX_FEATURE:0cxx_attribute_deprecated
    Feature record: CXX_FEATURE:1cxx_auto_type
    Feature record: CXX_FEATURE:0cxx_binary_literals
    Feature record: CXX_FEATURE:1cxx_constexpr
    Feature record: CXX_FEATURE:0cxx_contextual_conversions
    Feature record: CXX_FEATURE:1cxx_decltype
    Feature record: CXX_FEATURE:0cxx_decltype_auto
    Feature record: CXX_FEATURE:1cxx_decltype_incomplete_return_types
    Feature record: CXX_FEATURE:1cxx_default_function_template_args
    Feature record: CXX_FEATURE:1cxx_defaulted_functions
    Feature record: CXX_FEATURE:1cxx_defaulted_move_initializers
    Feature record: CXX_FEATURE:1cxx_delegating_constructors
    Feature record: CXX_FEATURE:1cxx_deleted_functions
    Feature record: CXX_FEATURE:0cxx_digit_separators
    Feature record: CXX_FEATURE:1cxx_enum_forward_declarations
    Feature record: CXX_FEATURE:1cxx_explicit_conversions
    Feature record: CXX_FEATURE:1cxx_extended_friend_declarations
    Feature record: CXX_FEATURE:1cxx_extern_templates
    Feature record: CXX_FEATURE:1cxx_final
    Feature record: CXX_FEATURE:1cxx_func_identifier
    Feature record: CXX_FEATURE:1cxx_generalized_initializers
    Feature record: CXX_FEATURE:0cxx_generic_lambdas
    Feature record: CXX_FEATURE:1cxx_inheriting_constructors
    Feature record: CXX_FEATURE:1cxx_inline_namespaces
    Feature record: CXX_FEATURE:1cxx_lambdas
    Feature record: CXX_FEATURE:0cxx_lambda_init_captures
    Feature record: CXX_FEATURE:1cxx_local_type_template_args
    Feature record: CXX_FEATURE:1cxx_long_long_type
    Feature record: CXX_FEATURE:1cxx_noexcept
    Feature record: CXX_FEATURE:1cxx_nonstatic_member_init
    Feature record: CXX_FEATURE:1cxx_nullptr
    Feature record: CXX_FEATURE:1cxx_override
    Feature record: CXX_FEATURE:1cxx_range_for
    Feature record: CXX_FEATURE:1cxx_raw_string_literals
    Feature record: CXX_FEATURE:1cxx_reference_qualified_functions
    Feature record: CXX_FEATURE:0cxx_relaxed_constexpr
    Feature record: CXX_FEATURE:0cxx_return_type_deduction
    Feature record: CXX_FEATURE:1cxx_right_angle_brackets
    Feature record: CXX_FEATURE:1cxx_rvalue_references
    Feature record: CXX_FEATURE:1cxx_sizeof_member
    Feature record: CXX_FEATURE:1cxx_static_assert
    Feature record: CXX_FEATURE:1cxx_strong_enums
    Feature record: CXX_FEATURE:1cxx_template_template_parameters
    Feature record: CXX_FEATURE:1cxx_thread_local
    Feature record: CXX_FEATURE:1cxx_trailing_return_types
    Feature record: CXX_FEATURE:1cxx_unicode_literals
    Feature record: CXX_FEATURE:1cxx_uniform_initialization
    Feature record: CXX_FEATURE:1cxx_unrestricted_unions
    Feature record: CXX_FEATURE:1cxx_user_literals
    Feature record: CXX_FEATURE:0cxx_variable_templates
    Feature record: CXX_FEATURE:1cxx_variadic_macros
    Feature record: CXX_FEATURE:1cxx_variadic_templates


Detecting CXX [-std=c++98] compiler features compiled with the following output:
Change Dir: C:/Users/THP/Desktop/Unibern/2018_02/Subjects/C_plus_plus_II/designpattern-master/designpattern-master/build-producerConsumerPattern-Desktop_Qt_5_10_0_MinGW_32bit-Default/CMakeFiles/CMakeTmp

Run Build Command:"C:/Qt/Tools/mingw530_32/bin/mingw32-make.exe" "cmTC_c2b28/fast"
C:/Qt/Tools/mingw530_32/bin/mingw32-make.exe -f CMakeFiles\cmTC_c2b28.dir\build.make CMakeFiles/cmTC_c2b28.dir/build
mingw32-make.exe[1]: Entering directory 'C:/Users/THP/Desktop/Unibern/2018_02/Subjects/C_plus_plus_II/designpattern-master/designpattern-master/build-producerConsumerPattern-Desktop_Qt_5_10_0_MinGW_32bit-Default/CMakeFiles/CMakeTmp'
Building CXX object CMakeFiles/cmTC_c2b28.dir/feature_tests.cxx.obj
C:\Qt\Tools\mingw530_32\bin\g++.exe     -std=c++98 -o CMakeFiles\cmTC_c2b28.dir\feature_tests.cxx.obj -c C:\Users\THP\Desktop\Unibern\2018_02\Subjects\C_plus_plus_II\designpattern-master\designpattern-master\build-producerConsumerPattern-Desktop_Qt_5_10_0_MinGW_32bit-Default\CMakeFiles\feature_tests.cxx
Linking CXX executable cmTC_c2b28.exe
"C:\Program Files\CMake\bin\cmake.exe" -E cmake_link_script CMakeFiles\cmTC_c2b28.dir\link.txt --verbose=1
"C:\Program Files\CMake\bin\cmake.exe" -E remove -f CMakeFiles\cmTC_c2b28.dir/objects.a
C:\Qt\Tools\mingw530_32\bin\ar.exe cr CMakeFiles\cmTC_c2b28.dir/objects.a @CMakeFiles\cmTC_c2b28.dir\objects1.rsp
C:\Qt\Tools\mingw530_32\bin\g++.exe       -Wl,--whole-archive CMakeFiles\cmTC_c2b28.dir/objects.a -Wl,--no-whole-archive  -o cmTC_c2b28.exe -Wl,--out-implib,libcmTC_c2b28.dll.a -Wl,--major-image-version,0,--minor-image-version,0 @CMakeFiles\cmTC_c2b28.dir\linklibs.rsp
mingw32-make.exe[1]: Leaving directory 'C:/Users/THP/Desktop/Unibern/2018_02/Subjects/C_plus_plus_II/designpattern-master/designpattern-master/build-producerConsumerPattern-Desktop_Qt_5_10_0_MinGW_32bit-Default/CMakeFiles/CMakeTmp'


    Feature record: CXX_FEATURE:0cxx_aggregate_default_initializers
    Feature record: CXX_FEATURE:0cxx_alias_templates
    Feature record: CXX_FEATURE:0cxx_alignas
    Feature record: CXX_FEATURE:0cxx_alignof
    Feature record: CXX_FEATURE:0cxx_attributes
    Feature record: CXX_FEATURE:0cxx_attribute_deprecated
    Feature record: CXX_FEATURE:0cxx_auto_type
    Feature record: CXX_FEATURE:0cxx_binary_literals
    Feature record: CXX_FEATURE:0cxx_constexpr
    Feature record: CXX_FEATURE:0cxx_contextual_conversions
    Feature record: CXX_FEATURE:0cxx_decltype
    Feature record: CXX_FEATURE:0cxx_decltype_auto
    Feature record: CXX_FEATURE:0cxx_decltype_incomplete_return_types
    Feature record: CXX_FEATURE:0cxx_default_function_template_args
    Feature record: CXX_FEATURE:0cxx_defaulted_functions
    Feature record: CXX_FEATURE:0cxx_defaulted_move_initializers
    Feature record: CXX_FEATURE:0cxx_delegating_constructors
    Feature record: CXX_FEATURE:0cxx_deleted_functions
    Feature record: CXX_FEATURE:0cxx_digit_separators
    Feature record: CXX_FEATURE:0cxx_enum_forward_declarations
    Feature record: CXX_FEATURE:0cxx_explicit_conversions
    Feature record: CXX_FEATURE:0cxx_extended_friend_declarations
    Feature record: CXX_FEATURE:0cxx_extern_templates
    Feature record: CXX_FEATURE:0cxx_final
    Feature record: CXX_FEATURE:0cxx_func_identifier
    Feature record: CXX_FEATURE:0cxx_generalized_initializers
    Feature record: CXX_FEATURE:0cxx_generic_lambdas
    Feature record: CXX_FEATURE:0cxx_inheriting_constructors
    Feature record: CXX_FEATURE:0cxx_inline_namespaces
    Feature record: CXX_FEATURE:0cxx_lambdas
    Feature record: CXX_FEATURE:0cxx_lambda_init_captures
    Feature record: CXX_FEATURE:0cxx_local_type_template_args
    Feature record: CXX_FEATURE:0cxx_long_long_type
    Feature record: CXX_FEATURE:0cxx_noexcept
    Feature record: CXX_FEATURE:0cxx_nonstatic_member_init
    Feature record: CXX_FEATURE:0cxx_nullptr
    Feature record: CXX_FEATURE:0cxx_override
    Feature record: CXX_FEATURE:0cxx_range_for
    Feature record: CXX_FEATURE:0cxx_raw_string_literals
    Feature record: CXX_FEATURE:0cxx_reference_qualified_functions
    Feature record: CXX_FEATURE:0cxx_relaxed_constexpr
    Feature record: CXX_FEATURE:0cxx_return_type_deduction
    Feature record: CXX_FEATURE:0cxx_right_angle_brackets
    Feature record: CXX_FEATURE:0cxx_rvalue_references
    Feature record: CXX_FEATURE:0cxx_sizeof_member
    Feature record: CXX_FEATURE:0cxx_static_assert
    Feature record: CXX_FEATURE:0cxx_strong_enums
    Feature record: CXX_FEATURE:1cxx_template_template_parameters
    Feature record: CXX_FEATURE:0cxx_thread_local
    Feature record: CXX_FEATURE:0cxx_trailing_return_types
    Feature record: CXX_FEATURE:0cxx_unicode_literals
    Feature record: CXX_FEATURE:0cxx_uniform_initialization
    Feature record: CXX_FEATURE:0cxx_unrestricted_unions
    Feature record: CXX_FEATURE:0cxx_user_literals
    Feature record: CXX_FEATURE:0cxx_variable_templates
    Feature record: CXX_FEATURE:0cxx_variadic_macros
    Feature record: CXX_FEATURE:0cxx_variadic_templates
Determining if the include file pthread.h exists passed with the following output:
Change Dir: C:/Users/THP/Desktop/Unibern/2018_02/Subjects/C_plus_plus_II/designpattern-master/designpattern-master/build-producerConsumerPattern-Desktop_Qt_5_10_0_MinGW_32bit-Default/CMakeFiles/CMakeTmp

Run Build Command:"C:/Qt/Tools/mingw530_32/bin/mingw32-make.exe" "cmTC_0e5b5/fast"
C:/Qt/Tools/mingw530_32/bin/mingw32-make.exe -f CMakeFiles\cmTC_0e5b5.dir\build.make CMakeFiles/cmTC_0e5b5.dir/build
mingw32-make.exe[1]: Entering directory 'C:/Users/THP/Desktop/Unibern/2018_02/Subjects/C_plus_plus_II/designpattern-master/designpattern-master/build-producerConsumerPattern-Desktop_Qt_5_10_0_MinGW_32bit-Default/CMakeFiles/CMakeTmp'
Building C object CMakeFiles/cmTC_0e5b5.dir/CheckIncludeFile.c.obj
C:\Qt\Tools\mingw530_32\bin\gcc.exe     -o CMakeFiles\cmTC_0e5b5.dir\CheckIncludeFile.c.obj   -c C:\Users\THP\Desktop\Unibern\2018_02\Subjects\C_plus_plus_II\designpattern-master\designpattern-master\build-producerConsumerPattern-Desktop_Qt_5_10_0_MinGW_32bit-Default\CMakeFiles\CMakeTmp\CheckIncludeFile.c
Linking C executable cmTC_0e5b5.exe
"C:\Program Files\CMake\bin\cmake.exe" -E cmake_link_script CMakeFiles\cmTC_0e5b5.dir\link.txt --verbose=1
"C:\Program Files\CMake\bin\cmake.exe" -E remove -f CMakeFiles\cmTC_0e5b5.dir/objects.a
C:\Qt\Tools\mingw530_32\bin\ar.exe cr CMakeFiles\cmTC_0e5b5.dir/objects.a @CMakeFiles\cmTC_0e5b5.dir\objects1.rsp
C:\Qt\Tools\mingw530_32\bin\gcc.exe       -Wl,--whole-archive CMakeFiles\cmTC_0e5b5.dir/objects.a -Wl,--no-whole-archive  -o cmTC_0e5b5.exe -Wl,--out-implib,libcmTC_0e5b5.dll.a -Wl,--major-image-version,0,--minor-image-version,0 @CMakeFiles\cmTC_0e5b5.dir\linklibs.rsp
mingw32-make.exe[1]: Leaving directory 'C:/Users/THP/Desktop/Unibern/2018_02/Subjects/C_plus_plus_II/designpattern-master/designpattern-master/build-producerConsumerPattern-Desktop_Qt_5_10_0_MinGW_32bit-Default/CMakeFiles/CMakeTmp'


Determining if the pthread_create exist passed with the following output:
Change Dir: C:/Users/THP/Desktop/Unibern/2018_02/Subjects/C_plus_plus_II/designpattern-master/designpattern-master/build-producerConsumerPattern-Desktop_Qt_5_10_0_MinGW_32bit-Default/CMakeFiles/CMakeTmp

Run Build Command:"C:/Qt/Tools/mingw530_32/bin/mingw32-make.exe" "cmTC_4d6d0/fast"
C:/Qt/Tools/mingw530_32/bin/mingw32-make.exe -f CMakeFiles\cmTC_4d6d0.dir\build.make CMakeFiles/cmTC_4d6d0.dir/build
mingw32-make.exe[1]: Entering directory 'C:/Users/THP/Desktop/Unibern/2018_02/Subjects/C_plus_plus_II/designpattern-master/designpattern-master/build-producerConsumerPattern-Desktop_Qt_5_10_0_MinGW_32bit-Default/CMakeFiles/CMakeTmp'
Building C object CMakeFiles/cmTC_4d6d0.dir/CheckSymbolExists.c.obj
C:\Qt\Tools\mingw530_32\bin\gcc.exe     -o CMakeFiles\cmTC_4d6d0.dir\CheckSymbolExists.c.obj   -c C:\Users\THP\Desktop\Unibern\2018_02\Subjects\C_plus_plus_II\designpattern-master\designpattern-master\build-producerConsumerPattern-Desktop_Qt_5_10_0_MinGW_32bit-Default\CMakeFiles\CMakeTmp\CheckSymbolExists.c
Linking C executable cmTC_4d6d0.exe
"C:\Program Files\CMake\bin\cmake.exe" -E cmake_link_script CMakeFiles\cmTC_4d6d0.dir\link.txt --verbose=1
"C:\Program Files\CMake\bin\cmake.exe" -E remove -f CMakeFiles\cmTC_4d6d0.dir/objects.a
C:\Qt\Tools\mingw530_32\bin\ar.exe cr CMakeFiles\cmTC_4d6d0.dir/objects.a @CMakeFiles\cmTC_4d6d0.dir\objects1.rsp
C:\Qt\Tools\mingw530_32\bin\gcc.exe       -Wl,--whole-archive CMakeFiles\cmTC_4d6d0.dir/objects.a -Wl,--no-whole-archive  -o cmTC_4d6d0.exe -Wl,--out-implib,libcmTC_4d6d0.dll.a -Wl,--major-image-version,0,--minor-image-version,0 @CMakeFiles\cmTC_4d6d0.dir\linklibs.rsp
mingw32-make.exe[1]: Leaving directory 'C:/Users/THP/Desktop/Unibern/2018_02/Subjects/C_plus_plus_II/designpattern-master/designpattern-master/build-producerConsumerPattern-Desktop_Qt_5_10_0_MinGW_32bit-Default/CMakeFiles/CMakeTmp'

File C:/Users/THP/Desktop/Unibern/2018_02/Subjects/C_plus_plus_II/designpattern-master/designpattern-master/build-producerConsumerPattern-Desktop_Qt_5_10_0_MinGW_32bit-Default/CMakeFiles/CMakeTmp/CheckSymbolExists.c:
/* */
#include <pthread.h>

int main(int argc, char** argv)
{
  (void)argv;
#ifndef pthread_create
  return ((int*)(&pthread_create))[argc];
#else
  (void)argc;
  return 0;
#endif
}

Determining if the include file pthread.h exists passed with the following output:
Change Dir: C:/Users/THP/Desktop/Unibern/2018_02/Subjects/C_plus_plus_II/qt/ex06/designpattern-master/designpattern-master/build-producerConsumerPattern-Desktop_Qt_5_10_0_MinGW_32bit-Default/CMakeFiles/CMakeTmp

Run Build Command:"C:/Qt/Tools/mingw530_32/bin/mingw32-make.exe" "cmTC_2d468/fast"
C:/Qt/Tools/mingw530_32/bin/mingw32-make.exe -f CMakeFiles\cmTC_2d468.dir\build.make CMakeFiles/cmTC_2d468.dir/build
mingw32-make.exe[1]: Entering directory 'C:/Users/THP/Desktop/Unibern/2018_02/Subjects/C_plus_plus_II/qt/ex06/designpattern-master/designpattern-master/build-producerConsumerPattern-Desktop_Qt_5_10_0_MinGW_32bit-Default/CMakeFiles/CMakeTmp'
Building C object CMakeFiles/cmTC_2d468.dir/CheckIncludeFile.c.obj
C:\Qt\Tools\mingw530_32\bin\gcc.exe     -o CMakeFiles\cmTC_2d468.dir\CheckIncludeFile.c.obj   -c C:\Users\THP\Desktop\Unibern\2018_02\Subjects\C_plus_plus_II\qt\ex06\designpattern-master\designpattern-master\build-producerConsumerPattern-Desktop_Qt_5_10_0_MinGW_32bit-Default\CMakeFiles\CMakeTmp\CheckIncludeFile.c
Linking C executable cmTC_2d468.exe
"C:\Program Files\CMake\bin\cmake.exe" -E cmake_link_script CMakeFiles\cmTC_2d468.dir\link.txt --verbose=1
"C:\Program Files\CMake\bin\cmake.exe" -E remove -f CMakeFiles\cmTC_2d468.dir/objects.a
C:\Qt\Tools\mingw530_32\bin\ar.exe cr CMakeFiles\cmTC_2d468.dir/objects.a @CMakeFiles\cmTC_2d468.dir\objects1.rsp
C:\Qt\Tools\mingw530_32\bin\gcc.exe       -Wl,--whole-archive CMakeFiles\cmTC_2d468.dir/objects.a -Wl,--no-whole-archive  -o cmTC_2d468.exe -Wl,--out-implib,libcmTC_2d468.dll.a -Wl,--major-image-version,0,--minor-image-version,0 @CMakeFiles\cmTC_2d468.dir\linklibs.rsp
mingw32-make.exe[1]: Leaving directory 'C:/Users/THP/Desktop/Unibern/2018_02/Subjects/C_plus_plus_II/qt/ex06/designpattern-master/designpattern-master/build-producerConsumerPattern-Desktop_Qt_5_10_0_MinGW_32bit-Default/CMakeFiles/CMakeTmp'


Determining if the pthread_create exist passed with the following output:
Change Dir: C:/Users/THP/Desktop/Unibern/2018_02/Subjects/C_plus_plus_II/qt/ex06/designpattern-master/designpattern-master/build-producerConsumerPattern-Desktop_Qt_5_10_0_MinGW_32bit-Default/CMakeFiles/CMakeTmp

Run Build Command:"C:/Qt/Tools/mingw530_32/bin/mingw32-make.exe" "cmTC_ac71a/fast"
C:/Qt/Tools/mingw530_32/bin/mingw32-make.exe -f CMakeFiles\cmTC_ac71a.dir\build.make CMakeFiles/cmTC_ac71a.dir/build
mingw32-make.exe[1]: Entering directory 'C:/Users/THP/Desktop/Unibern/2018_02/Subjects/C_plus_plus_II/qt/ex06/designpattern-master/designpattern-master/build-producerConsumerPattern-Desktop_Qt_5_10_0_MinGW_32bit-Default/CMakeFiles/CMakeTmp'
Building C object CMakeFiles/cmTC_ac71a.dir/CheckSymbolExists.c.obj
C:\Qt\Tools\mingw530_32\bin\gcc.exe     -o CMakeFiles\cmTC_ac71a.dir\CheckSymbolExists.c.obj   -c C:\Users\THP\Desktop\Unibern\2018_02\Subjects\C_plus_plus_II\qt\ex06\designpattern-master\designpattern-master\build-producerConsumerPattern-Desktop_Qt_5_10_0_MinGW_32bit-Default\CMakeFiles\CMakeTmp\CheckSymbolExists.c
Linking C executable cmTC_ac71a.exe
"C:\Program Files\CMake\bin\cmake.exe" -E cmake_link_script CMakeFiles\cmTC_ac71a.dir\link.txt --verbose=1
"C:\Program Files\CMake\bin\cmake.exe" -E remove -f CMakeFiles\cmTC_ac71a.dir/objects.a
C:\Qt\Tools\mingw530_32\bin\ar.exe cr CMakeFiles\cmTC_ac71a.dir/objects.a @CMakeFiles\cmTC_ac71a.dir\objects1.rsp
C:\Qt\Tools\mingw530_32\bin\gcc.exe       -Wl,--whole-archive CMakeFiles\cmTC_ac71a.dir/objects.a -Wl,--no-whole-archive  -o cmTC_ac71a.exe -Wl,--out-implib,libcmTC_ac71a.dll.a -Wl,--major-image-version,0,--minor-image-version,0 @CMakeFiles\cmTC_ac71a.dir\linklibs.rsp
mingw32-make.exe[1]: Leaving directory 'C:/Users/THP/Desktop/Unibern/2018_02/Subjects/C_plus_plus_II/qt/ex06/designpattern-master/designpattern-master/build-producerConsumerPattern-Desktop_Qt_5_10_0_MinGW_32bit-Default/CMakeFiles/CMakeTmp'

File C:/Users/THP/Desktop/Unibern/2018_02/Subjects/C_plus_plus_II/qt/ex06/designpattern-master/designpattern-master/build-producerConsumerPattern-Desktop_Qt_5_10_0_MinGW_32bit-Default/CMakeFiles/CMakeTmp/CheckSymbolExists.c:
/* */
#include <pthread.h>

int main(int argc, char** argv)
{
  (void)argv;
#ifndef pthread_create
  return ((int*)(&pthread_create))[argc];
#else
  (void)argc;
  return 0;
#endif
}

Determining if the include file pthread.h exists passed with the following output:
Change Dir: C:/Users/THP/Desktop/Unibern/2018_02/Subjects/C_plus_plus_II/qt/ex06/designpattern-master/designpattern-master/build-producerConsumerPattern-Desktop_Qt_5_10_0_MinGW_32bit-Default/CMakeFiles/CMakeTmp

Run Build Command:"C:/Qt/Tools/mingw530_32/bin/mingw32-make.exe" "cmTC_f61b1/fast"
C:/Qt/Tools/mingw530_32/bin/mingw32-make.exe -f CMakeFiles\cmTC_f61b1.dir\build.make CMakeFiles/cmTC_f61b1.dir/build
mingw32-make.exe[1]: Entering directory 'C:/Users/THP/Desktop/Unibern/2018_02/Subjects/C_plus_plus_II/qt/ex06/designpattern-master/designpattern-master/build-producerConsumerPattern-Desktop_Qt_5_10_0_MinGW_32bit-Default/CMakeFiles/CMakeTmp'
Building C object CMakeFiles/cmTC_f61b1.dir/CheckIncludeFile.c.obj
C:\Qt\Tools\mingw530_32\bin\gcc.exe     -o CMakeFiles\cmTC_f61b1.dir\CheckIncludeFile.c.obj   -c C:\Users\THP\Desktop\Unibern\2018_02\Subjects\C_plus_plus_II\qt\ex06\designpattern-master\designpattern-master\build-producerConsumerPattern-Desktop_Qt_5_10_0_MinGW_32bit-Default\CMakeFiles\CMakeTmp\CheckIncludeFile.c
Linking C executable cmTC_f61b1.exe
"C:\Program Files\CMake\bin\cmake.exe" -E cmake_link_script CMakeFiles\cmTC_f61b1.dir\link.txt --verbose=1
"C:\Program Files\CMake\bin\cmake.exe" -E remove -f CMakeFiles\cmTC_f61b1.dir/objects.a
C:\Qt\Tools\mingw530_32\bin\ar.exe cr CMakeFiles\cmTC_f61b1.dir/objects.a @CMakeFiles\cmTC_f61b1.dir\objects1.rsp
C:\Qt\Tools\mingw530_32\bin\gcc.exe       -Wl,--whole-archive CMakeFiles\cmTC_f61b1.dir/objects.a -Wl,--no-whole-archive  -o cmTC_f61b1.exe -Wl,--out-implib,libcmTC_f61b1.dll.a -Wl,--major-image-version,0,--minor-image-version,0 @CMakeFiles\cmTC_f61b1.dir\linklibs.rsp
mingw32-make.exe[1]: Leaving directory 'C:/Users/THP/Desktop/Unibern/2018_02/Subjects/C_plus_plus_II/qt/ex06/designpattern-master/designpattern-master/build-producerConsumerPattern-Desktop_Qt_5_10_0_MinGW_32bit-Default/CMakeFiles/CMakeTmp'


Determining if the pthread_create exist passed with the following output:
Change Dir: C:/Users/THP/Desktop/Unibern/2018_02/Subjects/C_plus_plus_II/qt/ex06/designpattern-master/designpattern-master/build-producerConsumerPattern-Desktop_Qt_5_10_0_MinGW_32bit-Default/CMakeFiles/CMakeTmp

Run Build Command:"C:/Qt/Tools/mingw530_32/bin/mingw32-make.exe" "cmTC_bcbba/fast"
C:/Qt/Tools/mingw530_32/bin/mingw32-make.exe -f CMakeFiles\cmTC_bcbba.dir\build.make CMakeFiles/cmTC_bcbba.dir/build
mingw32-make.exe[1]: Entering directory 'C:/Users/THP/Desktop/Unibern/2018_02/Subjects/C_plus_plus_II/qt/ex06/designpattern-master/designpattern-master/build-producerConsumerPattern-Desktop_Qt_5_10_0_MinGW_32bit-Default/CMakeFiles/CMakeTmp'
Building C object CMakeFiles/cmTC_bcbba.dir/CheckSymbolExists.c.obj
C:\Qt\Tools\mingw530_32\bin\gcc.exe     -o CMakeFiles\cmTC_bcbba.dir\CheckSymbolExists.c.obj   -c C:\Users\THP\Desktop\Unibern\2018_02\Subjects\C_plus_plus_II\qt\ex06\designpattern-master\designpattern-master\build-producerConsumerPattern-Desktop_Qt_5_10_0_MinGW_32bit-Default\CMakeFiles\CMakeTmp\CheckSymbolExists.c
Linking C executable cmTC_bcbba.exe
"C:\Program Files\CMake\bin\cmake.exe" -E cmake_link_script CMakeFiles\cmTC_bcbba.dir\link.txt --verbose=1
"C:\Program Files\CMake\bin\cmake.exe" -E remove -f CMakeFiles\cmTC_bcbba.dir/objects.a
C:\Qt\Tools\mingw530_32\bin\ar.exe cr CMakeFiles\cmTC_bcbba.dir/objects.a @CMakeFiles\cmTC_bcbba.dir\objects1.rsp
C:\Qt\Tools\mingw530_32\bin\gcc.exe       -Wl,--whole-archive CMakeFiles\cmTC_bcbba.dir/objects.a -Wl,--no-whole-archive  -o cmTC_bcbba.exe -Wl,--out-implib,libcmTC_bcbba.dll.a -Wl,--major-image-version,0,--minor-image-version,0 @CMakeFiles\cmTC_bcbba.dir\linklibs.rsp
mingw32-make.exe[1]: Leaving directory 'C:/Users/THP/Desktop/Unibern/2018_02/Subjects/C_plus_plus_II/qt/ex06/designpattern-master/designpattern-master/build-producerConsumerPattern-Desktop_Qt_5_10_0_MinGW_32bit-Default/CMakeFiles/CMakeTmp'

File C:/Users/THP/Desktop/Unibern/2018_02/Subjects/C_plus_plus_II/qt/ex06/designpattern-master/designpattern-master/build-producerConsumerPattern-Desktop_Qt_5_10_0_MinGW_32bit-Default/CMakeFiles/CMakeTmp/CheckSymbolExists.c:
/* */
#include <pthread.h>

int main(int argc, char** argv)
{
  (void)argv;
#ifndef pthread_create
  return ((int*)(&pthread_create))[argc];
#else
  (void)argc;
  return 0;
#endif
}

Determining if the include file pthread.h exists passed with the following output:
Change Dir: C:/Users/THP/Desktop/Unibern/2018_02/Subjects/C_plus_plus_II/designpattern-master/designpattern-master/build-producerConsumerPattern-Desktop_Qt_5_10_0_MinGW_32bit-Default/CMakeFiles/CMakeTmp

Run Build Command:"C:/Qt/Tools/mingw530_32/bin/mingw32-make.exe" "cmTC_4e014/fast"
C:/Qt/Tools/mingw530_32/bin/mingw32-make.exe -f CMakeFiles\cmTC_4e014.dir\build.make CMakeFiles/cmTC_4e014.dir/build
mingw32-make.exe[1]: Entering directory 'C:/Users/THP/Desktop/Unibern/2018_02/Subjects/C_plus_plus_II/designpattern-master/designpattern-master/build-producerConsumerPattern-Desktop_Qt_5_10_0_MinGW_32bit-Default/CMakeFiles/CMakeTmp'
Building C object CMakeFiles/cmTC_4e014.dir/CheckIncludeFile.c.obj
C:\Qt\Tools\mingw530_32\bin\gcc.exe     -o CMakeFiles\cmTC_4e014.dir\CheckIncludeFile.c.obj   -c C:\Users\THP\Desktop\Unibern\2018_02\Subjects\C_plus_plus_II\designpattern-master\designpattern-master\build-producerConsumerPattern-Desktop_Qt_5_10_0_MinGW_32bit-Default\CMakeFiles\CMakeTmp\CheckIncludeFile.c
Linking C executable cmTC_4e014.exe
"C:\Program Files\CMake\bin\cmake.exe" -E cmake_link_script CMakeFiles\cmTC_4e014.dir\link.txt --verbose=1
"C:\Program Files\CMake\bin\cmake.exe" -E remove -f CMakeFiles\cmTC_4e014.dir/objects.a
C:\Qt\Tools\mingw530_32\bin\ar.exe cr CMakeFiles\cmTC_4e014.dir/objects.a @CMakeFiles\cmTC_4e014.dir\objects1.rsp
C:\Qt\Tools\mingw530_32\bin\gcc.exe       -Wl,--whole-archive CMakeFiles\cmTC_4e014.dir/objects.a -Wl,--no-whole-archive  -o cmTC_4e014.exe -Wl,--out-implib,libcmTC_4e014.dll.a -Wl,--major-image-version,0,--minor-image-version,0 @CMakeFiles\cmTC_4e014.dir\linklibs.rsp
mingw32-make.exe[1]: Leaving directory 'C:/Users/THP/Desktop/Unibern/2018_02/Subjects/C_plus_plus_II/designpattern-master/designpattern-master/build-producerConsumerPattern-Desktop_Qt_5_10_0_MinGW_32bit-Default/CMakeFiles/CMakeTmp'


Determining if the pthread_create exist passed with the following output:
Change Dir: C:/Users/THP/Desktop/Unibern/2018_02/Subjects/C_plus_plus_II/designpattern-master/designpattern-master/build-producerConsumerPattern-Desktop_Qt_5_10_0_MinGW_32bit-Default/CMakeFiles/CMakeTmp

Run Build Command:"C:/Qt/Tools/mingw530_32/bin/mingw32-make.exe" "cmTC_a3f77/fast"
C:/Qt/Tools/mingw530_32/bin/mingw32-make.exe -f CMakeFiles\cmTC_a3f77.dir\build.make CMakeFiles/cmTC_a3f77.dir/build
mingw32-make.exe[1]: Entering directory 'C:/Users/THP/Desktop/Unibern/2018_02/Subjects/C_plus_plus_II/designpattern-master/designpattern-master/build-producerConsumerPattern-Desktop_Qt_5_10_0_MinGW_32bit-Default/CMakeFiles/CMakeTmp'
Building C object CMakeFiles/cmTC_a3f77.dir/CheckSymbolExists.c.obj
C:\Qt\Tools\mingw530_32\bin\gcc.exe     -o CMakeFiles\cmTC_a3f77.dir\CheckSymbolExists.c.obj   -c C:\Users\THP\Desktop\Unibern\2018_02\Subjects\C_plus_plus_II\designpattern-master\designpattern-master\build-producerConsumerPattern-Desktop_Qt_5_10_0_MinGW_32bit-Default\CMakeFiles\CMakeTmp\CheckSymbolExists.c
Linking C executable cmTC_a3f77.exe
"C:\Program Files\CMake\bin\cmake.exe" -E cmake_link_script CMakeFiles\cmTC_a3f77.dir\link.txt --verbose=1
"C:\Program Files\CMake\bin\cmake.exe" -E remove -f CMakeFiles\cmTC_a3f77.dir/objects.a
C:\Qt\Tools\mingw530_32\bin\ar.exe cr CMakeFiles\cmTC_a3f77.dir/objects.a @CMakeFiles\cmTC_a3f77.dir\objects1.rsp
C:\Qt\Tools\mingw530_32\bin\gcc.exe       -Wl,--whole-archive CMakeFiles\cmTC_a3f77.dir/objects.a -Wl,--no-whole-archive  -o cmTC_a3f77.exe -Wl,--out-implib,libcmTC_a3f77.dll.a -Wl,--major-image-version,0,--minor-image-version,0 @CMakeFiles\cmTC_a3f77.dir\linklibs.rsp
mingw32-make.exe[1]: Leaving directory 'C:/Users/THP/Desktop/Unibern/2018_02/Subjects/C_plus_plus_II/designpattern-master/designpattern-master/build-producerConsumerPattern-Desktop_Qt_5_10_0_MinGW_32bit-Default/CMakeFiles/CMakeTmp'

File C:/Users/THP/Desktop/Unibern/2018_02/Subjects/C_plus_plus_II/designpattern-master/designpattern-master/build-producerConsumerPattern-Desktop_Qt_5_10_0_MinGW_32bit-Default/CMakeFiles/CMakeTmp/CheckSymbolExists.c:
/* */
#include <pthread.h>

int main(int argc, char** argv)
{
  (void)argv;
#ifndef pthread_create
  return ((int*)(&pthread_create))[argc];
#else
  (void)argc;
  return 0;
#endif
}

