The system is: Windows - 10.0.17134 - AMD64
Compiling the C compiler identification source file "CMakeCCompilerId.c" succeeded.
Compiler: C:/Qt/Tools/mingw530_32/bin/gcc.exe 
Build flags: 
Id flags: 

The output was:
0


Compilation of the C compiler identification source "CMakeCCompilerId.c" produced "a.exe"

The C compiler identification is GNU, found in "C:/Users/THP/Desktop/Unibern/2018_02/Subjects/C_plus_plus_II/Project_Pincinato/build-EyeTracking-Desktop_Qt_5_10_0_MinGW_32bit-Default/CMakeFiles/3.7.2/CompilerIdC/a.exe"

Compiling the CXX compiler identification source file "CMakeCXXCompilerId.cpp" succeeded.
Compiler: C:/Qt/Tools/mingw530_32/bin/g++.exe 
Build flags: 
Id flags: 

The output was:
0


Compilation of the CXX compiler identification source "CMakeCXXCompilerId.cpp" produced "a.exe"

The CXX compiler identification is GNU, found in "C:/Users/THP/Desktop/Unibern/2018_02/Subjects/C_plus_plus_II/Project_Pincinato/build-EyeTracking-Desktop_Qt_5_10_0_MinGW_32bit-Default/CMakeFiles/3.7.2/CompilerIdCXX/a.exe"

Determining if the C compiler works passed with the following output:
Change Dir: C:/Users/THP/Desktop/Unibern/2018_02/Subjects/C_plus_plus_II/Project_Pincinato/build-EyeTracking-Desktop_Qt_5_10_0_MinGW_32bit-Default/CMakeFiles/CMakeTmp

Run Build Command:"C:/Qt/Tools/mingw530_32/bin/mingw32-make.exe" "cmTC_490f7/fast"
C:/Qt/Tools/mingw530_32/bin/mingw32-make.exe -f CMakeFiles\cmTC_490f7.dir\build.make CMakeFiles/cmTC_490f7.dir/build
mingw32-make.exe[1]: Entering directory 'C:/Users/THP/Desktop/Unibern/2018_02/Subjects/C_plus_plus_II/Project_Pincinato/build-EyeTracking-Desktop_Qt_5_10_0_MinGW_32bit-Default/CMakeFiles/CMakeTmp'
Building C object CMakeFiles/cmTC_490f7.dir/testCCompiler.c.obj
C:\Qt\Tools\mingw530_32\bin\gcc.exe     -o CMakeFiles\cmTC_490f7.dir\testCCompiler.c.obj   -c C:\Users\THP\Desktop\Unibern\2018_02\Subjects\C_plus_plus_II\Project_Pincinato\build-EyeTracking-Desktop_Qt_5_10_0_MinGW_32bit-Default\CMakeFiles\CMakeTmp\testCCompiler.c
Linking C executable cmTC_490f7.exe
"C:\Program Files\CMake\bin\cmake.exe" -E cmake_link_script CMakeFiles\cmTC_490f7.dir\link.txt --verbose=1
"C:\Program Files\CMake\bin\cmake.exe" -E remove -f CMakeFiles\cmTC_490f7.dir/objects.a
C:\Qt\Tools\mingw530_32\bin\ar.exe cr CMakeFiles\cmTC_490f7.dir/objects.a @CMakeFiles\cmTC_490f7.dir\objects1.rsp
C:\Qt\Tools\mingw530_32\bin\gcc.exe       -Wl,--whole-archive CMakeFiles\cmTC_490f7.dir/objects.a -Wl,--no-whole-archive  -o cmTC_490f7.exe -Wl,--out-implib,libcmTC_490f7.dll.a -Wl,--major-image-version,0,--minor-image-version,0 @CMakeFiles\cmTC_490f7.dir\linklibs.rsp
mingw32-make.exe[1]: Leaving directory 'C:/Users/THP/Desktop/Unibern/2018_02/Subjects/C_plus_plus_II/Project_Pincinato/build-EyeTracking-Desktop_Qt_5_10_0_MinGW_32bit-Default/CMakeFiles/CMakeTmp'


Detecting C compiler ABI info compiled with the following output:
Change Dir: C:/Users/THP/Desktop/Unibern/2018_02/Subjects/C_plus_plus_II/Project_Pincinato/build-EyeTracking-Desktop_Qt_5_10_0_MinGW_32bit-Default/CMakeFiles/CMakeTmp

Run Build Command:"C:/Qt/Tools/mingw530_32/bin/mingw32-make.exe" "cmTC_6c299/fast"
C:/Qt/Tools/mingw530_32/bin/mingw32-make.exe -f CMakeFiles\cmTC_6c299.dir\build.make CMakeFiles/cmTC_6c299.dir/build
mingw32-make.exe[1]: Entering directory 'C:/Users/THP/Desktop/Unibern/2018_02/Subjects/C_plus_plus_II/Project_Pincinato/build-EyeTracking-Desktop_Qt_5_10_0_MinGW_32bit-Default/CMakeFiles/CMakeTmp'
Building C object CMakeFiles/cmTC_6c299.dir/CMakeCCompilerABI.c.obj
C:\Qt\Tools\mingw530_32\bin\gcc.exe     -o CMakeFiles\cmTC_6c299.dir\CMakeCCompilerABI.c.obj   -c "C:\Program Files\CMake\share\cmake-3.7\Modules\CMakeCCompilerABI.c"
Linking C executable cmTC_6c299.exe
"C:\Program Files\CMake\bin\cmake.exe" -E cmake_link_script CMakeFiles\cmTC_6c299.dir\link.txt --verbose=1
"C:\Program Files\CMake\bin\cmake.exe" -E remove -f CMakeFiles\cmTC_6c299.dir/objects.a
C:\Qt\Tools\mingw530_32\bin\ar.exe cr CMakeFiles\cmTC_6c299.dir/objects.a @CMakeFiles\cmTC_6c299.dir\objects1.rsp
C:\Qt\Tools\mingw530_32\bin\gcc.exe      -v -Wl,--whole-archive CMakeFiles\cmTC_6c299.dir/objects.a -Wl,--no-whole-archive  -o cmTC_6c299.exe -Wl,--out-implib,libcmTC_6c299.dll.a -Wl,--major-image-version,0,--minor-image-version,0   
Using built-in specs.
COLLECT_GCC=C:\Qt\Tools\mingw530_32\bin\gcc.exe
COLLECT_LTO_WRAPPER=C:/Qt/Tools/mingw530_32/bin/../libexec/gcc/i686-w64-mingw32/5.3.0/lto-wrapper.exe
Target: i686-w64-mingw32
Configured with: ../../../src/gcc-5.3.0/configure --host=i686-w64-mingw32 --build=i686-w64-mingw32 --target=i686-w64-mingw32 --prefix=/mingw32 --with-sysroot=/c/mingw530/i686-530-posix-dwarf-rt_v4-rev0/mingw32 --with-gxx-include-dir=/mingw32/i686-w64-mingw32/include/c++ --enable-shared --enable-static --disable-multilib --enable-languages=c,c++,fortran,lto --enable-libstdcxx-time=yes --enable-threads=posix --enable-libgomp --enable-libatomic --enable-lto --enable-graphite --enable-checking=release --enable-fully-dynamic-string --enable-version-specific-runtime-libs --disable-sjlj-exceptions --with-dwarf2 --disable-isl-version-check --disable-libstdcxx-pch --disable-libstdcxx-debug --enable-bootstrap --disable-rpath --disable-win32-registry --disable-nls --disable-werror --disable-symvers --with-gnu-as --with-gnu-ld --with-arch=i686 --with-tune=generic --with-libiconv --with-system-zlib --with-gmp=/c/mingw530/prerequisites/i686-w64-mingw32-static --with-mpfr=/c/mingw530/prerequisites/i686-w64-mingw32-static --with-mpc=/c/mingw530/prerequisites/i686-w64-mingw32-static --with-isl=/c/mingw530/prerequisites/i686-w64-mingw32-static --with-pkgversion='i686-posix-dwarf-rev0, Built by MinGW-W64 project' --with-bugurl=http://sourceforge.net/projects/mingw-w64 CFLAGS='-O2 -pipe -I/c/mingw530/i686-530-posix-dwarf-rt_v4-rev0/mingw32/opt/include -I/c/mingw530/prerequisites/i686-zlib-static/include -I/c/mingw530/prerequisites/i686-w64-mingw32-static/include' CXXFLAGS='-O2 -pipe -I/c/mingw530/i686-530-posix-dwarf-rt_v4-rev0/mingw32/opt/include -I/c/mingw530/prerequisites/i686-zlib-static/include -I/c/mingw530/prerequisites/i686-w64-mingw32-static/include' CPPFLAGS= LDFLAGS='-pipe -L/c/mingw530/i686-530-posix-dwarf-rt_v4-rev0/mingw32/opt/lib -L/c/mingw530/prerequisites/i686-zlib-static/lib -L/c/mingw530/prerequisites/i686-w64-mingw32-static/lib -Wl,--large-address-aware'
Thread model: posix
gcc version 5.3.0 (i686-posix-dwarf-rev0, Built by MinGW-W64 project) 
COMPILER_PATH=C:/Qt/Tools/mingw530_32/bin/../libexec/gcc/i686-w64-mingw32/5.3.0/;C:/Qt/Tools/mingw530_32/bin/../libexec/gcc/;C:/Qt/Tools/mingw530_32/bin/../lib/gcc/i686-w64-mingw32/5.3.0/../../../../i686-w64-mingw32/bin/
LIBRARY_PATH=C:/Qt/Tools/mingw530_32/bin/../lib/gcc/i686-w64-mingw32/5.3.0/;C:/Qt/Tools/mingw530_32/bin/../lib/gcc/;C:/Qt/Tools/mingw530_32/bin/../lib/gcc/i686-w64-mingw32/5.3.0/../../../../i686-w64-mingw32/lib/../lib/;C:/Qt/Tools/mingw530_32/bin/../lib/gcc/i686-w64-mingw32/5.3.0/../../../../lib/;C:/Qt/Tools/mingw530_32/bin/../lib/gcc/i686-w64-mingw32/5.3.0/../../../../i686-w64-mingw32/lib/;C:/Qt/Tools/mingw530_32/bin/../lib/gcc/i686-w64-mingw32/5.3.0/../../../
COLLECT_GCC_OPTIONS='-v' '-o' 'cmTC_6c299.exe' '-mtune=generic' '-march=i686'
 C:/Qt/Tools/mingw530_32/bin/../libexec/gcc/i686-w64-mingw32/5.3.0/collect2.exe -plugin C:/Qt/Tools/mingw530_32/bin/../libexec/gcc/i686-w64-mingw32/5.3.0/liblto_plugin-0.dll -plugin-opt=C:/Qt/Tools/mingw530_32/bin/../libexec/gcc/i686-w64-mingw32/5.3.0/lto-wrapper.exe -plugin-opt=-fresolution=C:\Users\THP\AppData\Local\Temp\ccsrea98.res -plugin-opt=-pass-through=-lmingw32 -plugin-opt=-pass-through=-lgcc -plugin-opt=-pass-through=-lgcc_eh -plugin-opt=-pass-through=-lmoldname -plugin-opt=-pass-through=-lmingwex -plugin-opt=-pass-through=-lmsvcrt -plugin-opt=-pass-through=-lpthread -plugin-opt=-pass-through=-ladvapi32 -plugin-opt=-pass-through=-lshell32 -plugin-opt=-pass-through=-luser32 -plugin-opt=-pass-through=-lkernel32 -plugin-opt=-pass-through=-liconv -plugin-opt=-pass-through=-lmingw32 -plugin-opt=-pass-through=-lgcc -plugin-opt=-pass-through=-lgcc_eh -plugin-opt=-pass-through=-lmoldname -plugin-opt=-pass-through=-lmingwex -plugin-opt=-pass-through=-lmsvcrt --sysroot=C:/mingw530/i686-530-posix-dwarf-rt_v4-rev0/mingw32 -m i386pe -Bdynamic -o cmTC_6c299.exe C:/Qt/Tools/mingw530_32/bin/../lib/gcc/i686-w64-mingw32/5.3.0/../../../../i686-w64-mingw32/lib/../lib/crt2.o C:/Qt/Tools/mingw530_32/bin/../lib/gcc/i686-w64-mingw32/5.3.0/crtbegin.o -LC:/Qt/Tools/mingw530_32/bin/../lib/gcc/i686-w64-mingw32/5.3.0 -LC:/Qt/Tools/mingw530_32/bin/../lib/gcc -LC:/Qt/Tools/mingw530_32/bin/../lib/gcc/i686-w64-mingw32/5.3.0/../../../../i686-w64-mingw32/lib/../lib -LC:/Qt/Tools/mingw530_32/bin/../lib/gcc/i686-w64-mingw32/5.3.0/../../../../lib -LC:/Qt/Tools/mingw530_32/bin/../lib/gcc/i686-w64-mingw32/5.3.0/../../../../i686-w64-mingw32/lib -LC:/Qt/Tools/mingw530_32/bin/../lib/gcc/i686-w64-mingw32/5.3.0/../../.. --whole-archive CMakeFiles\cmTC_6c299.dir/objects.a --no-whole-archive --out-implib libcmTC_6c299.dll.a --major-image-version 0 --minor-image-version 0 -lmingw32 -lgcc -lgcc_eh -lmoldname -lmingwex -lmsvcrt -lpthread -ladvapi32 -lshell32 -luser32 -lkernel32 -liconv -lmingw32 -lgcc -lgcc_eh -lmoldname -lmingwex -lmsvcrt C:/Qt/Tools/mingw530_32/bin/../lib/gcc/i686-w64-mingw32/5.3.0/crtend.o
mingw32-make.exe[1]: Leaving directory 'C:/Users/THP/Desktop/Unibern/2018_02/Subjects/C_plus_plus_II/Project_Pincinato/build-EyeTracking-Desktop_Qt_5_10_0_MinGW_32bit-Default/CMakeFiles/CMakeTmp'


Parsed C implicit link information from above output:
  link line regex: [^( *|.*[/\])(ld\.exe|([^/\]+-)?ld|collect2)[^/\]*( |$)]
  ignore line: [Change Dir: C:/Users/THP/Desktop/Unibern/2018_02/Subjects/C_plus_plus_II/Project_Pincinato/build-EyeTracking-Desktop_Qt_5_10_0_MinGW_32bit-Default/CMakeFiles/CMakeTmp]
  ignore line: []
  ignore line: [Run Build Command:"C:/Qt/Tools/mingw530_32/bin/mingw32-make.exe" "cmTC_6c299/fast"]
  ignore line: [C:/Qt/Tools/mingw530_32/bin/mingw32-make.exe -f CMakeFiles\cmTC_6c299.dir\build.make CMakeFiles/cmTC_6c299.dir/build]
  ignore line: [mingw32-make.exe[1]: Entering directory 'C:/Users/THP/Desktop/Unibern/2018_02/Subjects/C_plus_plus_II/Project_Pincinato/build-EyeTracking-Desktop_Qt_5_10_0_MinGW_32bit-Default/CMakeFiles/CMakeTmp']
  ignore line: [Building C object CMakeFiles/cmTC_6c299.dir/CMakeCCompilerABI.c.obj]
  ignore line: [C:\Qt\Tools\mingw530_32\bin\gcc.exe     -o CMakeFiles\cmTC_6c299.dir\CMakeCCompilerABI.c.obj   -c "C:\Program Files\CMake\share\cmake-3.7\Modules\CMakeCCompilerABI.c"]
  ignore line: [Linking C executable cmTC_6c299.exe]
  ignore line: ["C:\Program Files\CMake\bin\cmake.exe" -E cmake_link_script CMakeFiles\cmTC_6c299.dir\link.txt --verbose=1]
  ignore line: ["C:\Program Files\CMake\bin\cmake.exe" -E remove -f CMakeFiles\cmTC_6c299.dir/objects.a]
  ignore line: [C:\Qt\Tools\mingw530_32\bin\ar.exe cr CMakeFiles\cmTC_6c299.dir/objects.a @CMakeFiles\cmTC_6c299.dir\objects1.rsp]
  ignore line: [C:\Qt\Tools\mingw530_32\bin\gcc.exe      -v -Wl,--whole-archive CMakeFiles\cmTC_6c299.dir/objects.a -Wl,--no-whole-archive  -o cmTC_6c299.exe -Wl,--out-implib,libcmTC_6c299.dll.a -Wl,--major-image-version,0,--minor-image-version,0   ]
  ignore line: [Using built-in specs.]
  ignore line: [COLLECT_GCC=C:\Qt\Tools\mingw530_32\bin\gcc.exe]
  ignore line: [COLLECT_LTO_WRAPPER=C:/Qt/Tools/mingw530_32/bin/../libexec/gcc/i686-w64-mingw32/5.3.0/lto-wrapper.exe]
  ignore line: [Target: i686-w64-mingw32]
  ignore line: [Configured with: ../../../src/gcc-5.3.0/configure --host=i686-w64-mingw32 --build=i686-w64-mingw32 --target=i686-w64-mingw32 --prefix=/mingw32 --with-sysroot=/c/mingw530/i686-530-posix-dwarf-rt_v4-rev0/mingw32 --with-gxx-include-dir=/mingw32/i686-w64-mingw32/include/c++ --enable-shared --enable-static --disable-multilib --enable-languages=c,c++,fortran,lto --enable-libstdcxx-time=yes --enable-threads=posix --enable-libgomp --enable-libatomic --enable-lto --enable-graphite --enable-checking=release --enable-fully-dynamic-string --enable-version-specific-runtime-libs --disable-sjlj-exceptions --with-dwarf2 --disable-isl-version-check --disable-libstdcxx-pch --disable-libstdcxx-debug --enable-bootstrap --disable-rpath --disable-win32-registry --disable-nls --disable-werror --disable-symvers --with-gnu-as --with-gnu-ld --with-arch=i686 --with-tune=generic --with-libiconv --with-system-zlib --with-gmp=/c/mingw530/prerequisites/i686-w64-mingw32-static --with-mpfr=/c/mingw530/prerequisites/i686-w64-mingw32-static --with-mpc=/c/mingw530/prerequisites/i686-w64-mingw32-static --with-isl=/c/mingw530/prerequisites/i686-w64-mingw32-static --with-pkgversion='i686-posix-dwarf-rev0, Built by MinGW-W64 project' --with-bugurl=http://sourceforge.net/projects/mingw-w64 CFLAGS='-O2 -pipe -I/c/mingw530/i686-530-posix-dwarf-rt_v4-rev0/mingw32/opt/include -I/c/mingw530/prerequisites/i686-zlib-static/include -I/c/mingw530/prerequisites/i686-w64-mingw32-static/include' CXXFLAGS='-O2 -pipe -I/c/mingw530/i686-530-posix-dwarf-rt_v4-rev0/mingw32/opt/include -I/c/mingw530/prerequisites/i686-zlib-static/include -I/c/mingw530/prerequisites/i686-w64-mingw32-static/include' CPPFLAGS= LDFLAGS='-pipe -L/c/mingw530/i686-530-posix-dwarf-rt_v4-rev0/mingw32/opt/lib -L/c/mingw530/prerequisites/i686-zlib-static/lib -L/c/mingw530/prerequisites/i686-w64-mingw32-static/lib -Wl,--large-address-aware']
  ignore line: [Thread model: posix]
  ignore line: [gcc version 5.3.0 (i686-posix-dwarf-rev0, Built by MinGW-W64 project) ]
  ignore line: [COMPILER_PATH=C:/Qt/Tools/mingw530_32/bin/../libexec/gcc/i686-w64-mingw32/5.3.0/]
  ignore line: [C:/Qt/Tools/mingw530_32/bin/../libexec/gcc/]
  ignore line: [C:/Qt/Tools/mingw530_32/bin/../lib/gcc/i686-w64-mingw32/5.3.0/../../../../i686-w64-mingw32/bin/]
  ignore line: [LIBRARY_PATH=C:/Qt/Tools/mingw530_32/bin/../lib/gcc/i686-w64-mingw32/5.3.0/]
  ignore line: [C:/Qt/Tools/mingw530_32/bin/../lib/gcc/]
  ignore line: [C:/Qt/Tools/mingw530_32/bin/../lib/gcc/i686-w64-mingw32/5.3.0/../../../../i686-w64-mingw32/lib/../lib/]
  ignore line: [C:/Qt/Tools/mingw530_32/bin/../lib/gcc/i686-w64-mingw32/5.3.0/../../../../lib/]
  ignore line: [C:/Qt/Tools/mingw530_32/bin/../lib/gcc/i686-w64-mingw32/5.3.0/../../../../i686-w64-mingw32/lib/]
  ignore line: [C:/Qt/Tools/mingw530_32/bin/../lib/gcc/i686-w64-mingw32/5.3.0/../../../]
  ignore line: [COLLECT_GCC_OPTIONS='-v' '-o' 'cmTC_6c299.exe' '-mtune=generic' '-march=i686']
  link line: [ C:/Qt/Tools/mingw530_32/bin/../libexec/gcc/i686-w64-mingw32/5.3.0/collect2.exe -plugin C:/Qt/Tools/mingw530_32/bin/../libexec/gcc/i686-w64-mingw32/5.3.0/liblto_plugin-0.dll -plugin-opt=C:/Qt/Tools/mingw530_32/bin/../libexec/gcc/i686-w64-mingw32/5.3.0/lto-wrapper.exe -plugin-opt=-fresolution=C:\Users\THP\AppData\Local\Temp\ccsrea98.res -plugin-opt=-pass-through=-lmingw32 -plugin-opt=-pass-through=-lgcc -plugin-opt=-pass-through=-lgcc_eh -plugin-opt=-pass-through=-lmoldname -plugin-opt=-pass-through=-lmingwex -plugin-opt=-pass-through=-lmsvcrt -plugin-opt=-pass-through=-lpthread -plugin-opt=-pass-through=-ladvapi32 -plugin-opt=-pass-through=-lshell32 -plugin-opt=-pass-through=-luser32 -plugin-opt=-pass-through=-lkernel32 -plugin-opt=-pass-through=-liconv -plugin-opt=-pass-through=-lmingw32 -plugin-opt=-pass-through=-lgcc -plugin-opt=-pass-through=-lgcc_eh -plugin-opt=-pass-through=-lmoldname -plugin-opt=-pass-through=-lmingwex -plugin-opt=-pass-through=-lmsvcrt --sysroot=C:/mingw530/i686-530-posix-dwarf-rt_v4-rev0/mingw32 -m i386pe -Bdynamic -o cmTC_6c299.exe C:/Qt/Tools/mingw530_32/bin/../lib/gcc/i686-w64-mingw32/5.3.0/../../../../i686-w64-mingw32/lib/../lib/crt2.o C:/Qt/Tools/mingw530_32/bin/../lib/gcc/i686-w64-mingw32/5.3.0/crtbegin.o -LC:/Qt/Tools/mingw530_32/bin/../lib/gcc/i686-w64-mingw32/5.3.0 -LC:/Qt/Tools/mingw530_32/bin/../lib/gcc -LC:/Qt/Tools/mingw530_32/bin/../lib/gcc/i686-w64-mingw32/5.3.0/../../../../i686-w64-mingw32/lib/../lib -LC:/Qt/Tools/mingw530_32/bin/../lib/gcc/i686-w64-mingw32/5.3.0/../../../../lib -LC:/Qt/Tools/mingw530_32/bin/../lib/gcc/i686-w64-mingw32/5.3.0/../../../../i686-w64-mingw32/lib -LC:/Qt/Tools/mingw530_32/bin/../lib/gcc/i686-w64-mingw32/5.3.0/../../.. --whole-archive CMakeFiles\cmTC_6c299.dir/objects.a --no-whole-archive --out-implib libcmTC_6c299.dll.a --major-image-version 0 --minor-image-version 0 -lmingw32 -lgcc -lgcc_eh -lmoldname -lmingwex -lmsvcrt -lpthread -ladvapi32 -lshell32 -luser32 -lkernel32 -liconv -lmingw32 -lgcc -lgcc_eh -lmoldname -lmingwex -lmsvcrt C:/Qt/Tools/mingw530_32/bin/../lib/gcc/i686-w64-mingw32/5.3.0/crtend.o]
    arg [C:/Qt/Tools/mingw530_32/bin/../libexec/gcc/i686-w64-mingw32/5.3.0/collect2.exe] ==> ignore
    arg [-plugin] ==> ignore
    arg [C:/Qt/Tools/mingw530_32/bin/../libexec/gcc/i686-w64-mingw32/5.3.0/liblto_plugin-0.dll] ==> ignore
    arg [-plugin-opt=C:/Qt/Tools/mingw530_32/bin/../libexec/gcc/i686-w64-mingw32/5.3.0/lto-wrapper.exe] ==> ignore
    arg [-plugin-opt=-fresolution=C:\Users\THP\AppData\Local\Temp\ccsrea98.res] ==> ignore
    arg [-plugin-opt=-pass-through=-lmingw32] ==> ignore
    arg [-plugin-opt=-pass-through=-lgcc] ==> ignore
    arg [-plugin-opt=-pass-through=-lgcc_eh] ==> ignore
    arg [-plugin-opt=-pass-through=-lmoldname] ==> ignore
    arg [-plugin-opt=-pass-through=-lmingwex] ==> ignore
    arg [-plugin-opt=-pass-through=-lmsvcrt] ==> ignore
    arg [-plugin-opt=-pass-through=-lpthread] ==> ignore
    arg [-plugin-opt=-pass-through=-ladvapi32] ==> ignore
    arg [-plugin-opt=-pass-through=-lshell32] ==> ignore
    arg [-plugin-opt=-pass-through=-luser32] ==> ignore
    arg [-plugin-opt=-pass-through=-lkernel32] ==> ignore
    arg [-plugin-opt=-pass-through=-liconv] ==> ignore
    arg [-plugin-opt=-pass-through=-lmingw32] ==> ignore
    arg [-plugin-opt=-pass-through=-lgcc] ==> ignore
    arg [-plugin-opt=-pass-through=-lgcc_eh] ==> ignore
    arg [-plugin-opt=-pass-through=-lmoldname] ==> ignore
    arg [-plugin-opt=-pass-through=-lmingwex] ==> ignore
    arg [-plugin-opt=-pass-through=-lmsvcrt] ==> ignore
    arg [--sysroot=C:/mingw530/i686-530-posix-dwarf-rt_v4-rev0/mingw32] ==> ignore
    arg [-m] ==> ignore
    arg [i386pe] ==> ignore
    arg [-Bdynamic] ==> ignore
    arg [-o] ==> ignore
    arg [cmTC_6c299.exe] ==> ignore
    arg [C:/Qt/Tools/mingw530_32/bin/../lib/gcc/i686-w64-mingw32/5.3.0/../../../../i686-w64-mingw32/lib/../lib/crt2.o] ==> ignore
    arg [C:/Qt/Tools/mingw530_32/bin/../lib/gcc/i686-w64-mingw32/5.3.0/crtbegin.o] ==> ignore
    arg [-LC:/Qt/Tools/mingw530_32/bin/../lib/gcc/i686-w64-mingw32/5.3.0] ==> dir [C:/Qt/Tools/mingw530_32/bin/../lib/gcc/i686-w64-mingw32/5.3.0]
    arg [-LC:/Qt/Tools/mingw530_32/bin/../lib/gcc] ==> dir [C:/Qt/Tools/mingw530_32/bin/../lib/gcc]
    arg [-LC:/Qt/Tools/mingw530_32/bin/../lib/gcc/i686-w64-mingw32/5.3.0/../../../../i686-w64-mingw32/lib/../lib] ==> dir [C:/Qt/Tools/mingw530_32/bin/../lib/gcc/i686-w64-mingw32/5.3.0/../../../../i686-w64-mingw32/lib/../lib]
    arg [-LC:/Qt/Tools/mingw530_32/bin/../lib/gcc/i686-w64-mingw32/5.3.0/../../../../lib] ==> dir [C:/Qt/Tools/mingw530_32/bin/../lib/gcc/i686-w64-mingw32/5.3.0/../../../../lib]
    arg [-LC:/Qt/Tools/mingw530_32/bin/../lib/gcc/i686-w64-mingw32/5.3.0/../../../../i686-w64-mingw32/lib] ==> dir [C:/Qt/Tools/mingw530_32/bin/../lib/gcc/i686-w64-mingw32/5.3.0/../../../../i686-w64-mingw32/lib]
    arg [-LC:/Qt/Tools/mingw530_32/bin/../lib/gcc/i686-w64-mingw32/5.3.0/../../..] ==> dir [C:/Qt/Tools/mingw530_32/bin/../lib/gcc/i686-w64-mingw32/5.3.0/../../..]
    arg [--whole-archive] ==> ignore
    arg [CMakeFiles\cmTC_6c299.dir/objects.a] ==> ignore
    arg [--no-whole-archive] ==> ignore
    arg [--out-implib] ==> ignore
    arg [libcmTC_6c299.dll.a] ==> ignore
    arg [--major-image-version] ==> ignore
    arg [0] ==> ignore
    arg [--minor-image-version] ==> ignore
    arg [0] ==> ignore
    arg [-lmingw32] ==> lib [mingw32]
    arg [-lgcc] ==> lib [gcc]
    arg [-lgcc_eh] ==> lib [gcc_eh]
    arg [-lmoldname] ==> lib [moldname]
    arg [-lmingwex] ==> lib [mingwex]
    arg [-lmsvcrt] ==> lib [msvcrt]
    arg [-lpthread] ==> lib [pthread]
    arg [-ladvapi32] ==> lib [advapi32]
    arg [-lshell32] ==> lib [shell32]
    arg [-luser32] ==> lib [user32]
    arg [-lkernel32] ==> lib [kernel32]
    arg [-liconv] ==> lib [iconv]
    arg [-lmingw32] ==> lib [mingw32]
    arg [-lgcc] ==> lib [gcc]
    arg [-lgcc_eh] ==> lib [gcc_eh]
    arg [-lmoldname] ==> lib [moldname]
    arg [-lmingwex] ==> lib [mingwex]
    arg [-lmsvcrt] ==> lib [msvcrt]
    arg [C:/Qt/Tools/mingw530_32/bin/../lib/gcc/i686-w64-mingw32/5.3.0/crtend.o] ==> ignore
  remove lib [gcc]
  remove lib [gcc_eh]
  remove lib [gcc]
  remove lib [gcc_eh]
  collapse library dir [C:/Qt/Tools/mingw530_32/bin/../lib/gcc/i686-w64-mingw32/5.3.0] ==> [C:/Qt/Tools/mingw530_32/lib/gcc/i686-w64-mingw32/5.3.0]
  collapse library dir [C:/Qt/Tools/mingw530_32/bin/../lib/gcc] ==> [C:/Qt/Tools/mingw530_32/lib/gcc]
  collapse library dir [C:/Qt/Tools/mingw530_32/bin/../lib/gcc/i686-w64-mingw32/5.3.0/../../../../i686-w64-mingw32/lib/../lib] ==> [C:/Qt/Tools/mingw530_32/i686-w64-mingw32/lib]
  collapse library dir [C:/Qt/Tools/mingw530_32/bin/../lib/gcc/i686-w64-mingw32/5.3.0/../../../../lib] ==> [C:/Qt/Tools/mingw530_32/lib]
  collapse library dir [C:/Qt/Tools/mingw530_32/bin/../lib/gcc/i686-w64-mingw32/5.3.0/../../../../i686-w64-mingw32/lib] ==> [C:/Qt/Tools/mingw530_32/i686-w64-mingw32/lib]
  collapse library dir [C:/Qt/Tools/mingw530_32/bin/../lib/gcc/i686-w64-mingw32/5.3.0/../../..] ==> [C:/Qt/Tools/mingw530_32/lib]
  implicit libs: [mingw32;moldname;mingwex;msvcrt;pthread;advapi32;shell32;user32;kernel32;iconv;mingw32;moldname;mingwex;msvcrt]
  implicit dirs: [C:/Qt/Tools/mingw530_32/lib/gcc/i686-w64-mingw32/5.3.0;C:/Qt/Tools/mingw530_32/lib/gcc;C:/Qt/Tools/mingw530_32/i686-w64-mingw32/lib;C:/Qt/Tools/mingw530_32/lib]
  implicit fwks: []




Detecting C [-std=c11] compiler features compiled with the following output:
Change Dir: C:/Users/THP/Desktop/Unibern/2018_02/Subjects/C_plus_plus_II/Project_Pincinato/build-EyeTracking-Desktop_Qt_5_10_0_MinGW_32bit-Default/CMakeFiles/CMakeTmp

Run Build Command:"C:/Qt/Tools/mingw530_32/bin/mingw32-make.exe" "cmTC_45806/fast"
C:/Qt/Tools/mingw530_32/bin/mingw32-make.exe -f CMakeFiles\cmTC_45806.dir\build.make CMakeFiles/cmTC_45806.dir/build
mingw32-make.exe[1]: Entering directory 'C:/Users/THP/Desktop/Unibern/2018_02/Subjects/C_plus_plus_II/Project_Pincinato/build-EyeTracking-Desktop_Qt_5_10_0_MinGW_32bit-Default/CMakeFiles/CMakeTmp'
Building C object CMakeFiles/cmTC_45806.dir/feature_tests.c.obj
C:\Qt\Tools\mingw530_32\bin\gcc.exe    -std=c11 -o CMakeFiles\cmTC_45806.dir\feature_tests.c.obj   -c C:\Users\THP\Desktop\Unibern\2018_02\Subjects\C_plus_plus_II\Project_Pincinato\build-EyeTracking-Desktop_Qt_5_10_0_MinGW_32bit-Default\CMakeFiles\feature_tests.c
Linking C executable cmTC_45806.exe
"C:\Program Files\CMake\bin\cmake.exe" -E cmake_link_script CMakeFiles\cmTC_45806.dir\link.txt --verbose=1
"C:\Program Files\CMake\bin\cmake.exe" -E remove -f CMakeFiles\cmTC_45806.dir/objects.a
C:\Qt\Tools\mingw530_32\bin\ar.exe cr CMakeFiles\cmTC_45806.dir/objects.a @CMakeFiles\cmTC_45806.dir\objects1.rsp
C:\Qt\Tools\mingw530_32\bin\gcc.exe       -Wl,--whole-archive CMakeFiles\cmTC_45806.dir/objects.a -Wl,--no-whole-archive  -o cmTC_45806.exe -Wl,--out-implib,libcmTC_45806.dll.a -Wl,--major-image-version,0,--minor-image-version,0 @CMakeFiles\cmTC_45806.dir\linklibs.rsp
mingw32-make.exe[1]: Leaving directory 'C:/Users/THP/Desktop/Unibern/2018_02/Subjects/C_plus_plus_II/Project_Pincinato/build-EyeTracking-Desktop_Qt_5_10_0_MinGW_32bit-Default/CMakeFiles/CMakeTmp'


    Feature record: C_FEATURE:1c_function_prototypes
    Feature record: C_FEATURE:1c_restrict
    Feature record: C_FEATURE:1c_static_assert
    Feature record: C_FEATURE:1c_variadic_macros


Detecting C [-std=c99] compiler features compiled with the following output:
Change Dir: C:/Users/THP/Desktop/Unibern/2018_02/Subjects/C_plus_plus_II/Project_Pincinato/build-EyeTracking-Desktop_Qt_5_10_0_MinGW_32bit-Default/CMakeFiles/CMakeTmp

Run Build Command:"C:/Qt/Tools/mingw530_32/bin/mingw32-make.exe" "cmTC_6681e/fast"
C:/Qt/Tools/mingw530_32/bin/mingw32-make.exe -f CMakeFiles\cmTC_6681e.dir\build.make CMakeFiles/cmTC_6681e.dir/build
mingw32-make.exe[1]: Entering directory 'C:/Users/THP/Desktop/Unibern/2018_02/Subjects/C_plus_plus_II/Project_Pincinato/build-EyeTracking-Desktop_Qt_5_10_0_MinGW_32bit-Default/CMakeFiles/CMakeTmp'
Building C object CMakeFiles/cmTC_6681e.dir/feature_tests.c.obj
C:\Qt\Tools\mingw530_32\bin\gcc.exe    -std=c99 -o CMakeFiles\cmTC_6681e.dir\feature_tests.c.obj   -c C:\Users\THP\Desktop\Unibern\2018_02\Subjects\C_plus_plus_II\Project_Pincinato\build-EyeTracking-Desktop_Qt_5_10_0_MinGW_32bit-Default\CMakeFiles\feature_tests.c
Linking C executable cmTC_6681e.exe
"C:\Program Files\CMake\bin\cmake.exe" -E cmake_link_script CMakeFiles\cmTC_6681e.dir\link.txt --verbose=1
"C:\Program Files\CMake\bin\cmake.exe" -E remove -f CMakeFiles\cmTC_6681e.dir/objects.a
C:\Qt\Tools\mingw530_32\bin\ar.exe cr CMakeFiles\cmTC_6681e.dir/objects.a @CMakeFiles\cmTC_6681e.dir\objects1.rsp
C:\Qt\Tools\mingw530_32\bin\gcc.exe       -Wl,--whole-archive CMakeFiles\cmTC_6681e.dir/objects.a -Wl,--no-whole-archive  -o cmTC_6681e.exe -Wl,--out-implib,libcmTC_6681e.dll.a -Wl,--major-image-version,0,--minor-image-version,0 @CMakeFiles\cmTC_6681e.dir\linklibs.rsp
mingw32-make.exe[1]: Leaving directory 'C:/Users/THP/Desktop/Unibern/2018_02/Subjects/C_plus_plus_II/Project_Pincinato/build-EyeTracking-Desktop_Qt_5_10_0_MinGW_32bit-Default/CMakeFiles/CMakeTmp'


    Feature record: C_FEATURE:1c_function_prototypes
    Feature record: C_FEATURE:1c_restrict
    Feature record: C_FEATURE:0c_static_assert
    Feature record: C_FEATURE:1c_variadic_macros


Detecting C [-std=c90] compiler features compiled with the following output:
Change Dir: C:/Users/THP/Desktop/Unibern/2018_02/Subjects/C_plus_plus_II/Project_Pincinato/build-EyeTracking-Desktop_Qt_5_10_0_MinGW_32bit-Default/CMakeFiles/CMakeTmp

Run Build Command:"C:/Qt/Tools/mingw530_32/bin/mingw32-make.exe" "cmTC_f77c4/fast"
C:/Qt/Tools/mingw530_32/bin/mingw32-make.exe -f CMakeFiles\cmTC_f77c4.dir\build.make CMakeFiles/cmTC_f77c4.dir/build
mingw32-make.exe[1]: Entering directory 'C:/Users/THP/Desktop/Unibern/2018_02/Subjects/C_plus_plus_II/Project_Pincinato/build-EyeTracking-Desktop_Qt_5_10_0_MinGW_32bit-Default/CMakeFiles/CMakeTmp'
Building C object CMakeFiles/cmTC_f77c4.dir/feature_tests.c.obj
C:\Qt\Tools\mingw530_32\bin\gcc.exe    -std=c90 -o CMakeFiles\cmTC_f77c4.dir\feature_tests.c.obj   -c C:\Users\THP\Desktop\Unibern\2018_02\Subjects\C_plus_plus_II\Project_Pincinato\build-EyeTracking-Desktop_Qt_5_10_0_MinGW_32bit-Default\CMakeFiles\feature_tests.c
Linking C executable cmTC_f77c4.exe
"C:\Program Files\CMake\bin\cmake.exe" -E cmake_link_script CMakeFiles\cmTC_f77c4.dir\link.txt --verbose=1
"C:\Program Files\CMake\bin\cmake.exe" -E remove -f CMakeFiles\cmTC_f77c4.dir/objects.a
C:\Qt\Tools\mingw530_32\bin\ar.exe cr CMakeFiles\cmTC_f77c4.dir/objects.a @CMakeFiles\cmTC_f77c4.dir\objects1.rsp
C:\Qt\Tools\mingw530_32\bin\gcc.exe       -Wl,--whole-archive CMakeFiles\cmTC_f77c4.dir/objects.a -Wl,--no-whole-archive  -o cmTC_f77c4.exe -Wl,--out-implib,libcmTC_f77c4.dll.a -Wl,--major-image-version,0,--minor-image-version,0 @CMakeFiles\cmTC_f77c4.dir\linklibs.rsp
mingw32-make.exe[1]: Leaving directory 'C:/Users/THP/Desktop/Unibern/2018_02/Subjects/C_plus_plus_II/Project_Pincinato/build-EyeTracking-Desktop_Qt_5_10_0_MinGW_32bit-Default/CMakeFiles/CMakeTmp'


    Feature record: C_FEATURE:1c_function_prototypes
    Feature record: C_FEATURE:0c_restrict
    Feature record: C_FEATURE:0c_static_assert
    Feature record: C_FEATURE:0c_variadic_macros
Determining if the CXX compiler works passed with the following output:
Change Dir: C:/Users/THP/Desktop/Unibern/2018_02/Subjects/C_plus_plus_II/Project_Pincinato/build-EyeTracking-Desktop_Qt_5_10_0_MinGW_32bit-Default/CMakeFiles/CMakeTmp

Run Build Command:"C:/Qt/Tools/mingw530_32/bin/mingw32-make.exe" "cmTC_2372c/fast"
C:/Qt/Tools/mingw530_32/bin/mingw32-make.exe -f CMakeFiles\cmTC_2372c.dir\build.make CMakeFiles/cmTC_2372c.dir/build
mingw32-make.exe[1]: Entering directory 'C:/Users/THP/Desktop/Unibern/2018_02/Subjects/C_plus_plus_II/Project_Pincinato/build-EyeTracking-Desktop_Qt_5_10_0_MinGW_32bit-Default/CMakeFiles/CMakeTmp'
Building CXX object CMakeFiles/cmTC_2372c.dir/testCXXCompiler.cxx.obj
C:\Qt\Tools\mingw530_32\bin\g++.exe      -o CMakeFiles\cmTC_2372c.dir\testCXXCompiler.cxx.obj -c C:\Users\THP\Desktop\Unibern\2018_02\Subjects\C_plus_plus_II\Project_Pincinato\build-EyeTracking-Desktop_Qt_5_10_0_MinGW_32bit-Default\CMakeFiles\CMakeTmp\testCXXCompiler.cxx
Linking CXX executable cmTC_2372c.exe
"C:\Program Files\CMake\bin\cmake.exe" -E cmake_link_script CMakeFiles\cmTC_2372c.dir\link.txt --verbose=1
"C:\Program Files\CMake\bin\cmake.exe" -E remove -f CMakeFiles\cmTC_2372c.dir/objects.a
C:\Qt\Tools\mingw530_32\bin\ar.exe cr CMakeFiles\cmTC_2372c.dir/objects.a @CMakeFiles\cmTC_2372c.dir\objects1.rsp
C:\Qt\Tools\mingw530_32\bin\g++.exe       -Wl,--whole-archive CMakeFiles\cmTC_2372c.dir/objects.a -Wl,--no-whole-archive  -o cmTC_2372c.exe -Wl,--out-implib,libcmTC_2372c.dll.a -Wl,--major-image-version,0,--minor-image-version,0 @CMakeFiles\cmTC_2372c.dir\linklibs.rsp
mingw32-make.exe[1]: Leaving directory 'C:/Users/THP/Desktop/Unibern/2018_02/Subjects/C_plus_plus_II/Project_Pincinato/build-EyeTracking-Desktop_Qt_5_10_0_MinGW_32bit-Default/CMakeFiles/CMakeTmp'


Detecting CXX compiler ABI info compiled with the following output:
Change Dir: C:/Users/THP/Desktop/Unibern/2018_02/Subjects/C_plus_plus_II/Project_Pincinato/build-EyeTracking-Desktop_Qt_5_10_0_MinGW_32bit-Default/CMakeFiles/CMakeTmp

Run Build Command:"C:/Qt/Tools/mingw530_32/bin/mingw32-make.exe" "cmTC_2a7e3/fast"
C:/Qt/Tools/mingw530_32/bin/mingw32-make.exe -f CMakeFiles\cmTC_2a7e3.dir\build.make CMakeFiles/cmTC_2a7e3.dir/build
mingw32-make.exe[1]: Entering directory 'C:/Users/THP/Desktop/Unibern/2018_02/Subjects/C_plus_plus_II/Project_Pincinato/build-EyeTracking-Desktop_Qt_5_10_0_MinGW_32bit-Default/CMakeFiles/CMakeTmp'
Building CXX object CMakeFiles/cmTC_2a7e3.dir/CMakeCXXCompilerABI.cpp.obj
C:\Qt\Tools\mingw530_32\bin\g++.exe      -o CMakeFiles\cmTC_2a7e3.dir\CMakeCXXCompilerABI.cpp.obj -c "C:\Program Files\CMake\share\cmake-3.7\Modules\CMakeCXXCompilerABI.cpp"
Linking CXX executable cmTC_2a7e3.exe
"C:\Program Files\CMake\bin\cmake.exe" -E cmake_link_script CMakeFiles\cmTC_2a7e3.dir\link.txt --verbose=1
"C:\Program Files\CMake\bin\cmake.exe" -E remove -f CMakeFiles\cmTC_2a7e3.dir/objects.a
C:\Qt\Tools\mingw530_32\bin\ar.exe cr CMakeFiles\cmTC_2a7e3.dir/objects.a @CMakeFiles\cmTC_2a7e3.dir\objects1.rsp
C:\Qt\Tools\mingw530_32\bin\g++.exe      -v -Wl,--whole-archive CMakeFiles\cmTC_2a7e3.dir/objects.a -Wl,--no-whole-archive  -o cmTC_2a7e3.exe -Wl,--out-implib,libcmTC_2a7e3.dll.a -Wl,--major-image-version,0,--minor-image-version,0   
Using built-in specs.
COLLECT_GCC=C:\Qt\Tools\mingw530_32\bin\g++.exe
COLLECT_LTO_WRAPPER=C:/Qt/Tools/mingw530_32/bin/../libexec/gcc/i686-w64-mingw32/5.3.0/lto-wrapper.exe
Target: i686-w64-mingw32
Configured with: ../../../src/gcc-5.3.0/configure --host=i686-w64-mingw32 --build=i686-w64-mingw32 --target=i686-w64-mingw32 --prefix=/mingw32 --with-sysroot=/c/mingw530/i686-530-posix-dwarf-rt_v4-rev0/mingw32 --with-gxx-include-dir=/mingw32/i686-w64-mingw32/include/c++ --enable-shared --enable-static --disable-multilib --enable-languages=c,c++,fortran,lto --enable-libstdcxx-time=yes --enable-threads=posix --enable-libgomp --enable-libatomic --enable-lto --enable-graphite --enable-checking=release --enable-fully-dynamic-string --enable-version-specific-runtime-libs --disable-sjlj-exceptions --with-dwarf2 --disable-isl-version-check --disable-libstdcxx-pch --disable-libstdcxx-debug --enable-bootstrap --disable-rpath --disable-win32-registry --disable-nls --disable-werror --disable-symvers --with-gnu-as --with-gnu-ld --with-arch=i686 --with-tune=generic --with-libiconv --with-system-zlib --with-gmp=/c/mingw530/prerequisites/i686-w64-mingw32-static --with-mpfr=/c/mingw530/prerequisites/i686-w64-mingw32-static --with-mpc=/c/mingw530/prerequisites/i686-w64-mingw32-static --with-isl=/c/mingw530/prerequisites/i686-w64-mingw32-static --with-pkgversion='i686-posix-dwarf-rev0, Built by MinGW-W64 project' --with-bugurl=http://sourceforge.net/projects/mingw-w64 CFLAGS='-O2 -pipe -I/c/mingw530/i686-530-posix-dwarf-rt_v4-rev0/mingw32/opt/include -I/c/mingw530/prerequisites/i686-zlib-static/include -I/c/mingw530/prerequisites/i686-w64-mingw32-static/include' CXXFLAGS='-O2 -pipe -I/c/mingw530/i686-530-posix-dwarf-rt_v4-rev0/mingw32/opt/include -I/c/mingw530/prerequisites/i686-zlib-static/include -I/c/mingw530/prerequisites/i686-w64-mingw32-static/include' CPPFLAGS= LDFLAGS='-pipe -L/c/mingw530/i686-530-posix-dwarf-rt_v4-rev0/mingw32/opt/lib -L/c/mingw530/prerequisites/i686-zlib-static/lib -L/c/mingw530/prerequisites/i686-w64-mingw32-static/lib -Wl,--large-address-aware'
Thread model: posix
gcc version 5.3.0 (i686-posix-dwarf-rev0, Built by MinGW-W64 project) 
COMPILER_PATH=C:/Qt/Tools/mingw530_32/bin/../libexec/gcc/i686-w64-mingw32/5.3.0/;C:/Qt/Tools/mingw530_32/bin/../libexec/gcc/;C:/Qt/Tools/mingw530_32/bin/../lib/gcc/i686-w64-mingw32/5.3.0/../../../../i686-w64-mingw32/bin/
LIBRARY_PATH=C:/Qt/Tools/mingw530_32/bin/../lib/gcc/i686-w64-mingw32/5.3.0/;C:/Qt/Tools/mingw530_32/bin/../lib/gcc/;C:/Qt/Tools/mingw530_32/bin/../lib/gcc/i686-w64-mingw32/5.3.0/../../../../i686-w64-mingw32/lib/../lib/;C:/Qt/Tools/mingw530_32/bin/../lib/gcc/i686-w64-mingw32/5.3.0/../../../../lib/;C:/Qt/Tools/mingw530_32/bin/../lib/gcc/i686-w64-mingw32/5.3.0/../../../../i686-w64-mingw32/lib/;C:/Qt/Tools/mingw530_32/bin/../lib/gcc/i686-w64-mingw32/5.3.0/../../../
COLLECT_GCC_OPTIONS='-v' '-o' 'cmTC_2a7e3.exe' '-shared-libgcc' '-mtune=generic' '-march=i686'
 C:/Qt/Tools/mingw530_32/bin/../libexec/gcc/i686-w64-mingw32/5.3.0/collect2.exe -plugin C:/Qt/Tools/mingw530_32/bin/../libexec/gcc/i686-w64-mingw32/5.3.0/liblto_plugin-0.dll -plugin-opt=C:/Qt/Tools/mingw530_32/bin/../libexec/gcc/i686-w64-mingw32/5.3.0/lto-wrapper.exe -plugin-opt=-fresolution=C:\Users\THP\AppData\Local\Temp\cc7Kvn0L.res -plugin-opt=-pass-through=-lmingw32 -plugin-opt=-pass-through=-lgcc_s -plugin-opt=-pass-through=-lgcc -plugin-opt=-pass-through=-lmoldname -plugin-opt=-pass-through=-lmingwex -plugin-opt=-pass-through=-lmsvcrt -plugin-opt=-pass-through=-lpthread -plugin-opt=-pass-through=-ladvapi32 -plugin-opt=-pass-through=-lshell32 -plugin-opt=-pass-through=-luser32 -plugin-opt=-pass-through=-lkernel32 -plugin-opt=-pass-through=-liconv -plugin-opt=-pass-through=-lmingw32 -plugin-opt=-pass-through=-lgcc_s -plugin-opt=-pass-through=-lgcc -plugin-opt=-pass-through=-lmoldname -plugin-opt=-pass-through=-lmingwex -plugin-opt=-pass-through=-lmsvcrt --sysroot=C:/mingw530/i686-530-posix-dwarf-rt_v4-rev0/mingw32 -m i386pe -Bdynamic -u ___register_frame_info -u ___deregister_frame_info -o cmTC_2a7e3.exe C:/Qt/Tools/mingw530_32/bin/../lib/gcc/i686-w64-mingw32/5.3.0/../../../../i686-w64-mingw32/lib/../lib/crt2.o C:/Qt/Tools/mingw530_32/bin/../lib/gcc/i686-w64-mingw32/5.3.0/crtbegin.o -LC:/Qt/Tools/mingw530_32/bin/../lib/gcc/i686-w64-mingw32/5.3.0 -LC:/Qt/Tools/mingw530_32/bin/../lib/gcc -LC:/Qt/Tools/mingw530_32/bin/../lib/gcc/i686-w64-mingw32/5.3.0/../../../../i686-w64-mingw32/lib/../lib -LC:/Qt/Tools/mingw530_32/bin/../lib/gcc/i686-w64-mingw32/5.3.0/../../../../lib -LC:/Qt/Tools/mingw530_32/bin/../lib/gcc/i686-w64-mingw32/5.3.0/../../../../i686-w64-mingw32/lib -LC:/Qt/Tools/mingw530_32/bin/../lib/gcc/i686-w64-mingw32/5.3.0/../../.. --whole-archive CMakeFiles\cmTC_2a7e3.dir/objects.a --no-whole-archive --out-implib libcmTC_2a7e3.dll.a --major-image-version 0 --minor-image-version 0 -lstdc++ -lmingw32 -lgcc_s -lgcc -lmoldname -lmingwex -lmsvcrt -lpthread -ladvapi32 -lshell32 -luser32 -lkernel32 -liconv -lmingw32 -lgcc_s -lgcc -lmoldname -lmingwex -lmsvcrt C:/Qt/Tools/mingw530_32/bin/../lib/gcc/i686-w64-mingw32/5.3.0/crtend.o
mingw32-make.exe[1]: Leaving directory 'C:/Users/THP/Desktop/Unibern/2018_02/Subjects/C_plus_plus_II/Project_Pincinato/build-EyeTracking-Desktop_Qt_5_10_0_MinGW_32bit-Default/CMakeFiles/CMakeTmp'


Parsed CXX implicit link information from above output:
  link line regex: [^( *|.*[/\])(ld\.exe|([^/\]+-)?ld|collect2)[^/\]*( |$)]
  ignore line: [Change Dir: C:/Users/THP/Desktop/Unibern/2018_02/Subjects/C_plus_plus_II/Project_Pincinato/build-EyeTracking-Desktop_Qt_5_10_0_MinGW_32bit-Default/CMakeFiles/CMakeTmp]
  ignore line: []
  ignore line: [Run Build Command:"C:/Qt/Tools/mingw530_32/bin/mingw32-make.exe" "cmTC_2a7e3/fast"]
  ignore line: [C:/Qt/Tools/mingw530_32/bin/mingw32-make.exe -f CMakeFiles\cmTC_2a7e3.dir\build.make CMakeFiles/cmTC_2a7e3.dir/build]
  ignore line: [mingw32-make.exe[1]: Entering directory 'C:/Users/THP/Desktop/Unibern/2018_02/Subjects/C_plus_plus_II/Project_Pincinato/build-EyeTracking-Desktop_Qt_5_10_0_MinGW_32bit-Default/CMakeFiles/CMakeTmp']
  ignore line: [Building CXX object CMakeFiles/cmTC_2a7e3.dir/CMakeCXXCompilerABI.cpp.obj]
  ignore line: [C:\Qt\Tools\mingw530_32\bin\g++.exe      -o CMakeFiles\cmTC_2a7e3.dir\CMakeCXXCompilerABI.cpp.obj -c "C:\Program Files\CMake\share\cmake-3.7\Modules\CMakeCXXCompilerABI.cpp"]
  ignore line: [Linking CXX executable cmTC_2a7e3.exe]
  ignore line: ["C:\Program Files\CMake\bin\cmake.exe" -E cmake_link_script CMakeFiles\cmTC_2a7e3.dir\link.txt --verbose=1]
  ignore line: ["C:\Program Files\CMake\bin\cmake.exe" -E remove -f CMakeFiles\cmTC_2a7e3.dir/objects.a]
  ignore line: [C:\Qt\Tools\mingw530_32\bin\ar.exe cr CMakeFiles\cmTC_2a7e3.dir/objects.a @CMakeFiles\cmTC_2a7e3.dir\objects1.rsp]
  ignore line: [C:\Qt\Tools\mingw530_32\bin\g++.exe      -v -Wl,--whole-archive CMakeFiles\cmTC_2a7e3.dir/objects.a -Wl,--no-whole-archive  -o cmTC_2a7e3.exe -Wl,--out-implib,libcmTC_2a7e3.dll.a -Wl,--major-image-version,0,--minor-image-version,0   ]
  ignore line: [Using built-in specs.]
  ignore line: [COLLECT_GCC=C:\Qt\Tools\mingw530_32\bin\g++.exe]
  ignore line: [COLLECT_LTO_WRAPPER=C:/Qt/Tools/mingw530_32/bin/../libexec/gcc/i686-w64-mingw32/5.3.0/lto-wrapper.exe]
  ignore line: [Target: i686-w64-mingw32]
  ignore line: [Configured with: ../../../src/gcc-5.3.0/configure --host=i686-w64-mingw32 --build=i686-w64-mingw32 --target=i686-w64-mingw32 --prefix=/mingw32 --with-sysroot=/c/mingw530/i686-530-posix-dwarf-rt_v4-rev0/mingw32 --with-gxx-include-dir=/mingw32/i686-w64-mingw32/include/c++ --enable-shared --enable-static --disable-multilib --enable-languages=c,c++,fortran,lto --enable-libstdcxx-time=yes --enable-threads=posix --enable-libgomp --enable-libatomic --enable-lto --enable-graphite --enable-checking=release --enable-fully-dynamic-string --enable-version-specific-runtime-libs --disable-sjlj-exceptions --with-dwarf2 --disable-isl-version-check --disable-libstdcxx-pch --disable-libstdcxx-debug --enable-bootstrap --disable-rpath --disable-win32-registry --disable-nls --disable-werror --disable-symvers --with-gnu-as --with-gnu-ld --with-arch=i686 --with-tune=generic --with-libiconv --with-system-zlib --with-gmp=/c/mingw530/prerequisites/i686-w64-mingw32-static --with-mpfr=/c/mingw530/prerequisites/i686-w64-mingw32-static --with-mpc=/c/mingw530/prerequisites/i686-w64-mingw32-static --with-isl=/c/mingw530/prerequisites/i686-w64-mingw32-static --with-pkgversion='i686-posix-dwarf-rev0, Built by MinGW-W64 project' --with-bugurl=http://sourceforge.net/projects/mingw-w64 CFLAGS='-O2 -pipe -I/c/mingw530/i686-530-posix-dwarf-rt_v4-rev0/mingw32/opt/include -I/c/mingw530/prerequisites/i686-zlib-static/include -I/c/mingw530/prerequisites/i686-w64-mingw32-static/include' CXXFLAGS='-O2 -pipe -I/c/mingw530/i686-530-posix-dwarf-rt_v4-rev0/mingw32/opt/include -I/c/mingw530/prerequisites/i686-zlib-static/include -I/c/mingw530/prerequisites/i686-w64-mingw32-static/include' CPPFLAGS= LDFLAGS='-pipe -L/c/mingw530/i686-530-posix-dwarf-rt_v4-rev0/mingw32/opt/lib -L/c/mingw530/prerequisites/i686-zlib-static/lib -L/c/mingw530/prerequisites/i686-w64-mingw32-static/lib -Wl,--large-address-aware']
  ignore line: [Thread model: posix]
  ignore line: [gcc version 5.3.0 (i686-posix-dwarf-rev0, Built by MinGW-W64 project) ]
  ignore line: [COMPILER_PATH=C:/Qt/Tools/mingw530_32/bin/../libexec/gcc/i686-w64-mingw32/5.3.0/]
  ignore line: [C:/Qt/Tools/mingw530_32/bin/../libexec/gcc/]
  ignore line: [C:/Qt/Tools/mingw530_32/bin/../lib/gcc/i686-w64-mingw32/5.3.0/../../../../i686-w64-mingw32/bin/]
  ignore line: [LIBRARY_PATH=C:/Qt/Tools/mingw530_32/bin/../lib/gcc/i686-w64-mingw32/5.3.0/]
  ignore line: [C:/Qt/Tools/mingw530_32/bin/../lib/gcc/]
  ignore line: [C:/Qt/Tools/mingw530_32/bin/../lib/gcc/i686-w64-mingw32/5.3.0/../../../../i686-w64-mingw32/lib/../lib/]
  ignore line: [C:/Qt/Tools/mingw530_32/bin/../lib/gcc/i686-w64-mingw32/5.3.0/../../../../lib/]
  ignore line: [C:/Qt/Tools/mingw530_32/bin/../lib/gcc/i686-w64-mingw32/5.3.0/../../../../i686-w64-mingw32/lib/]
  ignore line: [C:/Qt/Tools/mingw530_32/bin/../lib/gcc/i686-w64-mingw32/5.3.0/../../../]
  ignore line: [COLLECT_GCC_OPTIONS='-v' '-o' 'cmTC_2a7e3.exe' '-shared-libgcc' '-mtune=generic' '-march=i686']
  link line: [ C:/Qt/Tools/mingw530_32/bin/../libexec/gcc/i686-w64-mingw32/5.3.0/collect2.exe -plugin C:/Qt/Tools/mingw530_32/bin/../libexec/gcc/i686-w64-mingw32/5.3.0/liblto_plugin-0.dll -plugin-opt=C:/Qt/Tools/mingw530_32/bin/../libexec/gcc/i686-w64-mingw32/5.3.0/lto-wrapper.exe -plugin-opt=-fresolution=C:\Users\THP\AppData\Local\Temp\cc7Kvn0L.res -plugin-opt=-pass-through=-lmingw32 -plugin-opt=-pass-through=-lgcc_s -plugin-opt=-pass-through=-lgcc -plugin-opt=-pass-through=-lmoldname -plugin-opt=-pass-through=-lmingwex -plugin-opt=-pass-through=-lmsvcrt -plugin-opt=-pass-through=-lpthread -plugin-opt=-pass-through=-ladvapi32 -plugin-opt=-pass-through=-lshell32 -plugin-opt=-pass-through=-luser32 -plugin-opt=-pass-through=-lkernel32 -plugin-opt=-pass-through=-liconv -plugin-opt=-pass-through=-lmingw32 -plugin-opt=-pass-through=-lgcc_s -plugin-opt=-pass-through=-lgcc -plugin-opt=-pass-through=-lmoldname -plugin-opt=-pass-through=-lmingwex -plugin-opt=-pass-through=-lmsvcrt --sysroot=C:/mingw530/i686-530-posix-dwarf-rt_v4-rev0/mingw32 -m i386pe -Bdynamic -u ___register_frame_info -u ___deregister_frame_info -o cmTC_2a7e3.exe C:/Qt/Tools/mingw530_32/bin/../lib/gcc/i686-w64-mingw32/5.3.0/../../../../i686-w64-mingw32/lib/../lib/crt2.o C:/Qt/Tools/mingw530_32/bin/../lib/gcc/i686-w64-mingw32/5.3.0/crtbegin.o -LC:/Qt/Tools/mingw530_32/bin/../lib/gcc/i686-w64-mingw32/5.3.0 -LC:/Qt/Tools/mingw530_32/bin/../lib/gcc -LC:/Qt/Tools/mingw530_32/bin/../lib/gcc/i686-w64-mingw32/5.3.0/../../../../i686-w64-mingw32/lib/../lib -LC:/Qt/Tools/mingw530_32/bin/../lib/gcc/i686-w64-mingw32/5.3.0/../../../../lib -LC:/Qt/Tools/mingw530_32/bin/../lib/gcc/i686-w64-mingw32/5.3.0/../../../../i686-w64-mingw32/lib -LC:/Qt/Tools/mingw530_32/bin/../lib/gcc/i686-w64-mingw32/5.3.0/../../.. --whole-archive CMakeFiles\cmTC_2a7e3.dir/objects.a --no-whole-archive --out-implib libcmTC_2a7e3.dll.a --major-image-version 0 --minor-image-version 0 -lstdc++ -lmingw32 -lgcc_s -lgcc -lmoldname -lmingwex -lmsvcrt -lpthread -ladvapi32 -lshell32 -luser32 -lkernel32 -liconv -lmingw32 -lgcc_s -lgcc -lmoldname -lmingwex -lmsvcrt C:/Qt/Tools/mingw530_32/bin/../lib/gcc/i686-w64-mingw32/5.3.0/crtend.o]
    arg [C:/Qt/Tools/mingw530_32/bin/../libexec/gcc/i686-w64-mingw32/5.3.0/collect2.exe] ==> ignore
    arg [-plugin] ==> ignore
    arg [C:/Qt/Tools/mingw530_32/bin/../libexec/gcc/i686-w64-mingw32/5.3.0/liblto_plugin-0.dll] ==> ignore
    arg [-plugin-opt=C:/Qt/Tools/mingw530_32/bin/../libexec/gcc/i686-w64-mingw32/5.3.0/lto-wrapper.exe] ==> ignore
    arg [-plugin-opt=-fresolution=C:\Users\THP\AppData\Local\Temp\cc7Kvn0L.res] ==> ignore
    arg [-plugin-opt=-pass-through=-lmingw32] ==> ignore
    arg [-plugin-opt=-pass-through=-lgcc_s] ==> ignore
    arg [-plugin-opt=-pass-through=-lgcc] ==> ignore
    arg [-plugin-opt=-pass-through=-lmoldname] ==> ignore
    arg [-plugin-opt=-pass-through=-lmingwex] ==> ignore
    arg [-plugin-opt=-pass-through=-lmsvcrt] ==> ignore
    arg [-plugin-opt=-pass-through=-lpthread] ==> ignore
    arg [-plugin-opt=-pass-through=-ladvapi32] ==> ignore
    arg [-plugin-opt=-pass-through=-lshell32] ==> ignore
    arg [-plugin-opt=-pass-through=-luser32] ==> ignore
    arg [-plugin-opt=-pass-through=-lkernel32] ==> ignore
    arg [-plugin-opt=-pass-through=-liconv] ==> ignore
    arg [-plugin-opt=-pass-through=-lmingw32] ==> ignore
    arg [-plugin-opt=-pass-through=-lgcc_s] ==> ignore
    arg [-plugin-opt=-pass-through=-lgcc] ==> ignore
    arg [-plugin-opt=-pass-through=-lmoldname] ==> ignore
    arg [-plugin-opt=-pass-through=-lmingwex] ==> ignore
    arg [-plugin-opt=-pass-through=-lmsvcrt] ==> ignore
    arg [--sysroot=C:/mingw530/i686-530-posix-dwarf-rt_v4-rev0/mingw32] ==> ignore
    arg [-m] ==> ignore
    arg [i386pe] ==> ignore
    arg [-Bdynamic] ==> ignore
    arg [-u] ==> ignore
    arg [___register_frame_info] ==> ignore
    arg [-u] ==> ignore
    arg [___deregister_frame_info] ==> ignore
    arg [-o] ==> ignore
    arg [cmTC_2a7e3.exe] ==> ignore
    arg [C:/Qt/Tools/mingw530_32/bin/../lib/gcc/i686-w64-mingw32/5.3.0/../../../../i686-w64-mingw32/lib/../lib/crt2.o] ==> ignore
    arg [C:/Qt/Tools/mingw530_32/bin/../lib/gcc/i686-w64-mingw32/5.3.0/crtbegin.o] ==> ignore
    arg [-LC:/Qt/Tools/mingw530_32/bin/../lib/gcc/i686-w64-mingw32/5.3.0] ==> dir [C:/Qt/Tools/mingw530_32/bin/../lib/gcc/i686-w64-mingw32/5.3.0]
    arg [-LC:/Qt/Tools/mingw530_32/bin/../lib/gcc] ==> dir [C:/Qt/Tools/mingw530_32/bin/../lib/gcc]
    arg [-LC:/Qt/Tools/mingw530_32/bin/../lib/gcc/i686-w64-mingw32/5.3.0/../../../../i686-w64-mingw32/lib/../lib] ==> dir [C:/Qt/Tools/mingw530_32/bin/../lib/gcc/i686-w64-mingw32/5.3.0/../../../../i686-w64-mingw32/lib/../lib]
    arg [-LC:/Qt/Tools/mingw530_32/bin/../lib/gcc/i686-w64-mingw32/5.3.0/../../../../lib] ==> dir [C:/Qt/Tools/mingw530_32/bin/../lib/gcc/i686-w64-mingw32/5.3.0/../../../../lib]
    arg [-LC:/Qt/Tools/mingw530_32/bin/../lib/gcc/i686-w64-mingw32/5.3.0/../../../../i686-w64-mingw32/lib] ==> dir [C:/Qt/Tools/mingw530_32/bin/../lib/gcc/i686-w64-mingw32/5.3.0/../../../../i686-w64-mingw32/lib]
    arg [-LC:/Qt/Tools/mingw530_32/bin/../lib/gcc/i686-w64-mingw32/5.3.0/../../..] ==> dir [C:/Qt/Tools/mingw530_32/bin/../lib/gcc/i686-w64-mingw32/5.3.0/../../..]
    arg [--whole-archive] ==> ignore
    arg [CMakeFiles\cmTC_2a7e3.dir/objects.a] ==> ignore
    arg [--no-whole-archive] ==> ignore
    arg [--out-implib] ==> ignore
    arg [libcmTC_2a7e3.dll.a] ==> ignore
    arg [--major-image-version] ==> ignore
    arg [0] ==> ignore
    arg [--minor-image-version] ==> ignore
    arg [0] ==> ignore
    arg [-lstdc++] ==> lib [stdc++]
    arg [-lmingw32] ==> lib [mingw32]
    arg [-lgcc_s] ==> lib [gcc_s]
    arg [-lgcc] ==> lib [gcc]
    arg [-lmoldname] ==> lib [moldname]
    arg [-lmingwex] ==> lib [mingwex]
    arg [-lmsvcrt] ==> lib [msvcrt]
    arg [-lpthread] ==> lib [pthread]
    arg [-ladvapi32] ==> lib [advapi32]
    arg [-lshell32] ==> lib [shell32]
    arg [-luser32] ==> lib [user32]
    arg [-lkernel32] ==> lib [kernel32]
    arg [-liconv] ==> lib [iconv]
    arg [-lmingw32] ==> lib [mingw32]
    arg [-lgcc_s] ==> lib [gcc_s]
    arg [-lgcc] ==> lib [gcc]
    arg [-lmoldname] ==> lib [moldname]
    arg [-lmingwex] ==> lib [mingwex]
    arg [-lmsvcrt] ==> lib [msvcrt]
    arg [C:/Qt/Tools/mingw530_32/bin/../lib/gcc/i686-w64-mingw32/5.3.0/crtend.o] ==> ignore
  remove lib [gcc_s]
  remove lib [gcc]
  remove lib [gcc_s]
  remove lib [gcc]
  collapse library dir [C:/Qt/Tools/mingw530_32/bin/../lib/gcc/i686-w64-mingw32/5.3.0] ==> [C:/Qt/Tools/mingw530_32/lib/gcc/i686-w64-mingw32/5.3.0]
  collapse library dir [C:/Qt/Tools/mingw530_32/bin/../lib/gcc] ==> [C:/Qt/Tools/mingw530_32/lib/gcc]
  collapse library dir [C:/Qt/Tools/mingw530_32/bin/../lib/gcc/i686-w64-mingw32/5.3.0/../../../../i686-w64-mingw32/lib/../lib] ==> [C:/Qt/Tools/mingw530_32/i686-w64-mingw32/lib]
  collapse library dir [C:/Qt/Tools/mingw530_32/bin/../lib/gcc/i686-w64-mingw32/5.3.0/../../../../lib] ==> [C:/Qt/Tools/mingw530_32/lib]
  collapse library dir [C:/Qt/Tools/mingw530_32/bin/../lib/gcc/i686-w64-mingw32/5.3.0/../../../../i686-w64-mingw32/lib] ==> [C:/Qt/Tools/mingw530_32/i686-w64-mingw32/lib]
  collapse library dir [C:/Qt/Tools/mingw530_32/bin/../lib/gcc/i686-w64-mingw32/5.3.0/../../..] ==> [C:/Qt/Tools/mingw530_32/lib]
  implicit libs: [stdc++;mingw32;moldname;mingwex;msvcrt;pthread;advapi32;shell32;user32;kernel32;iconv;mingw32;moldname;mingwex;msvcrt]
  implicit dirs: [C:/Qt/Tools/mingw530_32/lib/gcc/i686-w64-mingw32/5.3.0;C:/Qt/Tools/mingw530_32/lib/gcc;C:/Qt/Tools/mingw530_32/i686-w64-mingw32/lib;C:/Qt/Tools/mingw530_32/lib]
  implicit fwks: []




Detecting CXX [-std=c++14] compiler features compiled with the following output:
Change Dir: C:/Users/THP/Desktop/Unibern/2018_02/Subjects/C_plus_plus_II/Project_Pincinato/build-EyeTracking-Desktop_Qt_5_10_0_MinGW_32bit-Default/CMakeFiles/CMakeTmp

Run Build Command:"C:/Qt/Tools/mingw530_32/bin/mingw32-make.exe" "cmTC_dd8e9/fast"
C:/Qt/Tools/mingw530_32/bin/mingw32-make.exe -f CMakeFiles\cmTC_dd8e9.dir\build.make CMakeFiles/cmTC_dd8e9.dir/build
mingw32-make.exe[1]: Entering directory 'C:/Users/THP/Desktop/Unibern/2018_02/Subjects/C_plus_plus_II/Project_Pincinato/build-EyeTracking-Desktop_Qt_5_10_0_MinGW_32bit-Default/CMakeFiles/CMakeTmp'
Building CXX object CMakeFiles/cmTC_dd8e9.dir/feature_tests.cxx.obj
C:\Qt\Tools\mingw530_32\bin\g++.exe     -std=c++14 -o CMakeFiles\cmTC_dd8e9.dir\feature_tests.cxx.obj -c C:\Users\THP\Desktop\Unibern\2018_02\Subjects\C_plus_plus_II\Project_Pincinato\build-EyeTracking-Desktop_Qt_5_10_0_MinGW_32bit-Default\CMakeFiles\feature_tests.cxx
Linking CXX executable cmTC_dd8e9.exe
"C:\Program Files\CMake\bin\cmake.exe" -E cmake_link_script CMakeFiles\cmTC_dd8e9.dir\link.txt --verbose=1
"C:\Program Files\CMake\bin\cmake.exe" -E remove -f CMakeFiles\cmTC_dd8e9.dir/objects.a
C:\Qt\Tools\mingw530_32\bin\ar.exe cr CMakeFiles\cmTC_dd8e9.dir/objects.a @CMakeFiles\cmTC_dd8e9.dir\objects1.rsp
C:\Qt\Tools\mingw530_32\bin\g++.exe       -Wl,--whole-archive CMakeFiles\cmTC_dd8e9.dir/objects.a -Wl,--no-whole-archive  -o cmTC_dd8e9.exe -Wl,--out-implib,libcmTC_dd8e9.dll.a -Wl,--major-image-version,0,--minor-image-version,0 @CMakeFiles\cmTC_dd8e9.dir\linklibs.rsp
mingw32-make.exe[1]: Leaving directory 'C:/Users/THP/Desktop/Unibern/2018_02/Subjects/C_plus_plus_II/Project_Pincinato/build-EyeTracking-Desktop_Qt_5_10_0_MinGW_32bit-Default/CMakeFiles/CMakeTmp'


    Feature record: CXX_FEATURE:1cxx_aggregate_default_initializers
    Feature record: CXX_FEATURE:1cxx_alias_templates
    Feature record: CXX_FEATURE:1cxx_alignas
    Feature record: CXX_FEATURE:1cxx_alignof
    Feature record: CXX_FEATURE:1cxx_attributes
    Feature record: CXX_FEATURE:1cxx_attribute_deprecated
    Feature record: CXX_FEATURE:1cxx_auto_type
    Feature record: CXX_FEATURE:1cxx_binary_literals
    Feature record: CXX_FEATURE:1cxx_constexpr
    Feature record: CXX_FEATURE:1cxx_contextual_conversions
    Feature record: CXX_FEATURE:1cxx_decltype
    Feature record: CXX_FEATURE:1cxx_decltype_auto
    Feature record: CXX_FEATURE:1cxx_decltype_incomplete_return_types
    Feature record: CXX_FEATURE:1cxx_default_function_template_args
    Feature record: CXX_FEATURE:1cxx_defaulted_functions
    Feature record: CXX_FEATURE:1cxx_defaulted_move_initializers
    Feature record: CXX_FEATURE:1cxx_delegating_constructors
    Feature record: CXX_FEATURE:1cxx_deleted_functions
    Feature record: CXX_FEATURE:1cxx_digit_separators
    Feature record: CXX_FEATURE:1cxx_enum_forward_declarations
    Feature record: CXX_FEATURE:1cxx_explicit_conversions
    Feature record: CXX_FEATURE:1cxx_extended_friend_declarations
    Feature record: CXX_FEATURE:1cxx_extern_templates
    Feature record: CXX_FEATURE:1cxx_final
    Feature record: CXX_FEATURE:1cxx_func_identifier
    Feature record: CXX_FEATURE:1cxx_generalized_initializers
    Feature record: CXX_FEATURE:1cxx_generic_lambdas
    Feature record: CXX_FEATURE:1cxx_inheriting_constructors
    Feature record: CXX_FEATURE:1cxx_inline_namespaces
    Feature record: CXX_FEATURE:1cxx_lambdas
    Feature record: CXX_FEATURE:1cxx_lambda_init_captures
    Feature record: CXX_FEATURE:1cxx_local_type_template_args
    Feature record: CXX_FEATURE:1cxx_long_long_type
    Feature record: CXX_FEATURE:1cxx_noexcept
    Feature record: CXX_FEATURE:1cxx_nonstatic_member_init
    Feature record: CXX_FEATURE:1cxx_nullptr
    Feature record: CXX_FEATURE:1cxx_override
    Feature record: CXX_FEATURE:1cxx_range_for
    Feature record: CXX_FEATURE:1cxx_raw_string_literals
    Feature record: CXX_FEATURE:1cxx_reference_qualified_functions
    Feature record: CXX_FEATURE:1cxx_relaxed_constexpr
    Feature record: CXX_FEATURE:1cxx_return_type_deduction
    Feature record: CXX_FEATURE:1cxx_right_angle_brackets
    Feature record: CXX_FEATURE:1cxx_rvalue_references
    Feature record: CXX_FEATURE:1cxx_sizeof_member
    Feature record: CXX_FEATURE:1cxx_static_assert
    Feature record: CXX_FEATURE:1cxx_strong_enums
    Feature record: CXX_FEATURE:1cxx_template_template_parameters
    Feature record: CXX_FEATURE:1cxx_thread_local
    Feature record: CXX_FEATURE:1cxx_trailing_return_types
    Feature record: CXX_FEATURE:1cxx_unicode_literals
    Feature record: CXX_FEATURE:1cxx_uniform_initialization
    Feature record: CXX_FEATURE:1cxx_unrestricted_unions
    Feature record: CXX_FEATURE:1cxx_user_literals
    Feature record: CXX_FEATURE:1cxx_variable_templates
    Feature record: CXX_FEATURE:1cxx_variadic_macros
    Feature record: CXX_FEATURE:1cxx_variadic_templates


Detecting CXX [-std=c++11] compiler features compiled with the following output:
Change Dir: C:/Users/THP/Desktop/Unibern/2018_02/Subjects/C_plus_plus_II/Project_Pincinato/build-EyeTracking-Desktop_Qt_5_10_0_MinGW_32bit-Default/CMakeFiles/CMakeTmp

Run Build Command:"C:/Qt/Tools/mingw530_32/bin/mingw32-make.exe" "cmTC_f8500/fast"
C:/Qt/Tools/mingw530_32/bin/mingw32-make.exe -f CMakeFiles\cmTC_f8500.dir\build.make CMakeFiles/cmTC_f8500.dir/build
mingw32-make.exe[1]: Entering directory 'C:/Users/THP/Desktop/Unibern/2018_02/Subjects/C_plus_plus_II/Project_Pincinato/build-EyeTracking-Desktop_Qt_5_10_0_MinGW_32bit-Default/CMakeFiles/CMakeTmp'
Building CXX object CMakeFiles/cmTC_f8500.dir/feature_tests.cxx.obj
C:\Qt\Tools\mingw530_32\bin\g++.exe     -std=c++11 -o CMakeFiles\cmTC_f8500.dir\feature_tests.cxx.obj -c C:\Users\THP\Desktop\Unibern\2018_02\Subjects\C_plus_plus_II\Project_Pincinato\build-EyeTracking-Desktop_Qt_5_10_0_MinGW_32bit-Default\CMakeFiles\feature_tests.cxx
Linking CXX executable cmTC_f8500.exe
"C:\Program Files\CMake\bin\cmake.exe" -E cmake_link_script CMakeFiles\cmTC_f8500.dir\link.txt --verbose=1
"C:\Program Files\CMake\bin\cmake.exe" -E remove -f CMakeFiles\cmTC_f8500.dir/objects.a
C:\Qt\Tools\mingw530_32\bin\ar.exe cr CMakeFiles\cmTC_f8500.dir/objects.a @CMakeFiles\cmTC_f8500.dir\objects1.rsp
C:\Qt\Tools\mingw530_32\bin\g++.exe       -Wl,--whole-archive CMakeFiles\cmTC_f8500.dir/objects.a -Wl,--no-whole-archive  -o cmTC_f8500.exe -Wl,--out-implib,libcmTC_f8500.dll.a -Wl,--major-image-version,0,--minor-image-version,0 @CMakeFiles\cmTC_f8500.dir\linklibs.rsp
mingw32-make.exe[1]: Leaving directory 'C:/Users/THP/Desktop/Unibern/2018_02/Subjects/C_plus_plus_II/Project_Pincinato/build-EyeTracking-Desktop_Qt_5_10_0_MinGW_32bit-Default/CMakeFiles/CMakeTmp'


    Feature record: CXX_FEATURE:0cxx_aggregate_default_initializers
    Feature record: CXX_FEATURE:1cxx_alias_templates
    Feature record: CXX_FEATURE:1cxx_alignas
    Feature record: CXX_FEATURE:1cxx_alignof
    Feature record: CXX_FEATURE:1cxx_attributes
    Feature record: CXX_FEATURE:0cxx_attribute_deprecated
    Feature record: CXX_FEATURE:1cxx_auto_type
    Feature record: CXX_FEATURE:0cxx_binary_literals
    Feature record: CXX_FEATURE:1cxx_constexpr
    Feature record: CXX_FEATURE:0cxx_contextual_conversions
    Feature record: CXX_FEATURE:1cxx_decltype
    Feature record: CXX_FEATURE:0cxx_decltype_auto
    Feature record: CXX_FEATURE:1cxx_decltype_incomplete_return_types
    Feature record: CXX_FEATURE:1cxx_default_function_template_args
    Feature record: CXX_FEATURE:1cxx_defaulted_functions
    Feature record: CXX_FEATURE:1cxx_defaulted_move_initializers
    Feature record: CXX_FEATURE:1cxx_delegating_constructors
    Feature record: CXX_FEATURE:1cxx_deleted_functions
    Feature record: CXX_FEATURE:0cxx_digit_separators
    Feature record: CXX_FEATURE:1cxx_enum_forward_declarations
    Feature record: CXX_FEATURE:1cxx_explicit_conversions
    Feature record: CXX_FEATURE:1cxx_extended_friend_declarations
    Feature record: CXX_FEATURE:1cxx_extern_templates
    Feature record: CXX_FEATURE:1cxx_final
    Feature record: CXX_FEATURE:1cxx_func_identifier
    Feature record: CXX_FEATURE:1cxx_generalized_initializers
    Feature record: CXX_FEATURE:0cxx_generic_lambdas
    Feature record: CXX_FEATURE:1cxx_inheriting_constructors
    Feature record: CXX_FEATURE:1cxx_inline_namespaces
    Feature record: CXX_FEATURE:1cxx_lambdas
    Feature record: CXX_FEATURE:0cxx_lambda_init_captures
    Feature record: CXX_FEATURE:1cxx_local_type_template_args
    Feature record: CXX_FEATURE:1cxx_long_long_type
    Feature record: CXX_FEATURE:1cxx_noexcept
    Feature record: CXX_FEATURE:1cxx_nonstatic_member_init
    Feature record: CXX_FEATURE:1cxx_nullptr
    Feature record: CXX_FEATURE:1cxx_override
    Feature record: CXX_FEATURE:1cxx_range_for
    Feature record: CXX_FEATURE:1cxx_raw_string_literals
    Feature record: CXX_FEATURE:1cxx_reference_qualified_functions
    Feature record: CXX_FEATURE:0cxx_relaxed_constexpr
    Feature record: CXX_FEATURE:0cxx_return_type_deduction
    Feature record: CXX_FEATURE:1cxx_right_angle_brackets
    Feature record: CXX_FEATURE:1cxx_rvalue_references
    Feature record: CXX_FEATURE:1cxx_sizeof_member
    Feature record: CXX_FEATURE:1cxx_static_assert
    Feature record: CXX_FEATURE:1cxx_strong_enums
    Feature record: CXX_FEATURE:1cxx_template_template_parameters
    Feature record: CXX_FEATURE:1cxx_thread_local
    Feature record: CXX_FEATURE:1cxx_trailing_return_types
    Feature record: CXX_FEATURE:1cxx_unicode_literals
    Feature record: CXX_FEATURE:1cxx_uniform_initialization
    Feature record: CXX_FEATURE:1cxx_unrestricted_unions
    Feature record: CXX_FEATURE:1cxx_user_literals
    Feature record: CXX_FEATURE:0cxx_variable_templates
    Feature record: CXX_FEATURE:1cxx_variadic_macros
    Feature record: CXX_FEATURE:1cxx_variadic_templates


Detecting CXX [-std=c++98] compiler features compiled with the following output:
Change Dir: C:/Users/THP/Desktop/Unibern/2018_02/Subjects/C_plus_plus_II/Project_Pincinato/build-EyeTracking-Desktop_Qt_5_10_0_MinGW_32bit-Default/CMakeFiles/CMakeTmp

Run Build Command:"C:/Qt/Tools/mingw530_32/bin/mingw32-make.exe" "cmTC_b5e4d/fast"
C:/Qt/Tools/mingw530_32/bin/mingw32-make.exe -f CMakeFiles\cmTC_b5e4d.dir\build.make CMakeFiles/cmTC_b5e4d.dir/build
mingw32-make.exe[1]: Entering directory 'C:/Users/THP/Desktop/Unibern/2018_02/Subjects/C_plus_plus_II/Project_Pincinato/build-EyeTracking-Desktop_Qt_5_10_0_MinGW_32bit-Default/CMakeFiles/CMakeTmp'
Building CXX object CMakeFiles/cmTC_b5e4d.dir/feature_tests.cxx.obj
C:\Qt\Tools\mingw530_32\bin\g++.exe     -std=c++98 -o CMakeFiles\cmTC_b5e4d.dir\feature_tests.cxx.obj -c C:\Users\THP\Desktop\Unibern\2018_02\Subjects\C_plus_plus_II\Project_Pincinato\build-EyeTracking-Desktop_Qt_5_10_0_MinGW_32bit-Default\CMakeFiles\feature_tests.cxx
Linking CXX executable cmTC_b5e4d.exe
"C:\Program Files\CMake\bin\cmake.exe" -E cmake_link_script CMakeFiles\cmTC_b5e4d.dir\link.txt --verbose=1
"C:\Program Files\CMake\bin\cmake.exe" -E remove -f CMakeFiles\cmTC_b5e4d.dir/objects.a
C:\Qt\Tools\mingw530_32\bin\ar.exe cr CMakeFiles\cmTC_b5e4d.dir/objects.a @CMakeFiles\cmTC_b5e4d.dir\objects1.rsp
C:\Qt\Tools\mingw530_32\bin\g++.exe       -Wl,--whole-archive CMakeFiles\cmTC_b5e4d.dir/objects.a -Wl,--no-whole-archive  -o cmTC_b5e4d.exe -Wl,--out-implib,libcmTC_b5e4d.dll.a -Wl,--major-image-version,0,--minor-image-version,0 @CMakeFiles\cmTC_b5e4d.dir\linklibs.rsp
mingw32-make.exe[1]: Leaving directory 'C:/Users/THP/Desktop/Unibern/2018_02/Subjects/C_plus_plus_II/Project_Pincinato/build-EyeTracking-Desktop_Qt_5_10_0_MinGW_32bit-Default/CMakeFiles/CMakeTmp'


    Feature record: CXX_FEATURE:0cxx_aggregate_default_initializers
    Feature record: CXX_FEATURE:0cxx_alias_templates
    Feature record: CXX_FEATURE:0cxx_alignas
    Feature record: CXX_FEATURE:0cxx_alignof
    Feature record: CXX_FEATURE:0cxx_attributes
    Feature record: CXX_FEATURE:0cxx_attribute_deprecated
    Feature record: CXX_FEATURE:0cxx_auto_type
    Feature record: CXX_FEATURE:0cxx_binary_literals
    Feature record: CXX_FEATURE:0cxx_constexpr
    Feature record: CXX_FEATURE:0cxx_contextual_conversions
    Feature record: CXX_FEATURE:0cxx_decltype
    Feature record: CXX_FEATURE:0cxx_decltype_auto
    Feature record: CXX_FEATURE:0cxx_decltype_incomplete_return_types
    Feature record: CXX_FEATURE:0cxx_default_function_template_args
    Feature record: CXX_FEATURE:0cxx_defaulted_functions
    Feature record: CXX_FEATURE:0cxx_defaulted_move_initializers
    Feature record: CXX_FEATURE:0cxx_delegating_constructors
    Feature record: CXX_FEATURE:0cxx_deleted_functions
    Feature record: CXX_FEATURE:0cxx_digit_separators
    Feature record: CXX_FEATURE:0cxx_enum_forward_declarations
    Feature record: CXX_FEATURE:0cxx_explicit_conversions
    Feature record: CXX_FEATURE:0cxx_extended_friend_declarations
    Feature record: CXX_FEATURE:0cxx_extern_templates
    Feature record: CXX_FEATURE:0cxx_final
    Feature record: CXX_FEATURE:0cxx_func_identifier
    Feature record: CXX_FEATURE:0cxx_generalized_initializers
    Feature record: CXX_FEATURE:0cxx_generic_lambdas
    Feature record: CXX_FEATURE:0cxx_inheriting_constructors
    Feature record: CXX_FEATURE:0cxx_inline_namespaces
    Feature record: CXX_FEATURE:0cxx_lambdas
    Feature record: CXX_FEATURE:0cxx_lambda_init_captures
    Feature record: CXX_FEATURE:0cxx_local_type_template_args
    Feature record: CXX_FEATURE:0cxx_long_long_type
    Feature record: CXX_FEATURE:0cxx_noexcept
    Feature record: CXX_FEATURE:0cxx_nonstatic_member_init
    Feature record: CXX_FEATURE:0cxx_nullptr
    Feature record: CXX_FEATURE:0cxx_override
    Feature record: CXX_FEATURE:0cxx_range_for
    Feature record: CXX_FEATURE:0cxx_raw_string_literals
    Feature record: CXX_FEATURE:0cxx_reference_qualified_functions
    Feature record: CXX_FEATURE:0cxx_relaxed_constexpr
    Feature record: CXX_FEATURE:0cxx_return_type_deduction
    Feature record: CXX_FEATURE:0cxx_right_angle_brackets
    Feature record: CXX_FEATURE:0cxx_rvalue_references
    Feature record: CXX_FEATURE:0cxx_sizeof_member
    Feature record: CXX_FEATURE:0cxx_static_assert
    Feature record: CXX_FEATURE:0cxx_strong_enums
    Feature record: CXX_FEATURE:1cxx_template_template_parameters
    Feature record: CXX_FEATURE:0cxx_thread_local
    Feature record: CXX_FEATURE:0cxx_trailing_return_types
    Feature record: CXX_FEATURE:0cxx_unicode_literals
    Feature record: CXX_FEATURE:0cxx_uniform_initialization
    Feature record: CXX_FEATURE:0cxx_unrestricted_unions
    Feature record: CXX_FEATURE:0cxx_user_literals
    Feature record: CXX_FEATURE:0cxx_variable_templates
    Feature record: CXX_FEATURE:0cxx_variadic_macros
    Feature record: CXX_FEATURE:0cxx_variadic_templates
Determining if the include file pthread.h exists passed with the following output:
Change Dir: C:/Users/THP/Desktop/Unibern/2018_02/Subjects/C_plus_plus_II/Project_Pincinato/build-EyeTracking-Desktop_Qt_5_10_0_MinGW_32bit-Default/CMakeFiles/CMakeTmp

Run Build Command:"C:/Qt/Tools/mingw530_32/bin/mingw32-make.exe" "cmTC_ca3bd/fast"
C:/Qt/Tools/mingw530_32/bin/mingw32-make.exe -f CMakeFiles\cmTC_ca3bd.dir\build.make CMakeFiles/cmTC_ca3bd.dir/build
mingw32-make.exe[1]: Entering directory 'C:/Users/THP/Desktop/Unibern/2018_02/Subjects/C_plus_plus_II/Project_Pincinato/build-EyeTracking-Desktop_Qt_5_10_0_MinGW_32bit-Default/CMakeFiles/CMakeTmp'
Building C object CMakeFiles/cmTC_ca3bd.dir/CheckIncludeFile.c.obj
C:\Qt\Tools\mingw530_32\bin\gcc.exe     -o CMakeFiles\cmTC_ca3bd.dir\CheckIncludeFile.c.obj   -c C:\Users\THP\Desktop\Unibern\2018_02\Subjects\C_plus_plus_II\Project_Pincinato\build-EyeTracking-Desktop_Qt_5_10_0_MinGW_32bit-Default\CMakeFiles\CMakeTmp\CheckIncludeFile.c
Linking C executable cmTC_ca3bd.exe
"C:\Program Files\CMake\bin\cmake.exe" -E cmake_link_script CMakeFiles\cmTC_ca3bd.dir\link.txt --verbose=1
"C:\Program Files\CMake\bin\cmake.exe" -E remove -f CMakeFiles\cmTC_ca3bd.dir/objects.a
C:\Qt\Tools\mingw530_32\bin\ar.exe cr CMakeFiles\cmTC_ca3bd.dir/objects.a @CMakeFiles\cmTC_ca3bd.dir\objects1.rsp
C:\Qt\Tools\mingw530_32\bin\gcc.exe       -Wl,--whole-archive CMakeFiles\cmTC_ca3bd.dir/objects.a -Wl,--no-whole-archive  -o cmTC_ca3bd.exe -Wl,--out-implib,libcmTC_ca3bd.dll.a -Wl,--major-image-version,0,--minor-image-version,0 @CMakeFiles\cmTC_ca3bd.dir\linklibs.rsp
mingw32-make.exe[1]: Leaving directory 'C:/Users/THP/Desktop/Unibern/2018_02/Subjects/C_plus_plus_II/Project_Pincinato/build-EyeTracking-Desktop_Qt_5_10_0_MinGW_32bit-Default/CMakeFiles/CMakeTmp'


Determining if the pthread_create exist passed with the following output:
Change Dir: C:/Users/THP/Desktop/Unibern/2018_02/Subjects/C_plus_plus_II/Project_Pincinato/build-EyeTracking-Desktop_Qt_5_10_0_MinGW_32bit-Default/CMakeFiles/CMakeTmp

Run Build Command:"C:/Qt/Tools/mingw530_32/bin/mingw32-make.exe" "cmTC_39114/fast"
C:/Qt/Tools/mingw530_32/bin/mingw32-make.exe -f CMakeFiles\cmTC_39114.dir\build.make CMakeFiles/cmTC_39114.dir/build
mingw32-make.exe[1]: Entering directory 'C:/Users/THP/Desktop/Unibern/2018_02/Subjects/C_plus_plus_II/Project_Pincinato/build-EyeTracking-Desktop_Qt_5_10_0_MinGW_32bit-Default/CMakeFiles/CMakeTmp'
Building C object CMakeFiles/cmTC_39114.dir/CheckSymbolExists.c.obj
C:\Qt\Tools\mingw530_32\bin\gcc.exe     -o CMakeFiles\cmTC_39114.dir\CheckSymbolExists.c.obj   -c C:\Users\THP\Desktop\Unibern\2018_02\Subjects\C_plus_plus_II\Project_Pincinato\build-EyeTracking-Desktop_Qt_5_10_0_MinGW_32bit-Default\CMakeFiles\CMakeTmp\CheckSymbolExists.c
Linking C executable cmTC_39114.exe
"C:\Program Files\CMake\bin\cmake.exe" -E cmake_link_script CMakeFiles\cmTC_39114.dir\link.txt --verbose=1
"C:\Program Files\CMake\bin\cmake.exe" -E remove -f CMakeFiles\cmTC_39114.dir/objects.a
C:\Qt\Tools\mingw530_32\bin\ar.exe cr CMakeFiles\cmTC_39114.dir/objects.a @CMakeFiles\cmTC_39114.dir\objects1.rsp
C:\Qt\Tools\mingw530_32\bin\gcc.exe       -Wl,--whole-archive CMakeFiles\cmTC_39114.dir/objects.a -Wl,--no-whole-archive  -o cmTC_39114.exe -Wl,--out-implib,libcmTC_39114.dll.a -Wl,--major-image-version,0,--minor-image-version,0 @CMakeFiles\cmTC_39114.dir\linklibs.rsp
mingw32-make.exe[1]: Leaving directory 'C:/Users/THP/Desktop/Unibern/2018_02/Subjects/C_plus_plus_II/Project_Pincinato/build-EyeTracking-Desktop_Qt_5_10_0_MinGW_32bit-Default/CMakeFiles/CMakeTmp'

File C:/Users/THP/Desktop/Unibern/2018_02/Subjects/C_plus_plus_II/Project_Pincinato/build-EyeTracking-Desktop_Qt_5_10_0_MinGW_32bit-Default/CMakeFiles/CMakeTmp/CheckSymbolExists.c:
/* */
#include <pthread.h>

int main(int argc, char** argv)
{
  (void)argv;
#ifndef pthread_create
  return ((int*)(&pthread_create))[argc];
#else
  (void)argc;
  return 0;
#endif
}

